This is pdfTeX, Version 3.1415926-2.3-1.40.12 (MiKTeX 2.9) (preloaded format=latex 2016.6.8)  6 APR 2017 14:21
entering extended mode
**C:/Users/Taoheng/Desktop/SFBF/SFBF-submitted*to*TDKE*ieeetran-final_sub/20160
526.tex

("C:/Users/Taoheng/Desktop/SFBF/SFBF-submitted to TDKE ieeetran-final_sub/20160
526.tex"
LaTeX2e <2011/06/27>
Babel <v3.8m> and hyphenation patterns for loaded.

("C:\Users\Taoheng\Desktop\SFBF\SFBF-submitted to TDKE ieeetran-final_sub\IEEEt
ran.cls"
Document Class: IEEEtran 2015/08/26 V1.8b by Michael Shell
-- See the "IEEEtran_HOWTO" manual for usage information.
-- http://www.michaelshell.org/tex/ieeetran/
\@IEEEtrantmpdimenA=\dimen102
\@IEEEtrantmpdimenB=\dimen103
\@IEEEtrantmpdimenC=\dimen104
\@IEEEtrantmpcountA=\count79
\@IEEEtrantmpcountB=\count80
\@IEEEtrantmpcountC=\count81
\@IEEEtrantmptoksA=\toks14
LaTeX Font Info:    Try loading font information for OT1+ppl on input line 503.

(D:\CTEX\MiKTeX\tex\latex\psnfss\ot1ppl.fd
File: ot1ppl.fd 2001/06/04 font definitions for OT1/ppl.
)
-- Using IEEE Computer Society mode.
-- Using 8.5in x 11in (letter) paper.
-- Using DVI output.
\@IEEEnormalsizeunitybaselineskip=\dimen105
-- This is a 10 point document.
\CLASSINFOnormalsizebaselineskip=\dimen106
\CLASSINFOnormalsizeunitybaselineskip=\dimen107
\IEEEnormaljot=\dimen108
LaTeX Font Info:    Font shape `OT1/ppl/bx/n' in size <5.01874> not available
(Font)              Font shape `OT1/ppl/b/n' tried instead on input line 1090.
LaTeX Font Info:    Font shape `OT1/ppl/bx/it' in size <5.01874> not available
(Font)              Font shape `OT1/ppl/b/it' tried instead on input line 1090.

LaTeX Font Info:    Font shape `OT1/ppl/bx/n' in size <7.02625> not available
(Font)              Font shape `OT1/ppl/b/n' tried instead on input line 1090.
LaTeX Font Info:    Font shape `OT1/ppl/bx/it' in size <7.02625> not available
(Font)              Font shape `OT1/ppl/b/it' tried instead on input line 1090.

LaTeX Font Info:    Font shape `OT1/ppl/bx/n' in size <8.03> not available
(Font)              Font shape `OT1/ppl/b/n' tried instead on input line 1090.
LaTeX Font Info:    Font shape `OT1/ppl/bx/it' in size <8.03> not available
(Font)              Font shape `OT1/ppl/b/it' tried instead on input line 1090.

LaTeX Font Info:    Font shape `OT1/ppl/bx/n' in size <9.03374> not available
(Font)              Font shape `OT1/ppl/b/n' tried instead on input line 1090.
LaTeX Font Info:    Font shape `OT1/ppl/bx/it' in size <9.03374> not available
(Font)              Font shape `OT1/ppl/b/it' tried instead on input line 1090.

LaTeX Font Info:    Font shape `OT1/ppl/bx/n' in size <9.53561> not available
(Font)              Font shape `OT1/ppl/b/n' tried instead on input line 1090.
LaTeX Font Info:    Font shape `OT1/ppl/bx/it' in size <9.53561> not available
(Font)              Font shape `OT1/ppl/b/it' tried instead on input line 1090.

LaTeX Font Info:    Font shape `OT1/ppl/bx/n' in size <11.04124> not available
(Font)              Font shape `OT1/ppl/b/n' tried instead on input line 1090.
LaTeX Font Info:    Font shape `OT1/ppl/bx/it' in size <11.04124> not available

(Font)              Font shape `OT1/ppl/b/it' tried instead on input line 1090.

LaTeX Font Info:    Font shape `OT1/ppl/bx/n' in size <12.045> not available
(Font)              Font shape `OT1/ppl/b/n' tried instead on input line 1090.
LaTeX Font Info:    Font shape `OT1/ppl/bx/it' in size <12.045> not available
(Font)              Font shape `OT1/ppl/b/it' tried instead on input line 1090.

LaTeX Font Info:    Font shape `OT1/ppl/bx/n' in size <17.06374> not available
(Font)              Font shape `OT1/ppl/b/n' tried instead on input line 1090.
LaTeX Font Info:    Font shape `OT1/ppl/bx/it' in size <17.06374> not available

(Font)              Font shape `OT1/ppl/b/it' tried instead on input line 1090.

LaTeX Font Info:    Font shape `OT1/ppl/bx/n' in size <20.075> not available
(Font)              Font shape `OT1/ppl/b/n' tried instead on input line 1090.
LaTeX Font Info:    Font shape `OT1/ppl/bx/it' in size <20.075> not available
(Font)              Font shape `OT1/ppl/b/it' tried instead on input line 1090.

LaTeX Font Info:    Font shape `OT1/ppl/bx/n' in size <24.09> not available
(Font)              Font shape `OT1/ppl/b/n' tried instead on input line 1090.
LaTeX Font Info:    Font shape `OT1/ppl/bx/it' in size <24.09> not available
(Font)              Font shape `OT1/ppl/b/it' tried instead on input line 1090.

\IEEEquantizedlength=\dimen109
\IEEEquantizedlengthdiff=\dimen110
\IEEEquantizedtextheightdiff=\dimen111
\IEEEilabelindentA=\dimen112
\IEEEilabelindentB=\dimen113
\IEEEilabelindent=\dimen114
\IEEEelabelindent=\dimen115
\IEEEdlabelindent=\dimen116
\IEEElabelindent=\dimen117
\IEEEiednormlabelsep=\dimen118
\IEEEiedmathlabelsep=\dimen119
\IEEEiedtopsep=\skip41
\c@section=\count82
\c@subsection=\count83
\c@subsubsection=\count84
\c@paragraph=\count85
\c@IEEEsubequation=\count86
\abovecaptionskip=\skip42
\belowcaptionskip=\skip43
\c@figure=\count87
\c@table=\count88
\@IEEEeqnnumcols=\count89
\@IEEEeqncolcnt=\count90
\@IEEEsubeqnnumrollback=\count91
\@IEEEquantizeheightA=\dimen120
\@IEEEquantizeheightB=\dimen121
\@IEEEquantizeheightC=\dimen122
\@IEEEquantizeprevdepth=\dimen123
\@IEEEquantizemultiple=\count92
\@IEEEquantizeboxA=\box26
\@IEEEtmpitemindent=\dimen124
\IEEEPARstartletwidth=\dimen125
\c@IEEEbiography=\count93
\@IEEEtranrubishbin=\box27
) (D:\CTEX\MiKTeX\tex\latex\amsfonts\amssymb.sty
Package: amssymb 2009/06/22 v3.00

(D:\CTEX\MiKTeX\tex\latex\amsfonts\amsfonts.sty
Package: amsfonts 2009/06/22 v3.00 Basic AMSFonts support
\@emptytoks=\toks15
\symAMSa=\mathgroup4
\symAMSb=\mathgroup5
LaTeX Font Info:    Overwriting math alphabet `\mathfrak' in version `bold'
(Font)                  U/euf/m/n --> U/euf/b/n on input line 96.
))
(D:\CTEX\MiKTeX\tex\latex\ams\math\amsmath.sty
Package: amsmath 2000/07/18 v2.13 AMS math features
\@mathmargin=\skip44

For additional information on amsmath, use the `?' option.
(D:\CTEX\MiKTeX\tex\latex\ams\math\amstext.sty
Package: amstext 2000/06/29 v2.01

(D:\CTEX\MiKTeX\tex\latex\ams\math\amsgen.sty
File: amsgen.sty 1999/11/30 v2.0
\@emptytoks=\toks16
\ex@=\dimen126
))
(D:\CTEX\MiKTeX\tex\latex\ams\math\amsbsy.sty
Package: amsbsy 1999/11/29 v1.2d
\pmbraise@=\dimen127
)
(D:\CTEX\MiKTeX\tex\latex\ams\math\amsopn.sty
Package: amsopn 1999/12/14 v2.01 operator names
)
\inf@bad=\count94
LaTeX Info: Redefining \frac on input line 211.
\uproot@=\count95
\leftroot@=\count96
LaTeX Info: Redefining \overline on input line 307.
\classnum@=\count97
\DOTSCASE@=\count98
LaTeX Info: Redefining \ldots on input line 379.
LaTeX Info: Redefining \dots on input line 382.
LaTeX Info: Redefining \cdots on input line 467.
\Mathstrutbox@=\box28
\strutbox@=\box29
\big@size=\dimen128
LaTeX Font Info:    Redeclaring font encoding OML on input line 567.
LaTeX Font Info:    Redeclaring font encoding OMS on input line 568.
\macc@depth=\count99
\c@MaxMatrixCols=\count100
\dotsspace@=\muskip10
\c@parentequation=\count101
\dspbrk@lvl=\count102
\tag@help=\toks17
\row@=\count103
\column@=\count104
\maxfields@=\count105
\andhelp@=\toks18
\eqnshift@=\dimen129
\alignsep@=\dimen130
\tagshift@=\dimen131
\tagwidth@=\dimen132
\totwidth@=\dimen133
\lineht@=\dimen134
\@envbody=\toks19
\multlinegap=\skip45
\multlinetaggap=\skip46
\mathdisplay@stack=\toks20
LaTeX Info: Redefining \[ on input line 2666.
LaTeX Info: Redefining \] on input line 2667.
)
(D:\CTEX\MiKTeX\tex\latex\graphics\graphicx.sty
Package: graphicx 1999/02/16 v1.0f Enhanced LaTeX Graphics (DPC,SPQR)

(D:\CTEX\MiKTeX\tex\latex\graphics\keyval.sty
Package: keyval 1999/03/16 v1.13 key=value parser (DPC)
\KV@toks@=\toks21
)
(D:\CTEX\MiKTeX\tex\latex\graphics\graphics.sty
Package: graphics 2009/02/05 v1.0o Standard LaTeX Graphics (DPC,SPQR)

(D:\CTEX\MiKTeX\tex\latex\graphics\trig.sty
Package: trig 1999/03/16 v1.09 sin cos tan (DPC)
)
(D:\CTEX\MiKTeX\tex\latex\00miktex\graphics.cfg
File: graphics.cfg 2007/01/18 v1.5 graphics configuration of teTeX/TeXLive
)
Package graphics Info: Driver file: dvips.def on input line 91.

(D:\CTEX\MiKTeX\tex\latex\graphics\dvips.def
File: dvips.def 1999/02/16 v3.0i Driver-dependant file (DPC,SPQR)
))
\Gin@req@height=\dimen135
\Gin@req@width=\dimen136
)
(D:\CTEX\MiKTeX\tex\latex\subfigure\subfigure.sty
Package: subfigure 2002/07/30 v2.1.4 subfigure package
\subfigtopskip=\skip47
\subfigcapskip=\skip48
\subfigcaptopadj=\dimen137
\subfigbottomskip=\skip49
\subfigcapmargin=\dimen138
\subfiglabelskip=\skip50
\c@subfigure=\count106
\c@lofdepth=\count107
\c@subtable=\count108
\c@lotdepth=\count109

****************************************
* Local config file subfigure.cfg used *
****************************************
(D:\CTEX\MiKTeX\tex\latex\subfigure\subfigure.cfg)
\subfig@top=\skip51
\subfig@bottom=\skip52
)
(D:\CTEX\MiKTeX\tex\latex\algorithms\algorithm.sty
Package: algorithm 2009/08/24 v0.1 Document Style `algorithm' - floating enviro
nment

(D:\CTEX\MiKTeX\tex\latex\float\float.sty
Package: float 2001/11/08 v1.3d Float enhancements (AL)
\c@float@type=\count110
\float@exts=\toks22
\float@box=\box30
\@float@everytoks=\toks23
\@floatcapt=\box31
)
(D:\CTEX\MiKTeX\tex\latex\base\ifthen.sty
Package: ifthen 2001/05/26 v1.1c Standard LaTeX ifthen package (DPC)
)
\@float@every@algorithm=\toks24
\c@algorithm=\count111
)
(D:\CTEX\MiKTeX\tex\latex\algorithms\algorithmic.sty
Package: algorithmic 2009/08/24 v0.1 Document Style `algorithmic'
\c@ALC@unique=\count112
\c@ALC@line=\count113
\c@ALC@rem=\count114
\c@ALC@depth=\count115
\ALC@tlm=\skip53
\algorithmicindent=\skip54
)
("C:\Users\Taoheng\Desktop\SFBF\SFBF-submitted to TDKE ieeetran-final_sub\title
sec.sty"
Package: titlesec 2007/08/12 v2.8 Sectioning titles
\ttl@box=\box32
\beforetitleunit=\skip55
\aftertitleunit=\skip56
\ttl@plus=\dimen139
\ttl@minus=\dimen140
\ttl@toksa=\toks25
\titlewidth=\dimen141
\titlewidthlast=\dimen142
\titlewidthfirst=\dimen143
) (D:\CTEX\MiKTeX\tex\latex\multirow\multirow.sty
\bigstrutjot=\dimen144
)
(D:\CTEX\MiKTeX\tex\latex\tools\tabularx.sty
Package: tabularx 1999/01/07 v2.07 `tabularx' package (DPC)

(D:\CTEX\MiKTeX\tex\latex\tools\array.sty
Package: array 2008/09/09 v2.4c Tabular extension package (FMi)
\col@sep=\dimen145
\extrarowheight=\dimen146
\NC@list=\toks26
\extratabsurround=\skip57
\backup@length=\skip58
)
\TX@col@width=\dimen147
\TX@old@table=\dimen148
\TX@old@col=\dimen149
\TX@target=\dimen150
\TX@delta=\dimen151
\TX@cols=\count116
\TX@ftn=\toks27
)
(D:\CTEX\MiKTeX\tex\latex\booktabs\booktabs.sty
Package: booktabs 2005/04/14 v1.61803 publication quality tables
\heavyrulewidth=\dimen152
\lightrulewidth=\dimen153
\cmidrulewidth=\dimen154
\belowrulesep=\dimen155
\belowbottomsep=\dimen156
\aboverulesep=\dimen157
\abovetopsep=\dimen158
\cmidrulesep=\dimen159
\cmidrulekern=\dimen160
\defaultaddspace=\dimen161
\@cmidla=\count117
\@cmidlb=\count118
\@aboverulesep=\dimen162
\@belowrulesep=\dimen163
\@thisruleclass=\count119
\@lastruleclass=\count120
\@thisrulewidth=\dimen164
)
(D:\CTEX\MiKTeX\tex\latex\threeparttable\threeparttable.sty
Package: threeparttable 2003/06/13  v 3.0
\@tempboxb=\box33
)
(D:\CTEX\MiKTeX\tex\latex\ltxmisc\url.sty
\Urlmuskip=\muskip11
Package: url 2006/04/12  ver 3.3  Verb mode for urls, etc.
)
\c@proof=\count121

(D:\CTEX\MiKTeX\tex\latex\cite\cite.sty
LaTeX Info: Redefining \cite on input line 302.
LaTeX Info: Redefining \nocite on input line 373.
Package: cite 2010/09/10  v 5.3
)
("C:\Users\Taoheng\Desktop\SFBF\SFBF-submitted to TDKE ieeetran-final_sub\20160
526.aux")
LaTeX Font Info:    Checking defaults for OML/cmm/m/it on input line 19.
LaTeX Font Info:    ... okay on input line 19.
LaTeX Font Info:    Checking defaults for T1/cmr/m/n on input line 19.
LaTeX Font Info:    ... okay on input line 19.
LaTeX Font Info:    Checking defaults for OT1/cmr/m/n on input line 19.
LaTeX Font Info:    ... okay on input line 19.
LaTeX Font Info:    Checking defaults for OMS/cmsy/m/n on input line 19.
LaTeX Font Info:    ... okay on input line 19.
LaTeX Font Info:    Checking defaults for OMX/cmex/m/n on input line 19.
LaTeX Font Info:    ... okay on input line 19.
LaTeX Font Info:    Checking defaults for U/cmr/m/n on input line 19.
LaTeX Font Info:    ... okay on input line 19.

-- Lines per column: 61 (exact).
LaTeX Font Info:    Try loading font information for OT1+phv on input line 67.
(D:\CTEX\MiKTeX\tex\latex\psnfss\ot1phv.fd
File: ot1phv.fd 2001/06/04 scalable font definitions for OT1/phv.
)
LaTeX Font Info:    Font shape `OT1/phv/m/it' in size <11.04124> not available
(Font)              Font shape `OT1/phv/m/sl' tried instead on input line 67.
LaTeX Font Info:    Font shape `OT1/phv/bx/n' in size <8.03> not available
(Font)              Font shape `OT1/phv/b/n' tried instead on input line 67.
LaTeX Font Info:    Calculating math sizes for size <11.04124> on input line 67
.
LaTeX Font Info:    Try loading font information for U+msa on input line 67.

(D:\CTEX\MiKTeX\tex\latex\amsfonts\umsa.fd
File: umsa.fd 2009/06/22 v3.00 AMS symbols A
)
LaTeX Font Info:    Try loading font information for U+msb on input line 67.

(D:\CTEX\MiKTeX\tex\latex\amsfonts\umsb.fd
File: umsb.fd 2009/06/22 v3.00 AMS symbols B
)
LaTeX Font Info:    Try loading font information for U+pzd on input line 67.

(D:\CTEX\MiKTeX\tex\latex\psnfss\upzd.fd
File: upzd.fd 2001/06/04 font definitions for U/pzd.
)
LaTeX Font Info:    Calculating math sizes for size <8.03> on input line 67.
LaTeX Font Info:    Font shape `OT1/phv/bx/n' in size <11.04124> not available
(Font)              Font shape `OT1/phv/b/n' tried instead on input line 94.
LaTeX Font Info:    Font shape `OT1/phv/bx/sc' in size <11.04124> not available

(Font)              Font shape `OT1/phv/b/sc' tried instead on input line 94.
LaTeX Font Info:    Calculating math sizes for size <9.53561> on input line 130
.

Underfull \hbox (badness 2503) in paragraph at lines 134--136
[][]\OT1/ppl/m/n/9.53561 However, with un-pre-dict-ed large s-cale and ever-
 []

[1


]
LaTeX Font Info:    Font shape `OT1/phv/bx/n' in size <9.53561> not available
(Font)              Font shape `OT1/phv/b/n' tried instead on input line 188.


LaTeX Warning: Reference `fig:BFinsert' on page 2 undefined on input line 192.


LaTeX Warning: Reference `fig:BFfalse' on page 2 undefined on input line 196.


LaTeX Font Warning: Command \footnotesize invalid in math mode on input line 19
9.

LaTeX Font Info:    Calculating math sizes for size <> on input line 202.

LaTeX Font Warning: Font shape `OT1/cmr/m/n' in size <> not available
(Font)              size <5> substituted on input line 202.


LaTeX Font Warning: Font shape `OT1/cmr/m/n' in size <0.7> not available
(Font)              size <5> substituted on input line 202.


LaTeX Font Warning: Font shape `OT1/cmr/m/n' in size <0.5> not available
(Font)              size <5> substituted on input line 202.


LaTeX Font Warning: Font shape `OML/cmm/m/it' in size <> not available
(Font)              size <5> substituted on input line 202.


LaTeX Font Warning: Font shape `OML/cmm/m/it' in size <0.7> not available
(Font)              size <5> substituted on input line 202.


LaTeX Font Warning: Font shape `OML/cmm/m/it' in size <0.5> not available
(Font)              size <5> substituted on input line 202.


LaTeX Font Warning: Font shape `OMS/cmsy/m/n' in size <> not available
(Font)              size <5> substituted on input line 202.


LaTeX Font Warning: Font shape `OMS/cmsy/m/n' in size <0.7> not available
(Font)              size <5> substituted on input line 202.


LaTeX Font Warning: Font shape `OMS/cmsy/m/n' in size <0.5> not available
(Font)              size <5> substituted on input line 202.

[2]

LaTeX Font Warning: Command \footnotesize invalid in math mode on input line 21
1.


LaTeX Warning: Reference `fig:Scalable bloom filter design for dynamic MCC' on 
page 3 undefined on input line 245.

[3]

LaTeX Warning: Reference `fig:Example of SFBF.' on page 4 undefined on input li
ne 318.


LaTeX Warning: Reference `fig:Example of SFBF.' on page 4 undefined on input li
ne 336.

File: fig/HashRange.eps Graphic file (type eps)
<fig/HashRange.eps>

LaTeX Font Warning: Command \footnotesize invalid in math mode on input line 40
1.

[4]

LaTeX Font Warning: Command \footnotesize invalid in math mode on input line 42
6.


LaTeX Font Warning: Command \footnotesize invalid in math mode on input line 47
0.


Underfull \hbox (badness 1845) in paragraph at lines 476--478
[]\OT1/ppl/m/n/9.53561 where $\OML/cmm/m/it/10 w \OT1/cmr/m/n/10 = 8$\OT1/ppl/m
/n/9.53561 , $\OML/cmm/m/it/10 r \OT1/cmr/m/n/10 = 2$\OT1/ppl/m/n/9.53561 , and
 the hash func-tion is
 []


LaTeX Font Warning: Command \scriptsize invalid in math mode on input line 481.


LaTeX Font Info:    Calculating math sizes for size <7.02625> on input line 483
.

LaTeX Font Warning: Command \footnotesize invalid in math mode on input line 51
3.


LaTeX Font Warning: Command \scriptsize invalid in math mode on input line 526.



Underfull \hbox (badness 10000) in paragraph at lines 580--580
[] [][]$\OML/cmm/m/it/10 k$ \OT1/ppl/m/n/9.53561 base hash gen-er-a-tion ma-tri
-ces
 []

File: fig/Hash_function_generated_from_base_matrix.eps Graphic file (type eps)
<fig/Hash_function_generated_from_base_matrix.eps>

LaTeX Warning: `!h' float specifier changed to `!ht'.

[5]
Underfull \hbox (badness 10000) in paragraph at lines 624--625
$\OML/cmm/m/it/10 SFBF[]\OT1/cmr/m/n/10 [[] []]\OML/cmm/m/it/10 ; SFBF[]\OT1/cm
r/m/n/10 [[] []]\OML/cmm/m/it/10 ; []  ; SFBF[]\OT1/cmr/m/n/10 [[] []]$ \OT1/pp
l/m/n/9.53561 with
 []

File: fig/Left_logical_shift.eps Graphic file (type eps)
<fig/Left_logical_shift.eps>
File: fig/right_logical_shift.eps Graphic file (type eps)
 <fig/right_logical_shift.eps>
\c@theorem=\count122


LaTeX Font Warning: Command \small invalid in math mode on input line 654.

LaTeX Font Info:    Calculating math sizes for size <9.03374> on input line 658
.

LaTeX Font Warning: Command \scriptsize invalid in math mode on input line 666.


File: fig/Different_hash_functions.eps Graphic file (type eps)
<fig/Different_hash_functions.eps>
Overfull \hbox (7.22745pt too wide) in paragraph at lines 685--686
 [][][] 
 []


LaTeX Warning: `!h' float specifier changed to `!ht'.


LaTeX Font Warning: Command \footnotesize invalid in math mode on input line 69
2.


LaTeX Font Warning: Command \footnotesize invalid in math mode on input line 69
8.


Underfull \hbox (badness 2080) in paragraph at lines 705--708
\OT1/ppl/m/n/9.53561 first $\OML/cmm/m/it/10 l[]$ \OT1/ppl/m/n/9.53561 bit-s of
 the bit-string $\OML/cmm/m/it/10 Add[] [] \OT1/cmr/m/n/10 (\OML/cmm/m/it/10 q\
OT1/cmr/m/n/10 )$\OT1/ppl/m/n/9.53561 . This
 []

[6]
Underfull \hbox (badness 4792) in paragraph at lines 736--736
[] [][]$\OML/cmm/m/it/10 k$ \OT1/ppl/m/n/9.53561 base hash gen-er-a-tion ma-tri
-ces $[]\OT1/cmr/m/n/10 [1]$\OT1/ppl/m/n/9.53561 ,
 []


LaTeX Font Warning: Command \small invalid in math mode on input line 748.


LaTeX Warning: `h' float specifier changed to `ht'.


LaTeX Font Warning: Command \footnotesize invalid in math mode on input line 78
5.


Overfull \hbox (5.10153pt too wide) detected at line 788
[] \OT1/cmr/m/n/8 = 1 \OMS/cmsy/m/n/8   [][][]  [] \OML/cmm/m/it/8 :
 []

[7]

LaTeX Font Warning: Command \footnotesize invalid in math mode on input line 79
8.


LaTeX Font Warning: Command \footnotesize invalid in math mode on input line 82
6.


LaTeX Font Warning: Command \footnotesize invalid in math mode on input line 83
5.


LaTeX Font Warning: Command \footnotesize invalid in math mode on input line 84
4.


LaTeX Font Warning: Command \footnotesize invalid in math mode on input line 85
1.


LaTeX Font Warning: Command \footnotesize invalid in math mode on input line 85
8.


LaTeX Font Warning: Command \footnotesize invalid in math mode on input line 86
4.

[8]
LaTeX Font Info:    Try loading font information for OMS+ppl on input line 936.

 (D:\CTEX\MiKTeX\tex\latex\psnfss\omsppl.fd
File: omsppl.fd 
)
LaTeX Font Info:    Font shape `OMS/ppl/m/n' in size <9.53561> not available
(Font)              Font shape `OMS/cmsy/m/n' tried instead on input line 936.

Underfull \hbox (badness 3439) in paragraph at lines 964--965
\OT1/ppl/m/n/9.53561 where the vec-tor length al-so fol-lows the ex-po-nen-
 []


Underfull \hbox (badness 2689) in paragraph at lines 964--965
\OT1/ppl/m/n/9.53561 tial growth but at a speed faster than that un-der
 []

[9]
LaTeX Font Info:    Font shape `OT1/phv/m/it' in size <9.53561> not available
(Font)              Font shape `OT1/phv/m/sl' tried instead on input line 977.
File: franztao20160111/test1/Extensionround/test1_virtualdata.eps Graphic file 
(type eps)
 <franztao20160111/test1/Extensionround/test1_virtualdata.eps>
File: franztao20160111/test1/Extensionround/test1_actualdata_IP_1.eps Graphic f
ile (type eps)

<franztao20160111/test1/Extensionround/test1_actualdata_IP_1.eps>
File: franztao20160111/test1/Extensionround/test1_actualdata_webcache_1.eps Gra
phic file (type eps)

<franztao20160111/test1/Extensionround/test1_actualdata_webcache_1.eps>
File: franztao20160111/test1/Extensionround/test1_actualdata_webcache_2.eps Gra
phic file (type eps)

<franztao20160111/test1/Extensionround/test1_actualdata_webcache_2.eps>
File: franztao20160111/test1/Falsepositiverate/test1_virtualdata.eps Graphic fi
le (type eps)

<franztao20160111/test1/Falsepositiverate/test1_virtualdata.eps>
File: franztao20160111/test1/Falsepositiverate/test1_actualdata_IP_1.eps Graphi
c file (type eps)

<franztao20160111/test1/Falsepositiverate/test1_actualdata_IP_1.eps>
File: franztao20160111/test1/Falsepositiverate/test1_actualdata_webcache_1.eps 
Graphic file (type eps)

<franztao20160111/test1/Falsepositiverate/test1_actualdata_webcache_1.eps>
File: franztao20160111/test1/Falsepositiverate/test1_actualdata_webcache_2.eps 
Graphic file (type eps)

<franztao20160111/test1/Falsepositiverate/test1_actualdata_webcache_2.eps>

LaTeX Warning: `!h' float specifier changed to `!ht'.

File: franztao20160111/test1/QueryingCPUtimewithshifting/test1_virtualdata.eps 
Graphic file (type eps)
<franztao20160111/test1/QueryingCPUtimewithshifting/test1_virtualdata.eps>
File: franztao20160111/test1/QueryingCPUtimewithshifting/test1_actualdata_IP_1.
eps Graphic file (type eps)

<franztao20160111/test1/QueryingCPUtimewithshifting/test1_actualdata_IP_1.eps>
File: franztao20160111/test1/QueryingCPUtimewithshifting/test1_actualdata_webca
che_1.eps Graphic file (type eps)

<franztao20160111/test1/QueryingCPUtimewithshifting/test1_actualdata_webcache_1
.eps>
File: franztao20160111/test1/QueryingCPUtimewithshifting/test1_actualdata_webca
che_2.eps Graphic file (type eps)

<franztao20160111/test1/QueryingCPUtimewithshifting/test1_actualdata_webcache_2
.eps>

LaTeX Warning: `!h' float specifier changed to `!ht'.

File: franztao20160111/test1/QueryingCPUtimewithoutshifting/test1_virtualdata.e
ps Graphic file (type eps)
<franztao20160111/test1/QueryingCPUtimewithoutshifting/test1_virtualdata.eps>
File: franztao20160111/test1/QueryingCPUtimewithoutshifting/test1_actualdata_IP
_1.eps Graphic file (type eps)

<franztao20160111/test1/QueryingCPUtimewithoutshifting/test1_actualdata_IP_1.ep
s>
File: franztao20160111/test1/QueryingCPUtimewithoutshifting/test1_actualdata_we
bcache_1.eps Graphic file (type eps)

<franztao20160111/test1/QueryingCPUtimewithoutshifting/test1_actualdata_webcach
e_1.eps>
File: franztao20160111/test1/QueryingCPUtimewithoutshifting/test1_actualdata_we
bcache_2.eps Graphic file (type eps)

<franztao20160111/test1/QueryingCPUtimewithoutshifting/test1_actualdata_webcach
e_2.eps>

LaTeX Warning: `!h' float specifier changed to `!ht'.

[10]
File: franztao20160111/test1/Spacesizeoffilters/test1_virtualdata.eps Graphic f
ile (type eps)
 <franztao20160111/test1/Spacesizeoffilters/test1_virtualdata.eps>
File: franztao20160111/test1/Spacesizeoffilters/test1_actualdata_IP_1.eps Graph
ic file (type eps)

<franztao20160111/test1/Spacesizeoffilters/test1_actualdata_IP_1.eps>
File: franztao20160111/test1/Spacesizeoffilters/test1_actualdata_webcache_1.eps
 Graphic file (type eps)

<franztao20160111/test1/Spacesizeoffilters/test1_actualdata_webcache_1.eps>
File: franztao20160111/test1/Spacesizeoffilters/test1_actualdata_webcache_2.eps
 Graphic file (type eps)

<franztao20160111/test1/Spacesizeoffilters/test1_actualdata_webcache_2.eps>
[11]
("C:\Users\Taoheng\Desktop\SFBF\SFBF-submitted to TDKE ieeetran-final_sub\20160
526.bbl"
Underfull \hbox (badness 10000) in paragraph at lines 99--100
[][]\OT1/ppl/m/n/8.03 ``Calgary-http.'' $http : / / ita . ee . lbl . gov / html
 / contrib /$
 []


Underfull \hbox (badness 10000) in paragraph at lines 102--103
[][]\OT1/ppl/m/n/8.03 ``Nasa-http.'' $http : / / ita . ee . lbl . gov / html / 
contrib / NASA-[]HTTP .$
 []

)
File: fig/kunxie.eps Graphic file (type eps)
 <fig/kunxie.eps>
File: fig/kunxie.eps Graphic file (type eps)
 <fig/kunxie.eps>
File: fig/xinwang.eps Graphic file (type eps)
 <fig/xinwang.eps>
File: fig/xinwang.eps Graphic file (type eps)
 <fig/xinwang.eps>
[12]
File: fig/taoheng.eps Graphic file (type eps)
 <fig/taoheng.eps>
File: fig/taoheng.eps Graphic file (type eps)
 <fig/taoheng.eps>
File: fig/jigangwen.eps Graphic file (type eps)
 <fig/jigangwen.eps>
File: fig/jigangwen.eps Graphic file (type eps)

<fig/jigangwen.eps>
File: fig/minyinghua.eps Graphic file (type eps)
 <fig/minyinghua.eps>
File: fig/minyinghua.eps Graphic file (type eps)
 <fig/minyinghua.eps>
Missing character: There is no ‚ in font phvr7t!
Missing character: There is no Ä in font phvr7t!
Missing character: There is no ú in font phvr7t!
Missing character: There is no ‚ in font phvr7t!
Missing character: There is no Ä in font phvr7t!
Missing character: There is no ù in font phvr7t!
Missing character: There is no ‚ in font phvr7t!
Missing character: There is no Ä in font phvr7t!
Missing character: There is no ô in font phvr7t!
File: fig/KeqinLi.eps Graphic file (type eps)

<fig/KeqinLi.eps>
File: fig/KeqinLi.eps Graphic file (type eps)
 <fig/KeqinLi.eps>
LaTeX Font Info:    Font shape `OT1/phv/m/it' in size <8.03> not available
(Font)              Font shape `OT1/phv/m/sl' tried instead on input line 1231.


Underfull \hbox (badness 10000) in paragraph at lines 1229--1233
\OT1/phv/m/n/8.03 of com-put-er sci-ence.His cur-ren-t re-search
 []


Underfull \hbox (badness 10000) in paragraph at lines 1229--1233
\OT1/phv/m/n/8.03 in-ter-est-s in-clude par-al-lel com-put-ing and
 []


Underfull \hbox (badness 10000) in paragraph at lines 1229--1233
\OT1/phv/m/n/8.03 high-performance com-put-ing, dis-tribut-ed
 []


Underfull \hbox (badness 10000) in paragraph at lines 1229--1233
\OT1/phv/m/n/8.03 computing,energy-efficient com-put-ing
 []


Underfull \hbox (badness 10000) in paragraph at lines 1229--1233
\OT1/phv/m/n/8.03 and com-mu-ni-ca-tion,heterogeneous
 []


Underfull \hbox (badness 1783) in paragraph at lines 1229--1233
\OT1/phv/m/n/8.03 com-put-ing sys-tem-s,cloud com-put-ing,big da-ta
 []


Underfull \hbox (badness 2189) in paragraph at lines 1229--1233
\OT1/phv/m/n/8.03 computing,CPU-GPU hy-brid and co-op-er-a-tive
 []


Underfull \hbox (badness 10000) in paragraph at lines 1229--1233
\OT1/phv/m/n/8.03 com-put-ing,multicore com-put-ing,storage
 []


Underfull \hbox (badness 10000) in paragraph at lines 1229--1233
\OT1/phv/m/n/8.03 and file sys-tem-s,wireless com-mu-ni-ca-tion
 []


Underfull \hbox (badness 10000) in paragraph at lines 1229--1233
\OT1/phv/m/n/8.03 net-work-s,sensor networks,peer-to-peer file
 []

File: fig/gaogangxie.eps Graphic file (type eps)
<fig/gaogangxie.eps>
File: fig/gaogangxie.eps Graphic file (type eps)
 <fig/gaogangxie.eps>
Underfull \hbox (badness 2653) in paragraph at lines 1235--1237
[]\OT1/phv/b/n/8.03 Gaogang X-ie \OT1/phv/m/n/8.03 re-ceived his B.S. de-gree i
n
 []

[13]
("C:\Users\Taoheng\Desktop\SFBF\SFBF-submitted to TDKE ieeetran-final_sub\20160
526.aux")

LaTeX Font Warning: Size substitutions with differences
(Font)              up to 4.5pt have occurred.


LaTeX Warning: There were undefined references.

 ) 
Here is how much of TeX's memory you used:
 3712 strings out of 495355
 56601 string characters out of 3183883
 122197 words of memory out of 3000000
 6809 multiletter control sequences out of 15000+200000
 45977 words of font info for 140 fonts, out of 3000000 for 9000
 14 hyphenation exceptions out of 8191
 29i,15n,42p,3735b,440s stack positions out of 5000i,500n,10000p,200000b,50000s

Output written on 20160526.dvi (13 pages, 136632 bytes).
