\BOOKMARK [1][-]{section.1}{\376\377\000\111\000\156\000\164\000\162\000\157\000\144\000\165\000\143\000\164\000\151\000\157\000\156}{}% 1
\BOOKMARK [1][-]{section.2}{\376\377\000\122\000\145\000\154\000\141\000\164\000\145\000\144\000\040\000\167\000\157\000\162\000\153}{}% 2
\BOOKMARK [1][-]{section.3}{\376\377\000\120\000\162\000\145\000\154\000\151\000\155\000\151\000\156\000\141\000\162\000\151\000\145\000\163\000\054\000\040\000\155\000\157\000\164\000\151\000\166\000\141\000\164\000\151\000\157\000\156\000\040\000\141\000\156\000\144\000\040\000\160\000\162\000\157\000\142\000\154\000\145\000\155}{}% 3
\BOOKMARK [2][-]{subsection.3.1}{\376\377\000\102\000\141\000\163\000\151\000\143\000\040\000\143\000\157\000\156\000\143\000\145\000\160\000\164\000\040\000\157\000\146\000\040\000\102\000\154\000\157\000\157\000\155\000\040\000\146\000\151\000\154\000\164\000\145\000\162}{section.3}% 4
\BOOKMARK [2][-]{subsection.3.2}{\376\377\000\123\000\143\000\141\000\154\000\141\000\142\000\151\000\154\000\151\000\164\000\171\000\040\000\162\000\145\000\161\000\165\000\151\000\162\000\145\000\155\000\145\000\156\000\164\000\040\000\146\000\157\000\162\000\040\000\142\000\151\000\147\000\040\000\144\000\141\000\164\000\141}{section.3}% 5
\BOOKMARK [2][-]{subsection.3.3}{\376\377\000\104\000\145\000\163\000\151\000\147\000\156\000\040\000\147\000\157\000\141\000\154}{section.3}% 6
\BOOKMARK [1][-]{section.4}{\376\377\000\104\000\145\000\163\000\151\000\147\000\156\000\040\000\157\000\166\000\145\000\162\000\166\000\151\000\145\000\167}{}% 7
\BOOKMARK [1][-]{section.5}{\376\377\000\103\000\150\000\141\000\154\000\154\000\145\000\156\000\147\000\145\000\040\000\157\000\146\000\040\000\123\000\106\000\102\000\106}{}% 8
\BOOKMARK [1][-]{section.6}{\376\377\000\101\000\144\000\141\000\160\000\164\000\151\000\166\000\145\000\040\000\150\000\141\000\163\000\150\000\040\000\146\000\165\000\156\000\143\000\164\000\151\000\157\000\156\000\040\000\147\000\145\000\156\000\145\000\162\000\141\000\164\000\151\000\157\000\156}{}% 9
\BOOKMARK [2][-]{subsection.6.1}{\376\377\000\122\000\145\000\166\000\151\000\145\000\167\000\040\000\157\000\146\000\040\000\110\000\063\000\040\000\150\000\141\000\163\000\150\000\040\000\146\000\165\000\156\000\143\000\164\000\151\000\157\000\156}{section.6}% 10
\BOOKMARK [2][-]{subsection.6.2}{\376\377\000\110\000\141\000\163\000\150\000\040\000\146\000\165\000\156\000\143\000\164\000\151\000\157\000\156\000\040\000\147\000\145\000\156\000\145\000\162\000\141\000\164\000\151\000\157\000\156}{section.6}% 11
\BOOKMARK [1][-]{section.7}{\376\377\000\114\000\157\000\167\000\040\000\143\000\157\000\163\000\164\000\040\000\123\000\106\000\102\000\106\000\040\000\161\000\165\000\145\000\162\000\171\000\040\000\141\000\156\000\144\000\040\000\155\000\141\000\151\000\156\000\164\000\145\000\156\000\141\000\156\000\143\000\145}{}% 12
\BOOKMARK [2][-]{subsection.7.1}{\376\377\000\123\000\106\000\102\000\106\000\040\000\161\000\165\000\145\000\162\000\171\000\040\000\162\000\145\000\161\000\165\000\151\000\162\000\145\000\155\000\145\000\156\000\164}{section.7}% 13
\BOOKMARK [2][-]{subsection.7.2}{\376\377\000\122\000\145\000\154\000\141\000\164\000\151\000\157\000\156\000\163\000\150\000\151\000\160\000\040\000\157\000\146\000\040\000\147\000\145\000\156\000\145\000\162\000\141\000\164\000\145\000\144\000\040\000\150\000\141\000\163\000\150\000\040\000\146\000\165\000\156\000\143\000\164\000\151\000\157\000\156\000\163}{section.7}% 14
\BOOKMARK [2][-]{subsection.7.3}{\376\377\000\121\000\165\000\145\000\162\000\171\000\040\000\141\000\154\000\147\000\157\000\162\000\151\000\164\000\150\000\155}{section.7}% 15
\BOOKMARK [1][-]{section.8}{\376\377\000\123\000\106\000\102\000\106\000\040\000\101\000\156\000\141\000\154\000\171\000\163\000\151\000\163}{}% 16
\BOOKMARK [2][-]{subsection.8.1}{\376\377\000\106\000\141\000\154\000\163\000\145\000\040\000\160\000\157\000\163\000\151\000\164\000\151\000\166\000\145\000\040\000\162\000\141\000\164\000\145}{section.8}% 17
\BOOKMARK [2][-]{subsection.8.2}{\376\377\000\103\000\120\000\125\000\040\000\164\000\151\000\155\000\145\000\040\000\146\000\157\000\162\000\040\000\123\000\106\000\102\000\106\000\040\000\161\000\165\000\145\000\162\000\171\000\151\000\156\000\147}{section.8}% 18
\BOOKMARK [2][-]{subsection.8.3}{\376\377\000\123\000\160\000\141\000\143\000\145\000\040\000\163\000\151\000\172\000\145\000\040\000\141\000\156\000\144\000\040\000\154\000\157\000\141\000\144\000\040\000\146\000\141\000\143\000\164\000\157\000\162}{section.8}% 19
\BOOKMARK [2][-]{subsection.8.4}{\376\377\000\111\000\155\000\160\000\141\000\143\000\164\000\040\000\157\000\146\000\040\000\145\000\170\000\160\000\141\000\156\000\144\000\151\000\156\000\147\000\040\000\163\000\160\000\145\000\145\000\144}{section.8}% 20
\BOOKMARK [1][-]{section.9}{\376\377\000\120\000\145\000\162\000\146\000\157\000\162\000\155\000\141\000\156\000\143\000\145\000\040\000\145\000\166\000\141\000\154\000\165\000\141\000\164\000\151\000\157\000\156}{}% 21
\BOOKMARK [2][-]{subsection.9.1}{\376\377\000\105\000\170\000\160\000\145\000\162\000\151\000\155\000\145\000\156\000\164\000\040\000\163\000\145\000\164\000\165\000\160}{section.9}% 22
\BOOKMARK [2][-]{subsection.9.2}{\376\377\000\105\000\166\000\141\000\154\000\165\000\141\000\164\000\151\000\157\000\156\000\040\000\162\000\145\000\163\000\165\000\154\000\164\000\163}{section.9}% 23
\BOOKMARK [3][-]{subsubsection.9.2.1}{\376\377\000\105\000\170\000\164\000\145\000\156\000\163\000\151\000\157\000\156\000\040\000\162\000\157\000\165\000\156\000\144}{subsection.9.2}% 24
\BOOKMARK [3][-]{subsubsection.9.2.2}{\376\377\000\106\000\141\000\154\000\163\000\145\000\040\000\160\000\157\000\163\000\151\000\164\000\151\000\166\000\145\000\040\000\162\000\141\000\164\000\145}{subsection.9.2}% 25
\BOOKMARK [3][-]{subsubsection.9.2.3}{\376\377\000\121\000\165\000\145\000\162\000\171\000\151\000\156\000\147\000\040\000\103\000\120\000\125\000\040\000\164\000\151\000\155\000\145}{subsection.9.2}% 26
\BOOKMARK [3][-]{subsubsection.9.2.4}{\376\377\000\123\000\151\000\172\000\145\000\040\000\157\000\146\000\040\000\146\000\151\000\154\000\164\000\145\000\162}{subsection.9.2}% 27
\BOOKMARK [1][-]{section.10}{\376\377\000\103\000\157\000\156\000\143\000\154\000\165\000\163\000\151\000\157\000\156}{}% 28
\BOOKMARK [1][-]{section.11}{\376\377\000\156\000\145\000\167\000\040\000\143\000\157\000\156\000\164\000\145\000\156\000\164\000\163}{}% 29
\BOOKMARK [1][-]{section.11}{\376\377\000\122\000\145\000\146\000\145\000\162\000\145\000\156\000\143\000\145\000\163}{}% 30
\BOOKMARK [1][-]{IEEEbiography.0}{\376\377\000\102\000\151\000\157\000\147\000\162\000\141\000\160\000\150\000\151\000\145\000\163}{}% 31
\BOOKMARK [2][-]{IEEEbiography.1}{\376\377\000\113\000\165\000\156\000\040\000\130\000\151\000\145}{IEEEbiography.0}% 32
\BOOKMARK [2][-]{IEEEbiography.2}{\376\377\000\130\000\151\000\156\000\040\000\127\000\141\000\156\000\147}{IEEEbiography.0}% 33
\BOOKMARK [2][-]{IEEEbiography.3}{\376\377\000\110\000\145\000\156\000\147\000\040\000\124\000\141\000\157}{IEEEbiography.0}% 34
\BOOKMARK [2][-]{IEEEbiography.4}{\376\377\000\112\000\151\000\147\000\141\000\156\000\147\000\040\000\127\000\145\000\156}{IEEEbiography.0}% 35
\BOOKMARK [2][-]{IEEEbiography.5}{\376\377\000\131\000\151\000\156\000\147\000\150\000\165\000\141\000\040\000\115\000\151\000\156}{IEEEbiography.0}% 36
\BOOKMARK [2][-]{IEEEbiography.6}{\376\377\000\113\000\145\000\161\000\151\000\156\000\040\000\114\000\151}{IEEEbiography.0}% 37
\BOOKMARK [2][-]{IEEEbiography.7}{\376\377\000\107\000\141\000\157\000\147\000\141\000\156\000\147\000\040\000\130\000\151\000\145}{IEEEbiography.0}% 38
