This is pdfTeX, Version 3.1415926-2.3-1.40.12 (MiKTeX 2.9) (preloaded format=pdflatex 2016.6.8)  3 MAR 2017 16:56
entering extended mode
**F:/Paper/BloomFilter/SFBF-submitted*to*TDKE20161214/transaction20161214.tex
("F:/Paper/BloomFilter/SFBF-submitted to TDKE20161214/transaction20161214.tex"
LaTeX2e <2011/06/27>
Babel <v3.8m> and hyphenation patterns for loaded.
("F:\Paper\BloomFilter\SFBF-submitted to TDKE20161214\IEEEtran.cls"
Document Class: IEEEtran 2007/03/05 V1.7a by Michael Shell
-- See the "IEEEtran_HOWTO" manual for usage information.
-- http://www.michaelshell.org/tex/ieeetran/
\@IEEEtrantmpdimenA=\dimen102
\@IEEEtrantmpdimenB=\dimen103
\@IEEEtrantmpcountA=\count79
\@IEEEtrantmpcountB=\count80
\@IEEEtrantmptoksA=\toks14
LaTeX Font Info:    Try loading font information for OT1+ptm on input line 366.

(D:\CTEX\MiKTeX\tex\latex\psnfss\ot1ptm.fd
File: ot1ptm.fd 2001/06/04 font definitions for OT1/ptm.
)
-- Using 8.5in x 11in (letter) paper.
-- Using PDF output.
\@IEEEnormalsizeunitybaselineskip=\dimen104
-- This is a 10 point document.
\CLASSINFOnormalsizebaselineskip=\dimen105
\CLASSINFOnormalsizeunitybaselineskip=\dimen106
\IEEEnormaljot=\dimen107
LaTeX Font Info:    Font shape `OT1/ptm/bx/n' in size <5> not available
(Font)              Font shape `OT1/ptm/b/n' tried instead on input line 724.
LaTeX Font Info:    Font shape `OT1/ptm/bx/it' in size <5> not available
(Font)              Font shape `OT1/ptm/b/it' tried instead on input line 724.
LaTeX Font Info:    Font shape `OT1/ptm/bx/n' in size <7> not available
(Font)              Font shape `OT1/ptm/b/n' tried instead on input line 724.
LaTeX Font Info:    Font shape `OT1/ptm/bx/it' in size <7> not available
(Font)              Font shape `OT1/ptm/b/it' tried instead on input line 724.
LaTeX Font Info:    Font shape `OT1/ptm/bx/n' in size <8> not available
(Font)              Font shape `OT1/ptm/b/n' tried instead on input line 724.
LaTeX Font Info:    Font shape `OT1/ptm/bx/it' in size <8> not available
(Font)              Font shape `OT1/ptm/b/it' tried instead on input line 724.
LaTeX Font Info:    Font shape `OT1/ptm/bx/n' in size <9> not available
(Font)              Font shape `OT1/ptm/b/n' tried instead on input line 724.
LaTeX Font Info:    Font shape `OT1/ptm/bx/it' in size <9> not available
(Font)              Font shape `OT1/ptm/b/it' tried instead on input line 724.
LaTeX Font Info:    Font shape `OT1/ptm/bx/n' in size <10> not available
(Font)              Font shape `OT1/ptm/b/n' tried instead on input line 724.
LaTeX Font Info:    Font shape `OT1/ptm/bx/it' in size <10> not available
(Font)              Font shape `OT1/ptm/b/it' tried instead on input line 724.
LaTeX Font Info:    Font shape `OT1/ptm/bx/n' in size <11> not available
(Font)              Font shape `OT1/ptm/b/n' tried instead on input line 724.
LaTeX Font Info:    Font shape `OT1/ptm/bx/it' in size <11> not available
(Font)              Font shape `OT1/ptm/b/it' tried instead on input line 724.
LaTeX Font Info:    Font shape `OT1/ptm/bx/n' in size <12> not available
(Font)              Font shape `OT1/ptm/b/n' tried instead on input line 724.
LaTeX Font Info:    Font shape `OT1/ptm/bx/it' in size <12> not available
(Font)              Font shape `OT1/ptm/b/it' tried instead on input line 724.
LaTeX Font Info:    Font shape `OT1/ptm/bx/n' in size <17> not available
(Font)              Font shape `OT1/ptm/b/n' tried instead on input line 724.
LaTeX Font Info:    Font shape `OT1/ptm/bx/it' in size <17> not available
(Font)              Font shape `OT1/ptm/b/it' tried instead on input line 724.
LaTeX Font Info:    Font shape `OT1/ptm/bx/n' in size <20> not available
(Font)              Font shape `OT1/ptm/b/n' tried instead on input line 724.
LaTeX Font Info:    Font shape `OT1/ptm/bx/it' in size <20> not available
(Font)              Font shape `OT1/ptm/b/it' tried instead on input line 724.
LaTeX Font Info:    Font shape `OT1/ptm/bx/n' in size <24> not available
(Font)              Font shape `OT1/ptm/b/n' tried instead on input line 724.
LaTeX Font Info:    Font shape `OT1/ptm/bx/it' in size <24> not available
(Font)              Font shape `OT1/ptm/b/it' tried instead on input line 724.
\IEEEilabelindentA=\dimen108
\IEEEilabelindentB=\dimen109
\IEEEilabelindent=\dimen110
\IEEEelabelindent=\dimen111
\IEEEdlabelindent=\dimen112
\IEEElabelindent=\dimen113
\IEEEiednormlabelsep=\dimen114
\IEEEiedmathlabelsep=\dimen115
\IEEEiedtopsep=\skip41
\c@section=\count81
\c@subsection=\count82
\c@subsubsection=\count83
\c@paragraph=\count84
\c@IEEEsubequation=\count85
\abovecaptionskip=\skip42
\belowcaptionskip=\skip43
\c@figure=\count86
\c@table=\count87
\@IEEEeqnnumcols=\count88
\@IEEEeqncolcnt=\count89
\@IEEEtmpitemindent=\dimen116
\c@IEEEbiography=\count90
\@IEEEtranrubishbin=\box26
) (D:\CTEX\MiKTeX\tex\latex\psnfss\times.sty
Package: times 2005/04/12 PSNFSS-v9.2a (SPQR) 
)
(D:\CTEX\MiKTeX\tex\latex\amsfonts\amssymb.sty
Package: amssymb 2009/06/22 v3.00

(D:\CTEX\MiKTeX\tex\latex\amsfonts\amsfonts.sty
Package: amsfonts 2009/06/22 v3.00 Basic AMSFonts support
\@emptytoks=\toks15
\symAMSa=\mathgroup4
\symAMSb=\mathgroup5
LaTeX Font Info:    Overwriting math alphabet `\mathfrak' in version `bold'
(Font)                  U/euf/m/n --> U/euf/b/n on input line 96.
))
(D:\CTEX\MiKTeX\tex\latex\ams\math\amsmath.sty
Package: amsmath 2000/07/18 v2.13 AMS math features
\@mathmargin=\skip44

For additional information on amsmath, use the `?' option.
(D:\CTEX\MiKTeX\tex\latex\ams\math\amstext.sty
Package: amstext 2000/06/29 v2.01

(D:\CTEX\MiKTeX\tex\latex\ams\math\amsgen.sty
File: amsgen.sty 1999/11/30 v2.0
\@emptytoks=\toks16
\ex@=\dimen117
))
(D:\CTEX\MiKTeX\tex\latex\ams\math\amsbsy.sty
Package: amsbsy 1999/11/29 v1.2d
\pmbraise@=\dimen118
)
(D:\CTEX\MiKTeX\tex\latex\ams\math\amsopn.sty
Package: amsopn 1999/12/14 v2.01 operator names
)
\inf@bad=\count91
LaTeX Info: Redefining \frac on input line 211.
\uproot@=\count92
\leftroot@=\count93
LaTeX Info: Redefining \overline on input line 307.
\classnum@=\count94
\DOTSCASE@=\count95
LaTeX Info: Redefining \ldots on input line 379.
LaTeX Info: Redefining \dots on input line 382.
LaTeX Info: Redefining \cdots on input line 467.
\Mathstrutbox@=\box27
\strutbox@=\box28
\big@size=\dimen119
LaTeX Font Info:    Redeclaring font encoding OML on input line 567.
LaTeX Font Info:    Redeclaring font encoding OMS on input line 568.
\macc@depth=\count96
\c@MaxMatrixCols=\count97
\dotsspace@=\muskip10
\c@parentequation=\count98
\dspbrk@lvl=\count99
\tag@help=\toks17
\row@=\count100
\column@=\count101
\maxfields@=\count102
\andhelp@=\toks18
\eqnshift@=\dimen120
\alignsep@=\dimen121
\tagshift@=\dimen122
\tagwidth@=\dimen123
\totwidth@=\dimen124
\lineht@=\dimen125
\@envbody=\toks19
\multlinegap=\skip45
\multlinetaggap=\skip46
\mathdisplay@stack=\toks20
LaTeX Info: Redefining \[ on input line 2666.
LaTeX Info: Redefining \] on input line 2667.
)
(D:\CTEX\MiKTeX\tex\latex\graphics\graphicx.sty
Package: graphicx 1999/02/16 v1.0f Enhanced LaTeX Graphics (DPC,SPQR)

(D:\CTEX\MiKTeX\tex\latex\graphics\keyval.sty
Package: keyval 1999/03/16 v1.13 key=value parser (DPC)
\KV@toks@=\toks21
)
(D:\CTEX\MiKTeX\tex\latex\graphics\graphics.sty
Package: graphics 2009/02/05 v1.0o Standard LaTeX Graphics (DPC,SPQR)

(D:\CTEX\MiKTeX\tex\latex\graphics\trig.sty
Package: trig 1999/03/16 v1.09 sin cos tan (DPC)
)
(D:\CTEX\MiKTeX\tex\latex\00miktex\graphics.cfg
File: graphics.cfg 2007/01/18 v1.5 graphics configuration of teTeX/TeXLive
)
Package graphics Info: Driver file: pdftex.def on input line 91.

(D:\CTEX\MiKTeX\tex\latex\pdftex-def\pdftex.def
File: pdftex.def 2011/05/27 v0.06d Graphics/color for pdfTeX

(D:\CTEX\MiKTeX\tex\generic\oberdiek\infwarerr.sty
Package: infwarerr 2010/04/08 v1.3 Providing info/warning/message (HO)
)
(D:\CTEX\MiKTeX\tex\generic\oberdiek\ltxcmds.sty
Package: ltxcmds 2011/04/18 v1.20 LaTeX kernel commands for general use (HO)
)
\Gread@gobject=\count103
))
\Gin@req@height=\dimen126
\Gin@req@width=\dimen127
)
(D:\CTEX\MiKTeX\tex\latex\oberdiek\epstopdf.sty
Package: epstopdf 2010/02/09 v2.5 Conversion with epstopdf on the fly (HO)

(D:\CTEX\MiKTeX\tex\latex\oberdiek\epstopdf-base.sty
Package: epstopdf-base 2010/02/09 v2.5 Base part for package epstopdf

(D:\CTEX\MiKTeX\tex\latex\oberdiek\grfext.sty
Package: grfext 2010/08/19 v1.1 Managing graphics extensions (HO)

(D:\CTEX\MiKTeX\tex\generic\oberdiek\kvdefinekeys.sty
Package: kvdefinekeys 2011/04/07 v1.3 Defining keys (HO)
))
(D:\CTEX\MiKTeX\tex\latex\oberdiek\kvoptions.sty
Package: kvoptions 2010/12/23 v3.10 Keyval support for LaTeX options (HO)

(D:\CTEX\MiKTeX\tex\generic\oberdiek\kvsetkeys.sty
Package: kvsetkeys 2011/04/07 v1.13 Key value parser (HO)

(D:\CTEX\MiKTeX\tex\generic\oberdiek\etexcmds.sty
Package: etexcmds 2011/02/16 v1.5 Prefix for e-TeX command names (HO)

(D:\CTEX\MiKTeX\tex\generic\oberdiek\ifluatex.sty
Package: ifluatex 2010/03/01 v1.3 Provides the ifluatex switch (HO)
Package ifluatex Info: LuaTeX not detected.
)
Package etexcmds Info: Could not find \expanded.
(etexcmds)             That can mean that you are not using pdfTeX 1.50 or
(etexcmds)             that some package has redefined \expanded.
(etexcmds)             In the latter case, load this package earlier.
)))
(D:\CTEX\MiKTeX\tex\generic\oberdiek\pdftexcmds.sty
Package: pdftexcmds 2011/04/22 v0.16 Utilities of pdfTeX for LuaTeX (HO)

(D:\CTEX\MiKTeX\tex\generic\oberdiek\ifpdf.sty
Package: ifpdf 2011/01/30 v2.3 Provides the ifpdf switch (HO)
Package ifpdf Info: pdfTeX in PDF mode is detected.
)
Package pdftexcmds Info: LuaTeX not detected.
Package pdftexcmds Info: \pdf@primitive is available.
Package pdftexcmds Info: \pdf@ifprimitive is available.
Package pdftexcmds Info: \pdfdraftmode found.
)
Package grfext Info: Graphics extension search list:
(grfext)             [.png,.pdf,.jpg,.mps,.jpeg,.jbig2,.jb2,.PNG,.PDF,.JPG,.JPE
G,.JBIG2,.JB2,.eps]
(grfext)             \AppendGraphicsExtensions on input line 452.
))
(D:\CTEX\MiKTeX\tex\latex\subfigure\subfigure.sty
Package: subfigure 2002/07/30 v2.1.4 subfigure package
\subfigtopskip=\skip47
\subfigcapskip=\skip48
\subfigcaptopadj=\dimen128
\subfigbottomskip=\skip49
\subfigcapmargin=\dimen129
\subfiglabelskip=\skip50
\c@subfigure=\count104
\c@lofdepth=\count105
\c@subtable=\count106
\c@lotdepth=\count107

****************************************
* Local config file subfigure.cfg used *
****************************************
(D:\CTEX\MiKTeX\tex\latex\subfigure\subfigure.cfg)
\subfig@top=\skip51
\subfig@bottom=\skip52
)
(D:\CTEX\MiKTeX\tex\latex\cite\cite.sty
LaTeX Info: Redefining \cite on input line 302.
LaTeX Info: Redefining \nocite on input line 373.
Package: cite 2010/09/10  v 5.3
)
(D:\CTEX\MiKTeX\tex\latex\algorithms\algorithm.sty
Package: algorithm 2009/08/24 v0.1 Document Style `algorithm' - floating enviro
nment

(D:\CTEX\MiKTeX\tex\latex\float\float.sty
Package: float 2001/11/08 v1.3d Float enhancements (AL)
\c@float@type=\count108
\float@exts=\toks22
\float@box=\box29
\@float@everytoks=\toks23
\@floatcapt=\box30
)
(D:\CTEX\MiKTeX\tex\latex\base\ifthen.sty
Package: ifthen 2001/05/26 v1.1c Standard LaTeX ifthen package (DPC)
)
\@float@every@algorithm=\toks24
\c@algorithm=\count109
)
(D:\CTEX\MiKTeX\tex\latex\algorithms\algorithmic.sty
Package: algorithmic 2009/08/24 v0.1 Document Style `algorithmic'
\c@ALC@unique=\count110
\c@ALC@line=\count111
\c@ALC@rem=\count112
\c@ALC@depth=\count113
\ALC@tlm=\skip53
\algorithmicindent=\skip54
)
("F:\Paper\BloomFilter\SFBF-submitted to TDKE20161214\titlesec.sty"
Package: titlesec 2007/08/12 v2.8 Sectioning titles
\ttl@box=\box31
\beforetitleunit=\skip55
\aftertitleunit=\skip56
\ttl@plus=\dimen130
\ttl@minus=\dimen131
\ttl@toksa=\toks25
\titlewidth=\dimen132
\titlewidthlast=\dimen133
\titlewidthfirst=\dimen134
)
(D:\CTEX\MiKTeX\tex\latex\multirow\multirow.sty
\bigstrutjot=\dimen135
)
(D:\CTEX\MiKTeX\tex\latex\tools\tabularx.sty
Package: tabularx 1999/01/07 v2.07 `tabularx' package (DPC)

(D:\CTEX\MiKTeX\tex\latex\tools\array.sty
Package: array 2008/09/09 v2.4c Tabular extension package (FMi)
\col@sep=\dimen136
\extrarowheight=\dimen137
\NC@list=\toks26
\extratabsurround=\skip57
\backup@length=\skip58
)
\TX@col@width=\dimen138
\TX@old@table=\dimen139
\TX@old@col=\dimen140
\TX@target=\dimen141
\TX@delta=\dimen142
\TX@cols=\count114
\TX@ftn=\toks27
)
(D:\CTEX\MiKTeX\tex\latex\booktabs\booktabs.sty
Package: booktabs 2005/04/14 v1.61803 publication quality tables
\heavyrulewidth=\dimen143
\lightrulewidth=\dimen144
\cmidrulewidth=\dimen145
\belowrulesep=\dimen146
\belowbottomsep=\dimen147
\aboverulesep=\dimen148
\abovetopsep=\dimen149
\cmidrulesep=\dimen150
\cmidrulekern=\dimen151
\defaultaddspace=\dimen152
\@cmidla=\count115
\@cmidlb=\count116
\@aboverulesep=\dimen153
\@belowrulesep=\dimen154
\@thisruleclass=\count117
\@lastruleclass=\count118
\@thisrulewidth=\dimen155
)
(D:\CTEX\MiKTeX\tex\latex\threeparttable\threeparttable.sty
Package: threeparttable 2003/06/13  v 3.0
\@tempboxb=\box32
)
(D:\CTEX\MiKTeX\tex\latex\ulem\ulem.sty
\UL@box=\box33
\UL@hyphenbox=\box34
\UL@skip=\skip59
\UL@hook=\toks28
\UL@height=\dimen156
\UL@pe=\count119
\UL@pixel=\dimen157
\ULC@box=\box35
Package: ulem 2011/03/18
\ULdepth=\dimen158
)
(D:\CTEX\MiKTeX\tex\latex\ltxmisc\url.sty
\Urlmuskip=\muskip11
Package: url 2006/04/12  ver 3.3  Verb mode for urls, etc.
)
(D:\CTEX\MiKTeX\tex\latex\cjk\CJK.sty
Package: CJK 2008/12/29 4.8.2

(D:\CTEX\MiKTeX\tex\latex\cjk\mule\MULEenc.sty
Package: MULEenc 2008/12/29 4.8.2
)
(D:\CTEX\MiKTeX\tex\latex\cjk\CJK.enc
File: CJK.enc 2008/12/29 4.8.2
)
LaTeX Info: Redefining \selectfont on input line 756.
\CJK@indent=\box36
)
(D:\CTEX\MiKTeX\tex\latex\geometry\geometry.sty
Package: geometry 2010/09/12 v5.6 Page Geometry

(D:\CTEX\MiKTeX\tex\generic\oberdiek\ifvtex.sty
Package: ifvtex 2010/03/01 v1.5 Switches for detecting VTeX and its modes (HO)
Package ifvtex Info: VTeX not detected.
)
(D:\CTEX\MiKTeX\tex\generic\ifxetex\ifxetex.sty
Package: ifxetex 2010/09/12 v0.6 Provides ifxetex conditional
)
\Gm@cnth=\count120
\Gm@cntv=\count121
\c@Gm@tempcnt=\count122
\Gm@bindingoffset=\dimen159
\Gm@wd@mp=\dimen160
\Gm@odd@mp=\dimen161
\Gm@even@mp=\dimen162
\Gm@layoutwidth=\dimen163
\Gm@layoutheight=\dimen164
\Gm@layouthoffset=\dimen165
\Gm@layoutvoffset=\dimen166
\Gm@dimlist=\toks29

(D:\CTEX\MiKTeX\tex\latex\geometry\geometry.cfg))
(D:\CTEX\MiKTeX\tex\latex\hyperref\hyperref.sty
Package: hyperref 2012/02/06 v6.82o Hypertext links for LaTeX

(D:\CTEX\MiKTeX\tex\generic\oberdiek\hobsub-hyperref.sty
Package: hobsub-hyperref 2011/04/23 v1.4 Bundle oberdiek, subset hyperref (HO)

(D:\CTEX\MiKTeX\tex\generic\oberdiek\hobsub-generic.sty
Package: hobsub-generic 2011/04/23 v1.4 Bundle oberdiek, subset generic (HO)
Package: hobsub 2011/04/23 v1.4 Subsetting bundle oberdiek (HO)
Package hobsub Info: Skipping package `infwarerr' (already loaded).
Package hobsub Info: Skipping package `ltxcmds' (already loaded).
Package hobsub Info: Skipping package `ifluatex' (already loaded).
Package hobsub Info: Skipping package `ifvtex' (already loaded).
Package: intcalc 2007/09/27 v1.1 Expandable integer calculations (HO)
Package hobsub Info: Skipping package `ifpdf' (already loaded).
Package hobsub Info: Skipping package `etexcmds' (already loaded).
Package hobsub Info: Skipping package `kvsetkeys' (already loaded).
Package hobsub Info: Skipping package `kvdefinekeys' (already loaded).
Package hobsub Info: Skipping package `pdftexcmds' (already loaded).
Package: pdfescape 2011/04/04 v1.12 Provides string conversions (HO)
Package: bigintcalc 2011/01/30 v1.2 Expandable big integer calculations (HO)
Package: bitset 2011/01/30 v1.1 Data type bit set (HO)
Package: uniquecounter 2011/01/30 v1.2 Provides unlimited unique counter (HO)
)
Package hobsub Info: Skipping package `hobsub' (already loaded).
Package: letltxmacro 2010/09/02 v1.4 Let assignment for LaTeX macros (HO)
Package: hopatch 2011/01/30 v1.0 Wrapper for package hooks (HO)
Package: xcolor-patch 2011/01/30 xcolor patch
Package: atveryend 2011/04/23 v1.7 Hooks at very end of document (HO)
Package: atbegshi 2011/01/30 v1.15 At begin shipout hook (HO)
Package: refcount 2010/12/01 v3.2 Data extraction from references (HO)
Package: hycolor 2011/01/30 v1.7 Color options of hyperref/bookmark (HO)
)
\@linkdim=\dimen167
\Hy@linkcounter=\count123
\Hy@pagecounter=\count124

(D:\CTEX\MiKTeX\tex\latex\hyperref\pd1enc.def
File: pd1enc.def 2012/02/06 v6.82o Hyperref: PDFDocEncoding definition (HO)
)
\Hy@SavedSpaceFactor=\count125

(D:\CTEX\MiKTeX\tex\latex\00miktex\hyperref.cfg
File: hyperref.cfg 2002/06/06 v1.2 hyperref configuration of TeXLive
)
Package hyperref Info: Option `colorlinks' set `true' on input line 3925.
Package hyperref Info: Hyper figures OFF on input line 4046.
Package hyperref Info: Link nesting OFF on input line 4051.
Package hyperref Info: Hyper index ON on input line 4054.
Package hyperref Info: Plain pages OFF on input line 4061.
Package hyperref Info: Backreferencing OFF on input line 4066.
Package hyperref Info: Implicit mode ON; LaTeX internals redefined.
Package hyperref Info: Bookmarks ON on input line 4284.
\c@Hy@tempcnt=\count126
LaTeX Info: Redefining \url on input line 4637.
\Fld@menulength=\count127
\Field@Width=\dimen168
\Fld@charsize=\dimen169
Package hyperref Info: Hyper figures OFF on input line 5757.
Package hyperref Info: Link nesting OFF on input line 5762.
Package hyperref Info: Hyper index ON on input line 5765.
Package hyperref Info: backreferencing OFF on input line 5772.
Package hyperref Info: Link coloring ON on input line 5775.
Package hyperref Info: Link coloring with OCG OFF on input line 5782.
Package hyperref Info: PDF/A mode OFF on input line 5787.
LaTeX Info: Redefining \ref on input line 5827.
LaTeX Info: Redefining \pageref on input line 5831.
\Hy@abspage=\count128
\c@Item=\count129
\c@Hfootnote=\count130
)

Package hyperref Message: Driver (autodetected): hpdftex.

(D:\CTEX\MiKTeX\tex\latex\hyperref\hpdftex.def
File: hpdftex.def 2012/02/06 v6.82o Hyperref driver for pdfTeX
\Fld@listcount=\count131
\c@bookmark@seq@number=\count132

(D:\CTEX\MiKTeX\tex\latex\oberdiek\rerunfilecheck.sty
Package: rerunfilecheck 2011/04/15 v1.7 Rerun checks for auxiliary files (HO)
Package uniquecounter Info: New unique counter `rerunfilecheck' on input line 2
82.
)
\Hy@SectionHShift=\skip60
)

LaTeX Warning: Unused global option(s):
    [executivepaper].

("F:\Paper\BloomFilter\SFBF-submitted to TDKE20161214\transaction20161214.aux")
LaTeX Font Info:    Checking defaults for OML/cmm/m/it on input line 51.
LaTeX Font Info:    ... okay on input line 51.
LaTeX Font Info:    Checking defaults for T1/cmr/m/n on input line 51.
LaTeX Font Info:    ... okay on input line 51.
LaTeX Font Info:    Checking defaults for OT1/cmr/m/n on input line 51.
LaTeX Font Info:    ... okay on input line 51.
LaTeX Font Info:    Checking defaults for OMS/cmsy/m/n on input line 51.
LaTeX Font Info:    ... okay on input line 51.
LaTeX Font Info:    Checking defaults for OMX/cmex/m/n on input line 51.
LaTeX Font Info:    ... okay on input line 51.
LaTeX Font Info:    Checking defaults for U/cmr/m/n on input line 51.
LaTeX Font Info:    ... okay on input line 51.
LaTeX Font Info:    Checking defaults for C00/song/m/n on input line 51.
LaTeX Font Info:    ... okay on input line 51.
LaTeX Font Info:    Checking defaults for C05/song/m/n on input line 51.
LaTeX Font Info:    ... okay on input line 51.
LaTeX Font Info:    Checking defaults for C09/song/m/n on input line 51.
LaTeX Font Info:    ... okay on input line 51.
LaTeX Font Info:    Checking defaults for C10/song/m/n on input line 51.
LaTeX Font Info:    ... okay on input line 51.
LaTeX Font Info:    Checking defaults for C20/song/m/n on input line 51.
LaTeX Font Info:    ... okay on input line 51.
LaTeX Font Info:    Checking defaults for C19/song/m/n on input line 51.
LaTeX Font Info:    ... okay on input line 51.
LaTeX Font Info:    Checking defaults for C40/song/m/n on input line 51.
LaTeX Font Info:    ... okay on input line 51.
LaTeX Font Info:    Checking defaults for C42/song/m/n on input line 51.
LaTeX Font Info:    ... okay on input line 51.
LaTeX Font Info:    Checking defaults for C43/song/m/n on input line 51.
LaTeX Font Info:    ... okay on input line 51.
LaTeX Font Info:    Checking defaults for C50/song/m/n on input line 51.
LaTeX Font Info:    ... okay on input line 51.
LaTeX Font Info:    Checking defaults for C52/song/m/n on input line 51.
LaTeX Font Info:    ... okay on input line 51.
LaTeX Font Info:    Checking defaults for C49/song/m/n on input line 51.
LaTeX Font Info:    ... okay on input line 51.
LaTeX Font Info:    Checking defaults for C60/mj/m/n on input line 51.
LaTeX Font Info:    ... okay on input line 51.
LaTeX Font Info:    Checking defaults for C61/mj/m/n on input line 51.
LaTeX Font Info:    ... okay on input line 51.
LaTeX Font Info:    Checking defaults for C63/mj/m/n on input line 51.
LaTeX Font Info:    ... okay on input line 51.
LaTeX Font Info:    Checking defaults for C64/mj/m/n on input line 51.
LaTeX Font Info:    ... okay on input line 51.
LaTeX Font Info:    Checking defaults for C65/mj/m/n on input line 51.
LaTeX Font Info:    ... okay on input line 51.
LaTeX Font Info:    Checking defaults for C70/song/m/n on input line 51.
LaTeX Font Info:    ... okay on input line 51.
LaTeX Font Info:    Checking defaults for C31/song/m/n on input line 51.
LaTeX Font Info:    ... okay on input line 51.
LaTeX Font Info:    Checking defaults for C32/song/m/n on input line 51.
LaTeX Font Info:    ... okay on input line 51.
LaTeX Font Info:    Checking defaults for C33/song/m/n on input line 51.
LaTeX Font Info:    ... okay on input line 51.
LaTeX Font Info:    Checking defaults for C34/song/m/n on input line 51.
LaTeX Font Info:    ... okay on input line 51.
LaTeX Font Info:    Checking defaults for C35/song/m/n on input line 51.
LaTeX Font Info:    ... okay on input line 51.
LaTeX Font Info:    Checking defaults for C36/song/m/n on input line 51.
LaTeX Font Info:    ... okay on input line 51.
LaTeX Font Info:    Checking defaults for C37/song/m/n on input line 51.
LaTeX Font Info:    ... okay on input line 51.
LaTeX Font Info:    Checking defaults for C80/song/m/n on input line 51.
LaTeX Font Info:    ... okay on input line 51.
LaTeX Font Info:    Checking defaults for C81/song/m/n on input line 51.
LaTeX Font Info:    ... okay on input line 51.
LaTeX Font Info:    Checking defaults for C01/song/m/n on input line 51.
LaTeX Font Info:    ... okay on input line 51.
LaTeX Font Info:    Checking defaults for C11/song/m/n on input line 51.
LaTeX Font Info:    ... okay on input line 51.
LaTeX Font Info:    Checking defaults for C21/song/m/n on input line 51.
LaTeX Font Info:    ... okay on input line 51.
LaTeX Font Info:    Checking defaults for C41/song/m/n on input line 51.
LaTeX Font Info:    ... okay on input line 51.
LaTeX Font Info:    Checking defaults for C62/song/m/n on input line 51.
LaTeX Font Info:    ... okay on input line 51.
LaTeX Font Info:    Checking defaults for PD1/pdf/m/n on input line 51.
LaTeX Font Info:    ... okay on input line 51.
(D:\CTEX\MiKTeX\tex\context\base\supp-pdf.mkii
[Loading MPS to PDF converter (version 2006.09.02).]
\scratchcounter=\count133
\scratchdimen=\dimen170
\scratchbox=\box37
\nofMPsegments=\count134
\nofMParguments=\count135
\everyMPshowfont=\toks30
\MPscratchCnt=\count136
\MPscratchDim=\dimen171
\MPnumerator=\count137
\makeMPintoPDFobject=\count138
\everyMPtoPDFconversion=\toks31
)
*geometry* driver: auto-detecting
*geometry* detected driver: pdftex
*geometry* verbose mode - [ preamble ] result:
* driver: pdftex
* paper: executivepaper
* layout: <same size as paper>
* layoutoffset:(h,v)=(0.0pt,0.0pt)
* modes: 
* h-part:(L,W,R)=(36.135pt, 451.6875pt, 36.135pt)
* v-part:(T,H,B)=(36.135pt, 686.565pt, 36.135pt)
* \paperwidth=523.95749pt
* \paperheight=758.83499pt
* \textwidth=451.6875pt
* \textheight=686.565pt
* \oddsidemargin=-36.135pt
* \evensidemargin=-36.135pt
* \topmargin=-66.20248pt
* \headheight=12.0pt
* \headsep=18.06749pt
* \topskip=12.0pt
* \footskip=28.90755pt
* \marginparwidth=20.0pt
* \marginparsep=10.0pt
* \columnsep=12.0pt
* \skip\footins=10.79993pt plus 4.79993pt minus 2.39996pt
* \hoffset=0.0pt
* \voffset=0.0pt
* \mag=1000
* \@twocolumntrue
* \@twosidefalse
* \@mparswitchfalse
* \@reversemarginfalse
* (1in=72.27pt=25.4mm, 1cm=28.453pt)

\AtBeginShipoutBox=\box38
(D:\CTEX\MiKTeX\tex\latex\graphics\color.sty
Package: color 2005/11/14 v1.0j Standard LaTeX Color (DPC)

(D:\CTEX\MiKTeX\tex\latex\00miktex\color.cfg
File: color.cfg 2007/01/18 v1.5 color configuration of teTeX/TeXLive
)
Package color Info: Driver file: pdftex.def on input line 130.
)
Package hyperref Info: Link coloring ON on input line 51.

(D:\CTEX\MiKTeX\tex\latex\hyperref\nameref.sty
Package: nameref 2010/04/30 v2.40 Cross-referencing by name of section

(D:\CTEX\MiKTeX\tex\generic\oberdiek\gettitlestring.sty
Package: gettitlestring 2010/12/03 v1.4 Cleanup title references (HO)
)
\c@section@level=\count139
)
LaTeX Info: Redefining \ref on input line 51.
LaTeX Info: Redefining \pageref on input line 51.
LaTeX Info: Redefining \nameref on input line 51.

("F:\Paper\BloomFilter\SFBF-submitted to TDKE20161214\transaction20161214.out")
("F:\Paper\BloomFilter\SFBF-submitted to TDKE20161214\transaction20161214.out")
\@outlinefile=\write3
LaTeX Font Info:    Calculating math sizes for size <11> on input line 60.
LaTeX Font Info:    Try loading font information for U+msa on input line 60.
(D:\CTEX\MiKTeX\tex\latex\amsfonts\umsa.fd
File: umsa.fd 2009/06/22 v3.00 AMS symbols A
)
LaTeX Font Info:    Try loading font information for U+msb on input line 60.

(D:\CTEX\MiKTeX\tex\latex\amsfonts\umsb.fd
File: umsb.fd 2009/06/22 v3.00 AMS symbols B
)
Underfull \hbox (badness 5119) in paragraph at lines 62--64
[]\OT1/ptm/b/it/9 Abstract\OT1/ptm/b/n/9 ---Bloom fil-ter-s (BF) al-low mem-ber
-ship
 []

[1{D:/CTEX/UserData/pdftex/config/pdftex.map{Unicode.sfd}{UGBK.sfd}}


]
Package epstopdf Info: Source file: <fig/BFinsert.eps>
(epstopdf)                    date: 2014-07-30 09:59:04
(epstopdf)                    size: 220022 bytes
(epstopdf)             Output file: <fig/BFinsert-eps-converted-to.pdf>
(epstopdf)                    date: 2016-12-09 22:12:24
(epstopdf)                    size: 15108 bytes
(epstopdf)             Command: <epstopdf --outfile=fig/BFinsert-eps-converted-
to.pdf fig/BFinsert.eps>
(epstopdf)             \includegraphics on input line 140.
Package epstopdf Info: Output file is already uptodate.

<fig/BFinsert-eps-converted-to.pdf, id=226, 554.07pt x 234.8775pt>
File: fig/BFinsert-eps-converted-to.pdf Graphic file (type pdf)

<use fig/BFinsert-eps-converted-to.pdf>
Package pdftex.def Info: fig/BFinsert-eps-converted-to.pdf used on input line 1
40.
(pdftex.def)             Requested size: 101.17755pt x 42.88898pt.
Package epstopdf Info: Source file: <fig/BFfalse.eps>
(epstopdf)                    date: 2014-07-30 09:59:04
(epstopdf)                    size: 228798 bytes
(epstopdf)             Output file: <fig/BFfalse-eps-converted-to.pdf>
(epstopdf)                    date: 2016-12-09 22:12:26
(epstopdf)                    size: 16172 bytes
(epstopdf)             Command: <epstopdf --outfile=fig/BFfalse-eps-converted-t
o.pdf fig/BFfalse.eps>
(epstopdf)             \includegraphics on input line 141.
Package epstopdf Info: Output file is already uptodate.

<fig/BFfalse-eps-converted-to.pdf, id=227, 562.1pt x 234.8775pt>
File: fig/BFfalse-eps-converted-to.pdf Graphic file (type pdf)

<use fig/BFfalse-eps-converted-to.pdf>
Package pdftex.def Info: fig/BFfalse-eps-converted-to.pdf used on input line 14
1.
(pdftex.def)             Requested size: 101.17755pt x 42.27612pt.
 [2]

LaTeX Font Warning: Command \footnotesize invalid in math mode on input line 14
9.

LaTeX Font Info:    Calculating math sizes for size <> on input line 152.

LaTeX Font Warning: Font shape `OT1/cmr/m/n' in size <> not available
(Font)              size <5> substituted on input line 152.


LaTeX Font Warning: Font shape `OT1/cmr/m/n' in size <0.7> not available
(Font)              size <5> substituted on input line 152.


LaTeX Font Warning: Font shape `OT1/cmr/m/n' in size <0.5> not available
(Font)              size <5> substituted on input line 152.


LaTeX Font Warning: Font shape `OML/cmm/m/it' in size <> not available
(Font)              size <5> substituted on input line 152.


LaTeX Font Warning: Font shape `OML/cmm/m/it' in size <0.7> not available
(Font)              size <5> substituted on input line 152.


LaTeX Font Warning: Font shape `OML/cmm/m/it' in size <0.5> not available
(Font)              size <5> substituted on input line 152.


LaTeX Font Warning: Font shape `OMS/cmsy/m/n' in size <> not available
(Font)              size <5> substituted on input line 152.


LaTeX Font Warning: Font shape `OMS/cmsy/m/n' in size <0.7> not available
(Font)              size <5> substituted on input line 152.


LaTeX Font Warning: Font shape `OMS/cmsy/m/n' in size <0.5> not available
(Font)              size <5> substituted on input line 152.


LaTeX Font Warning: Command \footnotesize invalid in math mode on input line 16
1.

Package epstopdf Info: Source file: <fig/sbf.eps>
(epstopdf)                    date: 2015-09-20 22:00:53
(epstopdf)                    size: 350404 bytes
(epstopdf)             Output file: <fig/sbf-eps-converted-to.pdf>
(epstopdf)                    date: 2016-12-09 22:12:28
(epstopdf)                    size: 24437 bytes
(epstopdf)             Command: <epstopdf --outfile=fig/sbf-eps-converted-to.pd
f fig/sbf.eps>
(epstopdf)             \includegraphics on input line 199.
Package epstopdf Info: Output file is already uptodate.
<fig/sbf-eps-converted-to.pdf, id=241, 581.17125pt x 189.70876pt>
File: fig/sbf-eps-converted-to.pdf Graphic file (type pdf)

<use fig/sbf-eps-converted-to.pdf>
Package pdftex.def Info: fig/sbf-eps-converted-to.pdf used on input line 199.
(pdftex.def)             Requested size: 216.81pt x 70.77296pt.
 [3 <F:/Paper/BloomFilter/SFBF-submitted to TDKE20161214/fig/BFinsert-eps-conve
rted-to.pdf> <F:/Paper/BloomFilter/SFBF-submitted to TDKE20161214/fig/BFfalse-e
ps-converted-to.pdf> <F:/Paper/BloomFilter/SFBF-submitted to TDKE20161214/fig/s
bf-eps-converted-to.pdf>]
Package hyperref Info: bookmark level for unknown algorithm defaults to 0 on in
put line 219.
Package epstopdf Info: Source file: <fig/SFBFexample.eps>
(epstopdf)                    date: 2015-09-21 15:59:46
(epstopdf)                    size: 1769492 bytes
(epstopdf)             Output file: <fig/SFBFexample-eps-converted-to.pdf>
(epstopdf)                    date: 2016-12-09 22:12:32
(epstopdf)                    size: 105731 bytes
(epstopdf)             Command: <epstopdf --outfile=fig/SFBFexample-eps-convert
ed-to.pdf fig/SFBFexample.eps>
(epstopdf)             \includegraphics on input line 275.
Package epstopdf Info: Output file is already uptodate.

<fig/SFBFexample-eps-converted-to.pdf, id=289, 568.1225pt x 230.8625pt>
File: fig/SFBFexample-eps-converted-to.pdf Graphic file (type pdf)

<use fig/SFBFexample-eps-converted-to.pdf>
Package pdftex.def Info: fig/SFBFexample-eps-converted-to.pdf used on input lin
e 275.
(pdftex.def)             Requested size: 216.81pt x 88.10205pt.

Underfull \hbox (badness 6910) in paragraph at lines 280--281
[]\OT1/ptm/m/n/10 Fig.[][]3[][] il-lus-trates how an SF-BF work-s. The
 []


Underfull \hbox (badness 10000) in paragraph at lines 280--281
\OT1/ptm/m/n/10 SF-BF is u-ti-lized to rep-re-sen-t a dy-nam-ic
 []


Underfull \hbox (badness 5985) in paragraph at lines 280--281
\OT1/ptm/m/n/10 da-ta set with se-quen-tial-ly ar-riv-ing da-ta item-s
 []

[4 <F:/Paper/BloomFilter/SFBF-submitted to TDKE20161214/fig/SFBFexample-eps-con
verted-to.pdf>]
Package epstopdf Info: Source file: <fig/HashRange.eps>
(epstopdf)                    date: 2015-09-21 22:54:44
(epstopdf)                    size: 843316 bytes
(epstopdf)             Output file: <fig/HashRange-eps-converted-to.pdf>
(epstopdf)                    date: 2016-12-09 22:12:35
(epstopdf)                    size: 63274 bytes
(epstopdf)             Command: <epstopdf --outfile=fig/HashRange-eps-converted
-to.pdf fig/HashRange.eps>
(epstopdf)             \includegraphics on input line 302.
Package epstopdf Info: Output file is already uptodate.

<fig/HashRange-eps-converted-to.pdf, id=358, 580.1675pt x 240.9pt>
File: fig/HashRange-eps-converted-to.pdf Graphic file (type pdf)

<use fig/HashRange-eps-converted-to.pdf>
Package pdftex.def Info: fig/HashRange-eps-converted-to.pdf used on input line 
302.
(pdftex.def)             Requested size: 216.81pt x 90.02483pt.


Package hyperref Warning: Token not allowed in a PDF string (PDFDocEncoding):
(hyperref)                removing `math shift' on input line 353.


Package hyperref Warning: Token not allowed in a PDF string (PDFDocEncoding):
(hyperref)                removing `subscript' on input line 353.


Package hyperref Warning: Token not allowed in a PDF string (PDFDocEncoding):
(hyperref)                removing `math shift' on input line 353.


LaTeX Font Warning: Command \footnotesize invalid in math mode on input line 36
3.


Underfull \hbox (badness 2707) in paragraph at lines 385--386
[]\OT1/ptm/m/n/10 The mul-ti-pli-ca-tion and ad-di-tion in $\OML/cmm/m/it/10 GF
\OT1/cmr/m/n/10 (2)$ \OT1/ptm/m/n/10 is
 []


LaTeX Font Warning: Command \footnotesize invalid in math mode on input line 38
8.


LaTeX Font Warning: Command \footnotesize invalid in math mode on input line 43
2.


LaTeX Font Warning: Command \scriptsize invalid in math mode on input line 443.



LaTeX Font Warning: Command \footnotesize invalid in math mode on input line 47
5.


LaTeX Font Warning: Command \scriptsize invalid in math mode on input line 488.


[5 <F:/Paper/BloomFilter/SFBF-submitted to TDKE20161214/fig/HashRange-eps-conve
rted-to.pdf>]
Underfull \hbox (badness 6316) in paragraph at lines 527--528
\OT1/ptm/m/n/10 tion gen-er-a-tion and speed up BF query, we
 []


Underfull \hbox (badness 1796) in paragraph at lines 527--528
\OT1/ptm/m/n/10 pro-pose to gen-er-ate hash func-tion-s for d-if-fer-en-
 []


Underfull \hbox (badness 2941) in paragraph at lines 527--528
\OT1/ptm/m/n/10 t SF-BF vec-tors from the same $\OML/cmm/m/it/10 k$ \OT1/ptm/m/
n/10 base ma-tri-
 []

Package epstopdf Info: Source file: <fig/Hash_function_generated_from_base_matr
ix.eps>
(epstopdf)                    date: 2015-09-23 11:15:39
(epstopdf)                    size: 1902985 bytes
(epstopdf)             Output file: <fig/Hash_function_generated_from_base_matr
ix-eps-converted-to.pdf>
(epstopdf)                    date: 2016-12-09 22:12:38
(epstopdf)                    size: 97306 bytes
(epstopdf)             Command: <epstopdf --outfile=fig/Hash_function_generated
_from_base_matrix-eps-converted-to.pdf fig/Hash_function_generated_from_base_ma
trix.eps>
(epstopdf)             \includegraphics on input line 565.
Package epstopdf Info: Output file is already uptodate.

<fig/Hash_function_generated_from_base_matrix-eps-converted-to.pdf, id=416, 573
.14125pt x 567.11874pt>
File: fig/Hash_function_generated_from_base_matrix-eps-converted-to.pdf Graphic
 file (type pdf)

<use fig/Hash_function_generated_from_base_matrix-eps-converted-to.pdf>
Package pdftex.def Info: fig/Hash_function_generated_from_base_matrix-eps-conve
rted-to.pdf used on input line 565.
(pdftex.def)             Requested size: 216.81pt x 214.52951pt.

Underfull \hbox (badness 2376) in paragraph at lines 577--580
\OT1/ptm/m/n/10 BF con-sist-s of mul-ti-ple SF-BF vec-tors, we on-
 []


Underfull \hbox (badness 5359) in paragraph at lines 587--588
[]\OT1/ptm/m/n/10 For an SF-BF vec-tor $\OML/cmm/m/it/10 SFBF[]$\OT1/ptm/m/n/10
 , to de-ter-mine
 []


Underfull \hbox (badness 6691) in paragraph at lines 587--588
\OT1/ptm/m/n/10 if a da-ta item $\OML/cmm/m/it/10 q$ \OT1/ptm/m/n/10 has al-rea
dy been in-sert-ed
 []


Underfull \hbox (badness 10000) in paragraph at lines 587--588
\OT1/ptm/m/n/10 in-to the vec-tor, it will check whether
 []


Underfull \hbox (badness 10000) in paragraph at lines 587--588
$\OML/cmm/m/it/10 SFBF[]\OT1/cmr/m/n/10 [[] []]\OML/cmm/m/it/10 ; SFBF[]\OT1/cm
r/m/n/10 [[] []]\OML/cmm/m/it/10 ; []  ; SFBF[]\OT1/cmr/m/n/10 [[] []]$
 []

[6 <F:/Paper/BloomFilter/SFBF-submitted to TDKE20161214/fig/Hash_function_gener
ated_from_base_matrix-eps-converted-to.pdf>]
Underfull \hbox (badness 3803) in paragraph at lines 592--593
\OT1/ptm/m/n/10 gen-er-a-tion al-go-rith-m, the $\OML/cmm/m/it/10 k$ \OT1/ptm/m
/n/10 hash func-tion-s for
 []

Package epstopdf Info: Source file: <fig/Left_logical_shift.eps>
(epstopdf)                    date: 2014-07-30 09:59:05
(epstopdf)                    size: 1638948 bytes
(epstopdf)             Output file: <fig/Left_logical_shift-eps-converted-to.pd
f>
(epstopdf)                    date: 2016-12-09 22:12:41
(epstopdf)                    size: 13177 bytes
(epstopdf)             Command: <epstopdf --outfile=fig/Left_logical_shift-eps-
converted-to.pdf fig/Left_logical_shift.eps>
(epstopdf)             \includegraphics on input line 604.
Package epstopdf Info: Output file is already uptodate.

<fig/Left_logical_shift-eps-converted-to.pdf, id=472, 316.18124pt x 118.4425pt>
File: fig/Left_logical_shift-eps-converted-to.pdf Graphic file (type pdf)
<use fig/Left_logical_shift-eps-converted-to.pdf>
Package pdftex.def Info: fig/Left_logical_shift-eps-converted-to.pdf used on in
put line 604.
(pdftex.def)             Requested size: 101.17755pt x 37.90056pt.
Package epstopdf Info: Source file: <fig/right_logical_shift.eps>
(epstopdf)                    date: 2014-07-30 09:59:05
(epstopdf)                    size: 1639535 bytes
(epstopdf)             Output file: <fig/right_logical_shift-eps-converted-to.p
df>
(epstopdf)                    date: 2016-12-09 22:12:44
(epstopdf)                    size: 13187 bytes
(epstopdf)             Command: <epstopdf --outfile=fig/right_logical_shift-eps
-converted-to.pdf fig/right_logical_shift.eps>
(epstopdf)             \includegraphics on input line 606.
Package epstopdf Info: Output file is already uptodate.

<fig/right_logical_shift-eps-converted-to.pdf, id=473, 316.18124pt x 118.4425pt
>
File: fig/right_logical_shift-eps-converted-to.pdf Graphic file (type pdf)
 <use fig/right_logical_shift-eps-converted-to.pdf>
Package pdftex.def Info: fig/right_logical_shift-eps-converted-to.pdf used on i
nput line 606.
(pdftex.def)             Requested size: 101.17755pt x 37.90056pt.
\c@theorem=\count140


LaTeX Font Warning: Command \small invalid in math mode on input line 617.


Overfull \hbox (2.60403pt too wide) detected at line 621
[]\OML/cmm/m/it/9 Add[] [] \OT1/cmr/m/n/9 (\OML/cmm/m/it/9 q\OT1/cmr/m/n/9 ) = 
\OML/cmm/m/it/9 Add[] [] \OT1/cmr/m/n/9 (\OML/cmm/m/it/9 q\OT1/cmr/m/n/9 ) \OML
/cmm/m/it/9 >> \OT1/cmr/m/n/9 ([][] \OMS/cmsy/m/n/9   [][]\OT1/cmr/m/n/9 )
 []

** ATTENTION: \proof is deprecated (line 624). Use \IEEEproof instead.

LaTeX Font Warning: Command \scriptsize invalid in math mode on input line 629.


Package epstopdf Info: Source file: <fig/Different_hash_functions.eps>
(epstopdf)                    date: 2015-09-21 22:57:54
(epstopdf)                    size: 2169930 bytes
(epstopdf)             Output file: <fig/Different_hash_functions-eps-converted
-to.pdf>
(epstopdf)                    date: 2016-12-09 22:12:48
(epstopdf)                    size: 116144 bytes
(epstopdf)             Command: <epstopdf --outfile=fig/Different_hash_function
s-eps-converted-to.pdf fig/Different_hash_functions.eps>
(epstopdf)             \includegraphics on input line 648.
Package epstopdf Info: Output file is already uptodate.

<fig/Different_hash_functions-eps-converted-to.pdf, id=475, 447.6725pt x 229.85
875pt>
File: fig/Different_hash_functions-eps-converted-to.pdf Graphic file (type pdf)

 <use fig/Different_hash_functions-eps-converted-to.pdf>
Package pdftex.def Info: fig/Different_hash_functions-eps-converted-to.pdf used
 on input line 648.
(pdftex.def)             Requested size: 231.26378pt x 118.74509pt.

Overfull \hbox (11.42003pt too wide) in paragraph at lines 648--649
 [][] 
 []


LaTeX Font Warning: Command \footnotesize invalid in math mode on input line 65
5.


Overfull \hbox (6.74057pt too wide) detected at line 657
[][] \OT1/cmr/m/n/8 = [] \OMS/cmsy/m/n/8  []  []  [] [] []
 []


LaTeX Font Warning: Command \footnotesize invalid in math mode on input line 66
1.


Underfull \hbox (badness 4229) in paragraph at lines 665--666
[]\OT1/ptm/m/n/10 It is easy to con-clude that $[] \OT1/cmr/m/n/10 = []$ \OT1/p
tm/m/n/10 for
 []


Underfull \hbox (badness 10000) in paragraph at lines 667--670
\OT1/ptm/m/n/10 This nice fea-ture in-di-cates that $\OML/cmm/m/it/10 Add[] [] 
\OT1/cmr/m/n/10 (\OML/cmm/m/it/10 q\OT1/cmr/m/n/10 )$
 []


Underfull \hbox (badness 2922) in paragraph at lines 667--670
\OT1/ptm/m/n/10 can be eas-i-ly ob-tained by sim-ply right-shifting
 []


Underfull \hbox (badness 6510) in paragraph at lines 667--670
$\OML/cmm/m/it/10 Add[] [] \OT1/cmr/m/n/10 (\OML/cmm/m/it/10 q\OT1/cmr/m/n/10 )
$ \OT1/ptm/m/n/10 for $[][] \OMS/cmsy/m/n/10   [][]$ \OT1/ptm/m/n/10 times
 []


Underfull \hbox (badness 7379) in paragraph at lines 667--670
\OT1/ptm/m/n/10 with-out need of re-cal-cu-lat-ing $\OML/cmm/m/it/10 k$ \OT1/pt
m/m/n/10 hash val-ues,
 []


Underfull \hbox (badness 10000) in paragraph at lines 667--670
\OT1/ptm/m/n/10 i.e., $\OML/cmm/m/it/10 Add[] [] \OT1/cmr/m/n/10 (\OML/cmm/m/it
/10 q\OT1/cmr/m/n/10 ) = \OML/cmm/m/it/10 Add[] [] \OT1/cmr/m/n/10 (\OML/cmm/m/
it/10 q\OT1/cmr/m/n/10 ) \OML/cmm/m/it/10 >>$
 []


Underfull \hbox (badness 10000) in paragraph at lines 667--670
$\OT1/cmr/m/n/10 ([][] \OMS/cmsy/m/n/10   [][]\OT1/cmr/m/n/10 ) []$\OT1/ptm/m/n
/10 . The proof
 []

[7 <F:/Paper/BloomFilter/SFBF-submitted to TDKE20161214/fig/Left_logical_shift-
eps-converted-to.pdf> <F:/Paper/BloomFilter/SFBF-submitted to TDKE20161214/fig/
right_logical_shift-eps-converted-to.pdf> <F:/Paper/BloomFilter/SFBF-submitted 
to TDKE20161214/fig/Different_hash_functions-eps-converted-to.pdf>]
Underfull \hbox (badness 3623) in paragraph at lines 674--679
[]\OT1/ptm/m/n/10 Given a da-ta item and it-s hash val-ues for
 []


Underfull \hbox (badness 10000) in paragraph at lines 698--698
[] []$\OML/cmm/m/it/9 k$ \OT1/ptm/m/n/9 base hash gen-er-a-tion ma-tri-ces $[]\
OT1/cmr/m/n/9 [1]$\OT1/ptm/m/n/9 ,
 []


Underfull \hbox (badness 7685) in paragraph at lines 703--706
[] []\OT1/ptm/m/n/9 Among SF-BF vec-tors, find the longest vec-tor
 []


Underfull \hbox (badness 1931) in paragraph at lines 703--706
$\OML/cmm/m/it/9 SFBF[]$ \OT1/ptm/m/n/9 with the length $\OML/cmm/m/it/9 m[]$\O
T1/ptm/m/n/9 . Ac-cord-ing to
 []


Underfull \hbox (badness 3068) in paragraph at lines 703--706
\OT1/ptm/m/n/9 can be ob-tained by tak-ing the first $\OML/cmm/m/it/9 l[]$ \OT1
/ptm/m/n/9 rows
 []


Underfull \hbox (badness 10000) in paragraph at lines 703--706
\OT1/ptm/m/n/9 of $\OML/cmm/m/it/9 k$ \OT1/ptm/m/n/9 base ma-tri-ces re-spec-ti
ve-ly, de-not-ed as
 []


Underfull \hbox (badness 10000) in paragraph at lines 703--706
$[]\OT1/cmr/m/n/9 [1]\OML/cmm/m/it/9 ; []\OT1/cmr/m/n/9 [2]\OML/cmm/m/it/9 ; []
  ; []\OT1/cmr/m/n/9 [\OML/cmm/m/it/9 k\OT1/cmr/m/n/9 ]$\OT1/ptm/m/n/9 , where
 []


LaTeX Font Warning: Command \small invalid in math mode on input line 710.


Overfull \hbox (12.21178pt too wide) detected at line 712
[]\OML/cmm/m/it/9 Add[] [] \OT1/cmr/m/n/9 (\OML/cmm/m/it/9 q\OT1/cmr/m/n/9 ) = 
\OML/cmm/m/it/9 Add[] [] \OT1/cmr/m/n/9 (\OML/cmm/m/it/9 q\OT1/cmr/m/n/9 ) \OML
/cmm/m/it/9 >> []
 []


Underfull \hbox (badness 2435) in paragraph at lines 719--720
\OT1/ptm/m/n/10 and then hash the da-ta item $\OML/cmm/m/it/10 q$ \OT1/ptm/m/n/
10 us-ing ma-tri-ces
 []


Underfull \hbox (badness 3098) in paragraph at lines 719--720
$[] [] []$ \OT1/ptm/m/n/10 to get the hash val-ues
 []


LaTeX Font Warning: Command \footnotesize invalid in math mode on input line 74
7.


Overfull \hbox (23.72943pt too wide) detected at line 750
[][] \OT1/cmr/m/n/8 = 1 \OMS/cmsy/m/n/8   [][][]  [] \OML/cmm/m/it/8 :
 []

** ATTENTION: \proof is deprecated (line 752). Use \IEEEproof instead.

LaTeX Font Warning: Command \footnotesize invalid in math mode on input line 76
0.


Overfull \hbox (1.50967pt too wide) detected at line 765
[][] 
 []

[8]

LaTeX Font Warning: Command \footnotesize invalid in math mode on input line 78
8.


LaTeX Font Warning: Command \footnotesize invalid in math mode on input line 79
7.

** ATTENTION: \proof is deprecated (line 802). Use \IEEEproof instead.

LaTeX Font Warning: Command \footnotesize invalid in math mode on input line 80
6.


LaTeX Font Warning: Command \footnotesize invalid in math mode on input line 81
3.


LaTeX Font Warning: Command \footnotesize invalid in math mode on input line 82
0.


LaTeX Font Warning: Command \footnotesize invalid in math mode on input line 82
6.

[9]
LaTeX Font Info:    Try loading font information for OMS+ptm on input line 882.

 (D:\CTEX\MiKTeX\tex\latex\psnfss\omsptm.fd
File: omsptm.fd 
)
LaTeX Font Info:    Font shape `OMS/ptm/m/n' in size <10> not available
(Font)              Font shape `OMS/cmsy/m/n' tried instead on input line 882.

Underfull \hbox (badness 10000) in paragraph at lines 910--911
\OT1/ptm/m/n/10 so the vec-tor length fol-lows the ex-po-nen-tial
 []


Underfull \hbox (badness 3492) in paragraph at lines 910--911
\OT1/ptm/m/n/10 growth. Un-der $\OML/cmm/m/it/10 []$\OT1/ptm/m/n/10 , the leng
th-s of each vec-tor
 []


Underfull \hbox (badness 10000) in paragraph at lines 910--911
\OT1/ptm/m/n/10 added are $[]\OML/cmm/m/it/10 ; [][]; [][]; [][]; [] $\OT1/ptm/
m/n/10 , where the
 []


Underfull \hbox (badness 10000) in paragraph at lines 910--911
\OT1/ptm/m/n/10 vec-tor length al-so fol-lows the ex-po-nen-tial
 []


Underfull \hbox (badness 3601) in paragraph at lines 910--911
\OT1/ptm/m/n/10 growth but at a speed faster than that un-der
 []


Underfull \hbox (badness 10000) in paragraph at lines 910--911
\OT1/ptm/m/n/10 are $[]\OML/cmm/m/it/10 ; []; \OT1/cmr/m/n/10 2[]\OML/cmm/m/it/
10 ; \OT1/cmr/m/n/10 2[]\OML/cmm/m/it/10 ; [][]; [][]; [][]; [][]; [] $\OT1/ptm
/m/n/10 ,
 []


Underfull \hbox (badness 2310) in paragraph at lines 910--911
$\OML/cmm/m/it/10 []$\OT1/ptm/m/n/10 , the ex-pand-ing speed is ran-dom-ly gen
-er-at-ed
 []


Underfull \hbox (badness 2334) in paragraph at lines 910--911
$\OML/cmm/m/it/10 []$\OT1/ptm/m/n/10 , there are five d-if-fer-en-t length vec
-tors with
 []

[10]
Package epstopdf Info: Source file: <franztao20161209/p2_ExtensionRound.eps>
(epstopdf)                    date: 2016-12-13 17:55:17
(epstopdf)                    size: 62509 bytes
(epstopdf)             Output file: <franztao20161209/p2_ExtensionRound-eps-con
verted-to.pdf>
(epstopdf)                    date: 2016-12-13 17:55:29
(epstopdf)                    size: 28857 bytes
(epstopdf)             Command: <epstopdf --outfile=franztao20161209/p2_Extensi
onRound-eps-converted-to.pdf franztao20161209/p2_ExtensionRound.eps>
(epstopdf)             \includegraphics on input line 929.
Package epstopdf Info: Output file is already uptodate.

<franztao20161209/p2_ExtensionRound-eps-converted-to.pdf, id=611, 1166.3575pt x
 746.79pt>
File: franztao20161209/p2_ExtensionRound-eps-converted-to.pdf Graphic file (typ
e pdf)
 <use franztao20161209/p2_ExtensionRound-eps-converted-to.pdf>
Package pdftex.def Info: franztao20161209/p2_ExtensionRound-eps-converted-to.pd
f used on input line 929.
(pdftex.def)             Requested size: 216.81pt x 138.8149pt.
Package epstopdf Info: Source file: <franztao20161209/p1_falsepositiverate.eps>

(epstopdf)                    date: 2016-12-13 17:55:16
(epstopdf)                    size: 102726 bytes
(epstopdf)             Output file: <franztao20161209/p1_falsepositiverate-eps-
converted-to.pdf>
(epstopdf)                    date: 2016-12-13 17:55:30
(epstopdf)                    size: 50058 bytes
(epstopdf)             Command: <epstopdf --outfile=franztao20161209/p1_falsepo
sitiverate-eps-converted-to.pdf franztao20161209/p1_falsepositiverate.eps>
(epstopdf)             \includegraphics on input line 950.
Package epstopdf Info: Output file is already uptodate.

<franztao20161209/p1_falsepositiverate-eps-converted-to.pdf, id=615, 1181.41376
pt x 746.79pt>
File: franztao20161209/p1_falsepositiverate-eps-converted-to.pdf Graphic file (
type pdf)

<use franztao20161209/p1_falsepositiverate-eps-converted-to.pdf>
Package pdftex.def Info: franztao20161209/p1_falsepositiverate-eps-converted-to
.pdf used on input line 950.
(pdftex.def)             Requested size: 216.81pt x 137.04866pt.


LaTeX Warning: `!h' float specifier changed to `!ht'.

Package epstopdf Info: Source file: <franztao20161209/p5_QueryingCPUtimewithshi
fting.eps>
(epstopdf)                    date: 2016-12-13 17:55:20
(epstopdf)                    size: 106407 bytes
(epstopdf)             Output file: <franztao20161209/p5_QueryingCPUtimewithshi
fting-eps-converted-to.pdf>
(epstopdf)                    date: 2016-12-13 17:55:31
(epstopdf)                    size: 51355 bytes
(epstopdf)             Command: <epstopdf --outfile=franztao20161209/p5_Queryin
gCPUtimewithshifting-eps-converted-to.pdf franztao20161209/p5_QueryingCPUtimewi
thshifting.eps>
(epstopdf)             \includegraphics on input line 1014.
Package epstopdf Info: Output file is already uptodate.

<franztao20161209/p5_QueryingCPUtimewithshifting-eps-converted-to.pdf, id=620, 
1200.485pt x 746.79pt>
File: franztao20161209/p5_QueryingCPUtimewithshifting-eps-converted-to.pdf Grap
hic file (type pdf)

<use franztao20161209/p5_QueryingCPUtimewithshifting-eps-converted-to.pdf>
Package pdftex.def Info: franztao20161209/p5_QueryingCPUtimewithshifting-eps-co
nverted-to.pdf used on input line 1014.
(pdftex.def)             Requested size: 216.81pt x 134.8722pt.
Package epstopdf Info: Source file: <franztao20161209/p4_QueryingCPUtimewithout
shifting.eps>
(epstopdf)                    date: 2016-12-13 17:55:19
(epstopdf)                    size: 62823 bytes
(epstopdf)             Output file: <franztao20161209/p4_QueryingCPUtimewithout
shifting-eps-converted-to.pdf>
(epstopdf)                    date: 2016-12-13 17:55:32
(epstopdf)                    size: 30304 bytes
(epstopdf)             Command: <epstopdf --outfile=franztao20161209/p4_Queryin
gCPUtimewithoutshifting-eps-converted-to.pdf franztao20161209/p4_QueryingCPUtim
ewithoutshifting.eps>
(epstopdf)             \includegraphics on input line 1023.
Package epstopdf Info: Output file is already uptodate.

<franztao20161209/p4_QueryingCPUtimewithoutshifting-eps-converted-to.pdf, id=62
1, 1200.485pt x 746.79pt>
File: franztao20161209/p4_QueryingCPUtimewithoutshifting-eps-converted-to.pdf G
raphic file (type pdf)

<use franztao20161209/p4_QueryingCPUtimewithoutshifting-eps-converted-to.pdf>
Package pdftex.def Info: franztao20161209/p4_QueryingCPUtimewithoutshifting-eps
-converted-to.pdf used on input line 1023.
(pdftex.def)             Requested size: 216.81pt x 134.8722pt.


LaTeX Warning: `!h' float specifier changed to `!ht'.

[11 <F:/Paper/BloomFilter/SFBF-submitted to TDKE20161214/franztao20161209/p2_Ex
tensionRound-eps-converted-to.pdf> <F:/Paper/BloomFilter/SFBF-submitted to TDKE
20161214/franztao20161209/p1_falsepositiverate-eps-converted-to.pdf> <F:/Paper/
BloomFilter/SFBF-submitted to TDKE20161214/franztao20161209/p5_QueryingCPUtimew
ithshifting-eps-converted-to.pdf>]
Package epstopdf Info: Source file: <franztao20161209/p3_SpaceSizeFilters.eps>
(epstopdf)                    date: 2016-12-13 17:55:18
(epstopdf)                    size: 62646 bytes
(epstopdf)             Output file: <franztao20161209/p3_SpaceSizeFilters-eps-c
onverted-to.pdf>
(epstopdf)                    date: 2016-12-13 17:55:33
(epstopdf)                    size: 28735 bytes
(epstopdf)             Command: <epstopdf --outfile=franztao20161209/p3_SpaceSi
zeFilters-eps-converted-to.pdf franztao20161209/p3_SpaceSizeFilters.eps>
(epstopdf)             \includegraphics on input line 1055.
Package epstopdf Info: Output file is already uptodate.

<franztao20161209/p3_SpaceSizeFilters-eps-converted-to.pdf, id=659, 1149.29375p
t x 746.79pt>
File: franztao20161209/p3_SpaceSizeFilters-eps-converted-to.pdf Graphic file (t
ype pdf)
 <use franztao20161209/p3_SpaceSizeFilters-eps-converted-to.pdf>
Package pdftex.def Info: franztao20161209/p3_SpaceSizeFilters-eps-converted-to.
pdf used on input line 1055.
(pdftex.def)             Requested size: 216.81pt x 140.87741pt.

[12 <F:/Paper/BloomFilter/SFBF-submitted to TDKE20161214/franztao20161209/p4_Qu
eryingCPUtimewithoutshifting-eps-converted-to.pdf> <F:/Paper/BloomFilter/SFBF-s
ubmitted to TDKE20161214/franztao20161209/p3_SpaceSizeFilters-eps-converted-to.
pdf>]
("F:\Paper\BloomFilter\SFBF-submitted to TDKE20161214\transaction20161214.bbl"
Underfull \hbox (badness 10000) in paragraph at lines 99--100
[]\OT1/ptm/m/n/8 ``Umass.'' [][]$http : / / traces . cs . umass . edu / index .
 php / Network /$
 []

) [13]
Package epstopdf Info: Source file: <fig/kunxie.eps>
(epstopdf)                    date: 2013-07-15 20:31:58
(epstopdf)                    size: 322835 bytes
(epstopdf)             Output file: <fig/kunxie-eps-converted-to.pdf>
(epstopdf)                    date: 2016-12-09 22:13:21
(epstopdf)                    size: 11641 bytes
(epstopdf)             Command: <epstopdf --outfile=fig/kunxie-eps-converted-to
.pdf fig/kunxie.eps>
(epstopdf)             \includegraphics on input line 1091.
Package epstopdf Info: Output file is already uptodate.
 <fig/kunxie-eps-converted-to.pdf, id=698, 36.135pt x 52.195pt>
File: fig/kunxie-eps-converted-to.pdf Graphic file (type pdf)

<use fig/kunxie-eps-converted-to.pdf>
Package pdftex.def Info: fig/kunxie-eps-converted-to.pdf used on input line 109
1.
(pdftex.def)             Requested size: 62.54959pt x 90.34946pt.
Package epstopdf Info: Source file: <fig/kunxie.eps>
(epstopdf)                    date: 2013-07-15 20:31:58
(epstopdf)                    size: 322835 bytes
(epstopdf)             Output file: <fig/kunxie-eps-converted-to.pdf>
(epstopdf)                    date: 2016-12-09 22:13:21
(epstopdf)                    size: 11641 bytes
(epstopdf)             Command: <epstopdf --outfile=fig/kunxie-eps-converted-to
.pdf fig/kunxie.eps>
(epstopdf)             \includegraphics on input line 1091.
Package epstopdf Info: Output file is already uptodate.
File: fig/kunxie-eps-converted-to.pdf Graphic file (type pdf)
 <use fig/kunxie-eps-converted-to.pdf>
Package pdftex.def Info: fig/kunxie-eps-converted-to.pdf used on input line 109
1.
(pdftex.def)             Requested size: 62.54959pt x 90.34946pt.
Package epstopdf Info: Source file: <fig/xinwang.eps>
(epstopdf)                    date: 2013-07-16 22:22:00
(epstopdf)                    size: 1250745 bytes
(epstopdf)             Output file: <fig/xinwang-eps-converted-to.pdf>
(epstopdf)                    date: 2016-12-09 22:13:24
(epstopdf)                    size: 15084 bytes
(epstopdf)             Command: <epstopdf --outfile=fig/xinwang-eps-converted-t
o.pdf fig/xinwang.eps>
(epstopdf)             \includegraphics on input line 1102.
Package epstopdf Info: Output file is already uptodate.

<fig/xinwang-eps-converted-to.pdf, id=701, 182.6825pt x 229.85875pt>
File: fig/xinwang-eps-converted-to.pdf Graphic file (type pdf)

<use fig/xinwang-eps-converted-to.pdf>
Package pdftex.def Info: fig/xinwang-eps-converted-to.pdf used on input line 11
02.
(pdftex.def)             Requested size: 71.7978pt x 90.33899pt.
Package epstopdf Info: Source file: <fig/xinwang.eps>
(epstopdf)                    date: 2013-07-16 22:22:00
(epstopdf)                    size: 1250745 bytes
(epstopdf)             Output file: <fig/xinwang-eps-converted-to.pdf>
(epstopdf)                    date: 2016-12-09 22:13:24
(epstopdf)                    size: 15084 bytes
(epstopdf)             Command: <epstopdf --outfile=fig/xinwang-eps-converted-t
o.pdf fig/xinwang.eps>
(epstopdf)             \includegraphics on input line 1102.
Package epstopdf Info: Output file is already uptodate.
File: fig/xinwang-eps-converted-to.pdf Graphic file (type pdf)
 <use fig/xinwang-eps-converted-to.pdf>
Package pdftex.def Info: fig/xinwang-eps-converted-to.pdf used on input line 11
02.
(pdftex.def)             Requested size: 71.7978pt x 90.33899pt.
Package epstopdf Info: Source file: <fig/taoheng.eps>
(epstopdf)                    date: 2016-05-26 16:00:37
(epstopdf)                    size: 2528044 bytes
(epstopdf)             Output file: <fig/taoheng-eps-converted-to.pdf>
(epstopdf)                    date: 2016-12-11 18:37:03
(epstopdf)                    size: 48397 bytes
(epstopdf)             Command: <epstopdf --outfile=fig/taoheng-eps-converted-t
o.pdf fig/taoheng.eps>
(epstopdf)             \includegraphics on input line 1107.
Package epstopdf Info: Output file is already uptodate.

<fig/taoheng-eps-converted-to.pdf, id=704, 425.59pt x 554.07pt>
File: fig/taoheng-eps-converted-to.pdf Graphic file (type pdf)

<use fig/taoheng-eps-converted-to.pdf>
Package pdftex.def Info: fig/taoheng-eps-converted-to.pdf used on input line 11
07.
(pdftex.def)             Requested size: 69.38808pt x 90.33543pt.
Package epstopdf Info: Source file: <fig/taoheng.eps>
(epstopdf)                    date: 2016-05-26 16:00:37
(epstopdf)                    size: 2528044 bytes
(epstopdf)             Output file: <fig/taoheng-eps-converted-to.pdf>
(epstopdf)                    date: 2016-12-11 18:37:03
(epstopdf)                    size: 48397 bytes
(epstopdf)             Command: <epstopdf --outfile=fig/taoheng-eps-converted-t
o.pdf fig/taoheng.eps>
(epstopdf)             \includegraphics on input line 1107.
Package epstopdf Info: Output file is already uptodate.
File: fig/taoheng-eps-converted-to.pdf Graphic file (type pdf)
 <use fig/taoheng-eps-converted-to.pdf>
Package pdftex.def Info: fig/taoheng-eps-converted-to.pdf used on input line 11
07.
(pdftex.def)             Requested size: 69.38808pt x 90.33543pt.
Package epstopdf Info: Source file: <fig/jigangwen.eps>
(epstopdf)                    date: 2013-07-15 20:28:44
(epstopdf)                    size: 575613 bytes
(epstopdf)             Output file: <fig/jigangwen-eps-converted-to.pdf>
(epstopdf)                    date: 2016-12-09 22:13:51
(epstopdf)                    size: 27778 bytes
(epstopdf)             Command: <epstopdf --outfile=fig/jigangwen-eps-converted
-to.pdf fig/jigangwen.eps>
(epstopdf)             \includegraphics on input line 1111.
Package epstopdf Info: Output file is already uptodate.

<fig/jigangwen-eps-converted-to.pdf, id=707, 72.27pt x 101.37875pt>
File: fig/jigangwen-eps-converted-to.pdf Graphic file (type pdf)

<use fig/jigangwen-eps-converted-to.pdf>
Package pdftex.def Info: fig/jigangwen-eps-converted-to.pdf used on input line 
1111.
(pdftex.def)             Requested size: 64.40057pt x 90.33972pt.
Package epstopdf Info: Source file: <fig/jigangwen.eps>
(epstopdf)                    date: 2013-07-15 20:28:44
(epstopdf)                    size: 575613 bytes
(epstopdf)             Output file: <fig/jigangwen-eps-converted-to.pdf>
(epstopdf)                    date: 2016-12-09 22:13:51
(epstopdf)                    size: 27778 bytes
(epstopdf)             Command: <epstopdf --outfile=fig/jigangwen-eps-converted
-to.pdf fig/jigangwen.eps>
(epstopdf)             \includegraphics on input line 1111.
Package epstopdf Info: Output file is already uptodate.
File: fig/jigangwen-eps-converted-to.pdf Graphic file (type pdf)

<use fig/jigangwen-eps-converted-to.pdf>
Package pdftex.def Info: fig/jigangwen-eps-converted-to.pdf used on input line 
1111.
(pdftex.def)             Requested size: 64.40057pt x 90.33972pt.
Package epstopdf Info: Source file: <fig/minyinghua.eps>
(epstopdf)                    date: 2016-04-02 00:12:07
(epstopdf)                    size: 766074 bytes
(epstopdf)             Output file: <fig/minyinghua-eps-converted-to.pdf>
(epstopdf)                    date: 2016-12-09 22:13:53
(epstopdf)                    size: 13066 bytes
(epstopdf)             Command: <epstopdf --outfile=fig/minyinghua-eps-converte
d-to.pdf fig/minyinghua.eps>
(epstopdf)             \includegraphics on input line 1116.
Package epstopdf Info: Output file is already uptodate.

<fig/minyinghua-eps-converted-to.pdf, id=710, 216.81pt x 301.125pt>
File: fig/minyinghua-eps-converted-to.pdf Graphic file (type pdf)

<use fig/minyinghua-eps-converted-to.pdf>
Package pdftex.def Info: fig/minyinghua-eps-converted-to.pdf used on input line
 1116.
(pdftex.def)             Requested size: 65.04349pt x 90.33818pt.
Package epstopdf Info: Source file: <fig/minyinghua.eps>
(epstopdf)                    date: 2016-04-02 00:12:07
(epstopdf)                    size: 766074 bytes
(epstopdf)             Output file: <fig/minyinghua-eps-converted-to.pdf>
(epstopdf)                    date: 2016-12-09 22:13:53
(epstopdf)                    size: 13066 bytes
(epstopdf)             Command: <epstopdf --outfile=fig/minyinghua-eps-converte
d-to.pdf fig/minyinghua.eps>
(epstopdf)             \includegraphics on input line 1116.
Package epstopdf Info: Output file is already uptodate.
File: fig/minyinghua-eps-converted-to.pdf Graphic file (type pdf)

<use fig/minyinghua-eps-converted-to.pdf>
Package pdftex.def Info: fig/minyinghua-eps-converted-to.pdf used on input line
 1116.
(pdftex.def)             Requested size: 65.04349pt x 90.33818pt.
Missing character: There is no  in font ptmr7t!
Missing character: There is no  in font ptmr7t!
Missing character: There is no  in font ptmr7t!
Missing character: There is no  in font ptmr7t!
Missing character: There is no  in font ptmr7t!
Missing character: There is no  in font ptmr7t!

Underfull \hbox (badness 3375) in paragraph at lines 1116--1117
[]\OT1/ptm/b/n/8 Yinghua Min \OT1/ptm/m/n/8 grad-u-at-ed from math-
 []


Underfull \hbox (badness 1642) in paragraph at lines 1116--1117
\OT1/ptm/m/n/8 e-mat-ic-s de-part-men-t of Jilin u-ni-ver-si-ty,
 []

Package epstopdf Info: Source file: <fig/KeqinLi.eps>
(epstopdf)                    date: 2016-04-01 23:32:18
(epstopdf)                    size: 1528125 bytes
(epstopdf)             Output file: <fig/KeqinLi-eps-converted-to.pdf>
(epstopdf)                    date: 2016-12-09 22:13:56
(epstopdf)                    size: 31418 bytes
(epstopdf)             Command: <epstopdf --outfile=fig/KeqinLi-eps-converted-t
o.pdf fig/KeqinLi.eps>
(epstopdf)             \includegraphics on input line 1119.
Package epstopdf Info: Output file is already uptodate.
<fig/KeqinLi-eps-converted-to.pdf, id=713, 415.5525pt x 607.26875pt>
File: fig/KeqinLi-eps-converted-to.pdf Graphic file (type pdf)

<use fig/KeqinLi-eps-converted-to.pdf>
Package pdftex.def Info: fig/KeqinLi-eps-converted-to.pdf used on input line 11
19.
(pdftex.def)             Requested size: 61.81657pt x 90.33582pt.
Package epstopdf Info: Source file: <fig/KeqinLi.eps>
(epstopdf)                    date: 2016-04-01 23:32:18
(epstopdf)                    size: 1528125 bytes
(epstopdf)             Output file: <fig/KeqinLi-eps-converted-to.pdf>
(epstopdf)                    date: 2016-12-09 22:13:56
(epstopdf)                    size: 31418 bytes
(epstopdf)             Command: <epstopdf --outfile=fig/KeqinLi-eps-converted-t
o.pdf fig/KeqinLi.eps>
(epstopdf)             \includegraphics on input line 1119.
Package epstopdf Info: Output file is already uptodate.
File: fig/KeqinLi-eps-converted-to.pdf Graphic file (type pdf)
 <use fig/KeqinLi-eps-converted-to.pdf>
Package pdftex.def Info: fig/KeqinLi-eps-converted-to.pdf used on input line 11
19.
(pdftex.def)             Requested size: 61.81657pt x 90.33582pt.
Package epstopdf Info: Source file: <fig/gaogangxie.eps>
(epstopdf)                    date: 2015-06-19 14:22:32
(epstopdf)                    size: 676690 bytes
(epstopdf)             Output file: <fig/gaogangxie-eps-converted-to.pdf>
(epstopdf)                    date: 2016-12-09 22:13:58
(epstopdf)                    size: 172065 bytes
(epstopdf)             Command: <epstopdf --outfile=fig/gaogangxie-eps-converte
d-to.pdf fig/gaogangxie.eps>
(epstopdf)             \includegraphics on input line 1146.
Package epstopdf Info: Output file is already uptodate.

<fig/gaogangxie-eps-converted-to.pdf, id=716, 1642.135pt x 2287.54625pt>
File: fig/gaogangxie-eps-converted-to.pdf Graphic file (type pdf)

<use fig/gaogangxie-eps-converted-to.pdf>
Package pdftex.def Info: fig/gaogangxie-eps-converted-to.pdf used on input line
 1146.
(pdftex.def)             Requested size: 64.84734pt x 90.3344pt.
Package epstopdf Info: Source file: <fig/gaogangxie.eps>
(epstopdf)                    date: 2015-06-19 14:22:32
(epstopdf)                    size: 676690 bytes
(epstopdf)             Output file: <fig/gaogangxie-eps-converted-to.pdf>
(epstopdf)                    date: 2016-12-09 22:13:58
(epstopdf)                    size: 172065 bytes
(epstopdf)             Command: <epstopdf --outfile=fig/gaogangxie-eps-converte
d-to.pdf fig/gaogangxie.eps>
(epstopdf)             \includegraphics on input line 1146.
Package epstopdf Info: Output file is already uptodate.
File: fig/gaogangxie-eps-converted-to.pdf Graphic file (type pdf)

<use fig/gaogangxie-eps-converted-to.pdf>
Package pdftex.def Info: fig/gaogangxie-eps-converted-to.pdf used on input line
 1146.
(pdftex.def)             Requested size: 64.84734pt x 90.3344pt.
Package atveryend Info: Empty hook `BeforeClearDocument' on input line 1151.
 [14 <F:/Paper/BloomFilter/SFBF-submitted to TDKE20161214/fig/kunxie-eps-conver
ted-to.pdf> <F:/Paper/BloomFilter/SFBF-submitted to TDKE20161214/fig/xinwang-ep
s-converted-to.pdf> <F:/Paper/BloomFilter/SFBF-submitted to TDKE20161214/fig/ta
oheng-eps-converted-to.pdf> <F:/Paper/BloomFilter/SFBF-submitted to TDKE2016121
4/fig/jigangwen-eps-converted-to.pdf> <F:/Paper/BloomFilter/SFBF-submitted to T
DKE20161214/fig/minyinghua-eps-converted-to.pdf> <F:/Paper/BloomFilter/SFBF-sub
mitted to TDKE20161214/fig/KeqinLi-eps-converted-to.pdf> <F:/Paper/BloomFilter/
SFBF-submitted to TDKE20161214/fig/gaogangxie-eps-converted-to.pdf>]
Package atveryend Info: Empty hook `AfterLastShipout' on input line 1151.

("F:\Paper\BloomFilter\SFBF-submitted to TDKE20161214\transaction20161214.aux")
Package atveryend Info: Executing hook `AtVeryEndDocument' on input line 1151.
Package atveryend Info: Executing hook `AtEndAfterFileList' on input line 1151.

Package rerunfilecheck Info: File `transaction20161214.out' has not changed.
(rerunfilecheck)             Checksum: 7E5B0BAF6E5B553289B3C29F663D90A4;2545.

LaTeX Font Warning: Size substitutions with differences
(Font)              up to 4.5pt have occurred.

 ) 
Here is how much of TeX's memory you used:
 9333 strings out of 495354
 134464 string characters out of 3183860
 253747 words of memory out of 3000000
 12158 multiletter control sequences out of 15000+200000
 51965 words of font info for 117 fonts, out of 3000000 for 9000
 14 hyphenation exceptions out of 8191
 42i,15n,40p,1597b,539s stack positions out of 5000i,500n,10000p,200000b,50000s
{D:/CTEX/MiKTeX/fonts/enc/dvips/fontname/8r.enc}<D:/CTEX/MiKTeX/fonts/type1/p
ublic/amsfonts/cm/cmex10.pfb><D:/CTEX/MiKTeX/fonts/type1/public/amsfonts/cmextr
a/cmex7.pfb><D:/CTEX/MiKTeX/fonts/type1/public/amsfonts/cmextra/cmex8.pfb><D:/C
TEX/MiKTeX/fonts/type1/public/amsfonts/cm/cmmi10.pfb><D:/CTEX/MiKTeX/fonts/type
1/public/amsfonts/cm/cmmi5.pfb><D:/CTEX/MiKTeX/fonts/type1/public/amsfonts/cm/c
mmi6.pfb><D:/CTEX/MiKTeX/fonts/type1/public/amsfonts/cm/cmmi7.pfb><D:/CTEX/MiKT
eX/fonts/type1/public/amsfonts/cm/cmmi8.pfb><D:/CTEX/MiKTeX/fonts/type1/public/
amsfonts/cm/cmmi9.pfb><D:/CTEX/MiKTeX/fonts/type1/public/amsfonts/cm/cmr10.pfb>
<D:/CTEX/MiKTeX/fonts/type1/public/amsfonts/cm/cmr5.pfb><D:/CTEX/MiKTeX/fonts/t
ype1/public/amsfonts/cm/cmr6.pfb><D:/CTEX/MiKTeX/fonts/type1/public/amsfonts/cm
/cmr7.pfb><D:/CTEX/MiKTeX/fonts/type1/public/amsfonts/cm/cmr8.pfb><D:/CTEX/MiKT
eX/fonts/type1/public/amsfonts/cm/cmr9.pfb><D:/CTEX/MiKTeX/fonts/type1/public/a
msfonts/cm/cmsy10.pfb><D:/CTEX/MiKTeX/fonts/type1/public/amsfonts/cm/cmsy5.pfb>
<D:/CTEX/MiKTeX/fonts/type1/public/amsfonts/cm/cmsy6.pfb><D:/CTEX/MiKTeX/fonts/
type1/public/amsfonts/cm/cmsy7.pfb><D:/CTEX/MiKTeX/fonts/type1/public/amsfonts/
cm/cmsy8.pfb><D:/CTEX/MiKTeX/fonts/type1/public/amsfonts/cm/cmsy9.pfb><D:/CTEX/
MiKTeX/fonts/type1/urw/times/utmb8a.pfb><D:/CTEX/MiKTeX/fonts/type1/urw/times/u
tmbi8a.pfb><D:/CTEX/MiKTeX/fonts/type1/urw/times/utmr8a.pfb><D:/CTEX/MiKTeX/fon
ts/type1/urw/times/utmri8a.pfb>
Output written on transaction20161214.pdf (14 pages, 1344009 bytes).
PDF statistics:
 863 PDF objects out of 1000 (max. 8388607)
 142 named destinations out of 1000 (max. 500000)
 494 words of extra memory for PDF output out of 10000 (max. 10000000)

