This is pdfTeX, Version 3.1415926-2.3-1.40.12 (MiKTeX 2.9) (preloaded format=pdflatex 2016.6.8)  1 JUN 2017 11:16
entering extended mode
**C:/Users/Taoheng/Desktop/SFBF/SFBF-submitted*to*TDKE20170413/1.tex
("C:/Users/Taoheng/Desktop/SFBF/SFBF-submitted to TDKE20170413/1.tex"
LaTeX2e <2011/06/27>
Babel <v3.8m> and hyphenation patterns for loaded.
("C:\Users\Taoheng\Desktop\SFBF\SFBF-submitted to TDKE20170413\IEEEtran.cls"
Document Class: IEEEtran 2015/08/26 V1.8b by Michael Shell
-- See the "IEEEtran_HOWTO" manual for usage information.
-- http://www.michaelshell.org/tex/ieeetran/
\@IEEEtrantmpdimenA=\dimen102
\@IEEEtrantmpdimenB=\dimen103
\@IEEEtrantmpdimenC=\dimen104
\@IEEEtrantmpcountA=\count79
\@IEEEtrantmpcountB=\count80
\@IEEEtrantmpcountC=\count81
\@IEEEtrantmptoksA=\toks14
LaTeX Font Info:    Try loading font information for OT1+ppl on input line 503.

(D:\CTEX\MiKTeX\tex\latex\psnfss\ot1ppl.fd
File: ot1ppl.fd 2001/06/04 font definitions for OT1/ppl.
)
-- Using IEEE Computer Society mode.
-- Using 8.5in x 11in (letter) paper.
-- Using PDF output.
\@IEEEnormalsizeunitybaselineskip=\dimen105
-- This is a 10 point document.
\CLASSINFOnormalsizebaselineskip=\dimen106
\CLASSINFOnormalsizeunitybaselineskip=\dimen107
\IEEEnormaljot=\dimen108
LaTeX Font Info:    Font shape `OT1/ppl/bx/n' in size <5.01874> not available
(Font)              Font shape `OT1/ppl/b/n' tried instead on input line 1090.
LaTeX Font Info:    Font shape `OT1/ppl/bx/it' in size <5.01874> not available
(Font)              Font shape `OT1/ppl/b/it' tried instead on input line 1090.

LaTeX Font Info:    Font shape `OT1/ppl/bx/n' in size <7.02625> not available
(Font)              Font shape `OT1/ppl/b/n' tried instead on input line 1090.
LaTeX Font Info:    Font shape `OT1/ppl/bx/it' in size <7.02625> not available
(Font)              Font shape `OT1/ppl/b/it' tried instead on input line 1090.

LaTeX Font Info:    Font shape `OT1/ppl/bx/n' in size <8.03> not available
(Font)              Font shape `OT1/ppl/b/n' tried instead on input line 1090.
LaTeX Font Info:    Font shape `OT1/ppl/bx/it' in size <8.03> not available
(Font)              Font shape `OT1/ppl/b/it' tried instead on input line 1090.

LaTeX Font Info:    Font shape `OT1/ppl/bx/n' in size <9.03374> not available
(Font)              Font shape `OT1/ppl/b/n' tried instead on input line 1090.
LaTeX Font Info:    Font shape `OT1/ppl/bx/it' in size <9.03374> not available
(Font)              Font shape `OT1/ppl/b/it' tried instead on input line 1090.

LaTeX Font Info:    Font shape `OT1/ppl/bx/n' in size <9.53561> not available
(Font)              Font shape `OT1/ppl/b/n' tried instead on input line 1090.
LaTeX Font Info:    Font shape `OT1/ppl/bx/it' in size <9.53561> not available
(Font)              Font shape `OT1/ppl/b/it' tried instead on input line 1090.

LaTeX Font Info:    Font shape `OT1/ppl/bx/n' in size <11.04124> not available
(Font)              Font shape `OT1/ppl/b/n' tried instead on input line 1090.
LaTeX Font Info:    Font shape `OT1/ppl/bx/it' in size <11.04124> not available

(Font)              Font shape `OT1/ppl/b/it' tried instead on input line 1090.

LaTeX Font Info:    Font shape `OT1/ppl/bx/n' in size <12.045> not available
(Font)              Font shape `OT1/ppl/b/n' tried instead on input line 1090.
LaTeX Font Info:    Font shape `OT1/ppl/bx/it' in size <12.045> not available
(Font)              Font shape `OT1/ppl/b/it' tried instead on input line 1090.

LaTeX Font Info:    Font shape `OT1/ppl/bx/n' in size <17.06374> not available
(Font)              Font shape `OT1/ppl/b/n' tried instead on input line 1090.
LaTeX Font Info:    Font shape `OT1/ppl/bx/it' in size <17.06374> not available

(Font)              Font shape `OT1/ppl/b/it' tried instead on input line 1090.

LaTeX Font Info:    Font shape `OT1/ppl/bx/n' in size <20.075> not available
(Font)              Font shape `OT1/ppl/b/n' tried instead on input line 1090.
LaTeX Font Info:    Font shape `OT1/ppl/bx/it' in size <20.075> not available
(Font)              Font shape `OT1/ppl/b/it' tried instead on input line 1090.

LaTeX Font Info:    Font shape `OT1/ppl/bx/n' in size <24.09> not available
(Font)              Font shape `OT1/ppl/b/n' tried instead on input line 1090.
LaTeX Font Info:    Font shape `OT1/ppl/bx/it' in size <24.09> not available
(Font)              Font shape `OT1/ppl/b/it' tried instead on input line 1090.

\IEEEquantizedlength=\dimen109
\IEEEquantizedlengthdiff=\dimen110
\IEEEquantizedtextheightdiff=\dimen111
\IEEEilabelindentA=\dimen112
\IEEEilabelindentB=\dimen113
\IEEEilabelindent=\dimen114
\IEEEelabelindent=\dimen115
\IEEEdlabelindent=\dimen116
\IEEElabelindent=\dimen117
\IEEEiednormlabelsep=\dimen118
\IEEEiedmathlabelsep=\dimen119
\IEEEiedtopsep=\skip41
\c@section=\count82
\c@subsection=\count83
\c@subsubsection=\count84
\c@paragraph=\count85
\c@IEEEsubequation=\count86
\abovecaptionskip=\skip42
\belowcaptionskip=\skip43
\c@figure=\count87
\c@table=\count88
\@IEEEeqnnumcols=\count89
\@IEEEeqncolcnt=\count90
\@IEEEsubeqnnumrollback=\count91
\@IEEEquantizeheightA=\dimen120
\@IEEEquantizeheightB=\dimen121
\@IEEEquantizeheightC=\dimen122
\@IEEEquantizeprevdepth=\dimen123
\@IEEEquantizemultiple=\count92
\@IEEEquantizeboxA=\box26
\@IEEEtmpitemindent=\dimen124
\IEEEPARstartletwidth=\dimen125
\c@IEEEbiography=\count93
\@IEEEtranrubishbin=\box27
) (D:\CTEX\MiKTeX\tex\latex\psnfss\times.sty
Package: times 2005/04/12 PSNFSS-v9.2a (SPQR) 
)
(D:\CTEX\MiKTeX\tex\latex\amsfonts\amssymb.sty
Package: amssymb 2009/06/22 v3.00

(D:\CTEX\MiKTeX\tex\latex\amsfonts\amsfonts.sty
Package: amsfonts 2009/06/22 v3.00 Basic AMSFonts support
\@emptytoks=\toks15
\symAMSa=\mathgroup4
\symAMSb=\mathgroup5
LaTeX Font Info:    Overwriting math alphabet `\mathfrak' in version `bold'
(Font)                  U/euf/m/n --> U/euf/b/n on input line 96.
))
(D:\CTEX\MiKTeX\tex\latex\ams\math\amsmath.sty
Package: amsmath 2000/07/18 v2.13 AMS math features
\@mathmargin=\skip44

For additional information on amsmath, use the `?' option.
(D:\CTEX\MiKTeX\tex\latex\ams\math\amstext.sty
Package: amstext 2000/06/29 v2.01

(D:\CTEX\MiKTeX\tex\latex\ams\math\amsgen.sty
File: amsgen.sty 1999/11/30 v2.0
\@emptytoks=\toks16
\ex@=\dimen126
))
(D:\CTEX\MiKTeX\tex\latex\ams\math\amsbsy.sty
Package: amsbsy 1999/11/29 v1.2d
\pmbraise@=\dimen127
)
(D:\CTEX\MiKTeX\tex\latex\ams\math\amsopn.sty
Package: amsopn 1999/12/14 v2.01 operator names
)
\inf@bad=\count94
LaTeX Info: Redefining \frac on input line 211.
\uproot@=\count95
\leftroot@=\count96
LaTeX Info: Redefining \overline on input line 307.
\classnum@=\count97
\DOTSCASE@=\count98
LaTeX Info: Redefining \ldots on input line 379.
LaTeX Info: Redefining \dots on input line 382.
LaTeX Info: Redefining \cdots on input line 467.
\Mathstrutbox@=\box28
\strutbox@=\box29
\big@size=\dimen128
LaTeX Font Info:    Redeclaring font encoding OML on input line 567.
LaTeX Font Info:    Redeclaring font encoding OMS on input line 568.
\macc@depth=\count99
\c@MaxMatrixCols=\count100
\dotsspace@=\muskip10
\c@parentequation=\count101
\dspbrk@lvl=\count102
\tag@help=\toks17
\row@=\count103
\column@=\count104
\maxfields@=\count105
\andhelp@=\toks18
\eqnshift@=\dimen129
\alignsep@=\dimen130
\tagshift@=\dimen131
\tagwidth@=\dimen132
\totwidth@=\dimen133
\lineht@=\dimen134
\@envbody=\toks19
\multlinegap=\skip45
\multlinetaggap=\skip46
\mathdisplay@stack=\toks20
LaTeX Info: Redefining \[ on input line 2666.
LaTeX Info: Redefining \] on input line 2667.
)
(D:\CTEX\MiKTeX\tex\latex\graphics\graphicx.sty
Package: graphicx 1999/02/16 v1.0f Enhanced LaTeX Graphics (DPC,SPQR)

(D:\CTEX\MiKTeX\tex\latex\graphics\keyval.sty
Package: keyval 1999/03/16 v1.13 key=value parser (DPC)
\KV@toks@=\toks21
)
(D:\CTEX\MiKTeX\tex\latex\graphics\graphics.sty
Package: graphics 2009/02/05 v1.0o Standard LaTeX Graphics (DPC,SPQR)

(D:\CTEX\MiKTeX\tex\latex\graphics\trig.sty
Package: trig 1999/03/16 v1.09 sin cos tan (DPC)
)
(D:\CTEX\MiKTeX\tex\latex\00miktex\graphics.cfg
File: graphics.cfg 2007/01/18 v1.5 graphics configuration of teTeX/TeXLive
)
Package graphics Info: Driver file: pdftex.def on input line 91.

(D:\CTEX\MiKTeX\tex\latex\pdftex-def\pdftex.def
File: pdftex.def 2011/05/27 v0.06d Graphics/color for pdfTeX

(D:\CTEX\MiKTeX\tex\generic\oberdiek\infwarerr.sty
Package: infwarerr 2010/04/08 v1.3 Providing info/warning/message (HO)
)
(D:\CTEX\MiKTeX\tex\generic\oberdiek\ltxcmds.sty
Package: ltxcmds 2011/04/18 v1.20 LaTeX kernel commands for general use (HO)
)
\Gread@gobject=\count106
))
\Gin@req@height=\dimen135
\Gin@req@width=\dimen136
)
(D:\CTEX\MiKTeX\tex\latex\oberdiek\epstopdf.sty
Package: epstopdf 2010/02/09 v2.5 Conversion with epstopdf on the fly (HO)

(D:\CTEX\MiKTeX\tex\latex\oberdiek\epstopdf-base.sty
Package: epstopdf-base 2010/02/09 v2.5 Base part for package epstopdf

(D:\CTEX\MiKTeX\tex\latex\oberdiek\grfext.sty
Package: grfext 2010/08/19 v1.1 Managing graphics extensions (HO)

(D:\CTEX\MiKTeX\tex\generic\oberdiek\kvdefinekeys.sty
Package: kvdefinekeys 2011/04/07 v1.3 Defining keys (HO)
))
(D:\CTEX\MiKTeX\tex\latex\oberdiek\kvoptions.sty
Package: kvoptions 2010/12/23 v3.10 Keyval support for LaTeX options (HO)

(D:\CTEX\MiKTeX\tex\generic\oberdiek\kvsetkeys.sty
Package: kvsetkeys 2011/04/07 v1.13 Key value parser (HO)

(D:\CTEX\MiKTeX\tex\generic\oberdiek\etexcmds.sty
Package: etexcmds 2011/02/16 v1.5 Prefix for e-TeX command names (HO)

(D:\CTEX\MiKTeX\tex\generic\oberdiek\ifluatex.sty
Package: ifluatex 2010/03/01 v1.3 Provides the ifluatex switch (HO)
Package ifluatex Info: LuaTeX not detected.
)
Package etexcmds Info: Could not find \expanded.
(etexcmds)             That can mean that you are not using pdfTeX 1.50 or
(etexcmds)             that some package has redefined \expanded.
(etexcmds)             In the latter case, load this package earlier.
)))
(D:\CTEX\MiKTeX\tex\generic\oberdiek\pdftexcmds.sty
Package: pdftexcmds 2011/04/22 v0.16 Utilities of pdfTeX for LuaTeX (HO)

(D:\CTEX\MiKTeX\tex\generic\oberdiek\ifpdf.sty
Package: ifpdf 2011/01/30 v2.3 Provides the ifpdf switch (HO)
Package ifpdf Info: pdfTeX in PDF mode is detected.
)
Package pdftexcmds Info: LuaTeX not detected.
Package pdftexcmds Info: \pdf@primitive is available.
Package pdftexcmds Info: \pdf@ifprimitive is available.
Package pdftexcmds Info: \pdfdraftmode found.
)
Package grfext Info: Graphics extension search list:
(grfext)             [.png,.pdf,.jpg,.mps,.jpeg,.jbig2,.jb2,.PNG,.PDF,.JPG,.JPE
G,.JBIG2,.JB2,.eps]
(grfext)             \AppendGraphicsExtensions on input line 452.
))
(D:\CTEX\MiKTeX\tex\latex\subfigure\subfigure.sty
Package: subfigure 2002/07/30 v2.1.4 subfigure package
\subfigtopskip=\skip47
\subfigcapskip=\skip48
\subfigcaptopadj=\dimen137
\subfigbottomskip=\skip49
\subfigcapmargin=\dimen138
\subfiglabelskip=\skip50
\c@subfigure=\count107
\c@lofdepth=\count108
\c@subtable=\count109
\c@lotdepth=\count110

****************************************
* Local config file subfigure.cfg used *
****************************************
(D:\CTEX\MiKTeX\tex\latex\subfigure\subfigure.cfg)
\subfig@top=\skip51
\subfig@bottom=\skip52
)
(D:\CTEX\MiKTeX\tex\latex\cite\cite.sty
LaTeX Info: Redefining \cite on input line 302.
LaTeX Info: Redefining \nocite on input line 373.
Package: cite 2010/09/10  v 5.3
)
(D:\CTEX\MiKTeX\tex\latex\algorithms\algorithm.sty
Package: algorithm 2009/08/24 v0.1 Document Style `algorithm' - floating enviro
nment

(D:\CTEX\MiKTeX\tex\latex\float\float.sty
Package: float 2001/11/08 v1.3d Float enhancements (AL)
\c@float@type=\count111
\float@exts=\toks22
\float@box=\box30
\@float@everytoks=\toks23
\@floatcapt=\box31
)
(D:\CTEX\MiKTeX\tex\latex\base\ifthen.sty
Package: ifthen 2001/05/26 v1.1c Standard LaTeX ifthen package (DPC)
)
\@float@every@algorithm=\toks24
\c@algorithm=\count112
)
(D:\CTEX\MiKTeX\tex\latex\algorithms\algorithmic.sty
Package: algorithmic 2009/08/24 v0.1 Document Style `algorithmic'
\c@ALC@unique=\count113
\c@ALC@line=\count114
\c@ALC@rem=\count115
\c@ALC@depth=\count116
\ALC@tlm=\skip53
\algorithmicindent=\skip54
)
("C:\Users\Taoheng\Desktop\SFBF\SFBF-submitted to TDKE20170413\titlesec.sty"
Package: titlesec 2007/08/12 v2.8 Sectioning titles
\ttl@box=\box32
\beforetitleunit=\skip55
\aftertitleunit=\skip56
\ttl@plus=\dimen139
\ttl@minus=\dimen140
\ttl@toksa=\toks25
\titlewidth=\dimen141
\titlewidthlast=\dimen142
\titlewidthfirst=\dimen143
)
(D:\CTEX\MiKTeX\tex\latex\multirow\multirow.sty
\bigstrutjot=\dimen144
)
(D:\CTEX\MiKTeX\tex\latex\tools\tabularx.sty
Package: tabularx 1999/01/07 v2.07 `tabularx' package (DPC)

(D:\CTEX\MiKTeX\tex\latex\tools\array.sty
Package: array 2008/09/09 v2.4c Tabular extension package (FMi)
\col@sep=\dimen145
\extrarowheight=\dimen146
\NC@list=\toks26
\extratabsurround=\skip57
\backup@length=\skip58
)
\TX@col@width=\dimen147
\TX@old@table=\dimen148
\TX@old@col=\dimen149
\TX@target=\dimen150
\TX@delta=\dimen151
\TX@cols=\count117
\TX@ftn=\toks27
)
(D:\CTEX\MiKTeX\tex\latex\booktabs\booktabs.sty
Package: booktabs 2005/04/14 v1.61803 publication quality tables
\heavyrulewidth=\dimen152
\lightrulewidth=\dimen153
\cmidrulewidth=\dimen154
\belowrulesep=\dimen155
\belowbottomsep=\dimen156
\aboverulesep=\dimen157
\abovetopsep=\dimen158
\cmidrulesep=\dimen159
\cmidrulekern=\dimen160
\defaultaddspace=\dimen161
\@cmidla=\count118
\@cmidlb=\count119
\@aboverulesep=\dimen162
\@belowrulesep=\dimen163
\@thisruleclass=\count120
\@lastruleclass=\count121
\@thisrulewidth=\dimen164
)
(D:\CTEX\MiKTeX\tex\latex\threeparttable\threeparttable.sty
Package: threeparttable 2003/06/13  v 3.0
\@tempboxb=\box33
)
(D:\CTEX\MiKTeX\tex\latex\ulem\ulem.sty
\UL@box=\box34
\UL@hyphenbox=\box35
\UL@skip=\skip59
\UL@hook=\toks28
\UL@height=\dimen165
\UL@pe=\count122
\UL@pixel=\dimen166
\ULC@box=\box36
Package: ulem 2011/03/18
\ULdepth=\dimen167
)
(D:\CTEX\MiKTeX\tex\latex\ltxmisc\url.sty
\Urlmuskip=\muskip11
Package: url 2006/04/12  ver 3.3  Verb mode for urls, etc.
)
(D:\CTEX\MiKTeX\tex\latex\cjk\CJK.sty
Package: CJK 2008/12/29 4.8.2

(D:\CTEX\MiKTeX\tex\latex\cjk\mule\MULEenc.sty
Package: MULEenc 2008/12/29 4.8.2
)
(D:\CTEX\MiKTeX\tex\latex\cjk\CJK.enc
File: CJK.enc 2008/12/29 4.8.2
)
LaTeX Info: Redefining \selectfont on input line 756.
\CJK@indent=\box37
)
\c@proof=\count123

(D:\CTEX\MiKTeX\tex\latex\graphics\color.sty
Package: color 2005/11/14 v1.0j Standard LaTeX Color (DPC)

(D:\CTEX\MiKTeX\tex\latex\00miktex\color.cfg
File: color.cfg 2007/01/18 v1.5 color configuration of teTeX/TeXLive
)
Package color Info: Driver file: pdftex.def on input line 130.
)
(D:\CTEX\MiKTeX\tex\latex\hyperref\hyperref.sty
Package: hyperref 2012/02/06 v6.82o Hypertext links for LaTeX

(D:\CTEX\MiKTeX\tex\generic\oberdiek\hobsub-hyperref.sty
Package: hobsub-hyperref 2011/04/23 v1.4 Bundle oberdiek, subset hyperref (HO)

(D:\CTEX\MiKTeX\tex\generic\oberdiek\hobsub-generic.sty
Package: hobsub-generic 2011/04/23 v1.4 Bundle oberdiek, subset generic (HO)
Package: hobsub 2011/04/23 v1.4 Subsetting bundle oberdiek (HO)
Package hobsub Info: Skipping package `infwarerr' (already loaded).
Package hobsub Info: Skipping package `ltxcmds' (already loaded).
Package hobsub Info: Skipping package `ifluatex' (already loaded).
Package: ifvtex 2010/03/01 v1.5 Switches for detecting VTeX and its modes (HO)
Package ifvtex Info: VTeX not detected.
Package: intcalc 2007/09/27 v1.1 Expandable integer calculations (HO)
Package hobsub Info: Skipping package `ifpdf' (already loaded).
Package hobsub Info: Skipping package `etexcmds' (already loaded).
Package hobsub Info: Skipping package `kvsetkeys' (already loaded).
Package hobsub Info: Skipping package `kvdefinekeys' (already loaded).
Package hobsub Info: Skipping package `pdftexcmds' (already loaded).
Package: pdfescape 2011/04/04 v1.12 Provides string conversions (HO)
Package: bigintcalc 2011/01/30 v1.2 Expandable big integer calculations (HO)
Package: bitset 2011/01/30 v1.1 Data type bit set (HO)
Package: uniquecounter 2011/01/30 v1.2 Provides unlimited unique counter (HO)
)
Package hobsub Info: Skipping package `hobsub' (already loaded).
Package: letltxmacro 2010/09/02 v1.4 Let assignment for LaTeX macros (HO)
Package: hopatch 2011/01/30 v1.0 Wrapper for package hooks (HO)
Package: xcolor-patch 2011/01/30 xcolor patch
Package: atveryend 2011/04/23 v1.7 Hooks at very end of document (HO)
Package: atbegshi 2011/01/30 v1.15 At begin shipout hook (HO)
Package: refcount 2010/12/01 v3.2 Data extraction from references (HO)
Package: hycolor 2011/01/30 v1.7 Color options of hyperref/bookmark (HO)
)
(D:\CTEX\MiKTeX\tex\generic\ifxetex\ifxetex.sty
Package: ifxetex 2010/09/12 v0.6 Provides ifxetex conditional
)
\@linkdim=\dimen168
\Hy@linkcounter=\count124
\Hy@pagecounter=\count125

(D:\CTEX\MiKTeX\tex\latex\hyperref\pd1enc.def
File: pd1enc.def 2012/02/06 v6.82o Hyperref: PDFDocEncoding definition (HO)
)
\Hy@SavedSpaceFactor=\count126

(D:\CTEX\MiKTeX\tex\latex\00miktex\hyperref.cfg
File: hyperref.cfg 2002/06/06 v1.2 hyperref configuration of TeXLive
)
Package hyperref Info: Option `colorlinks' set `true' on input line 3925.
Package hyperref Info: Hyper figures OFF on input line 4046.
Package hyperref Info: Link nesting OFF on input line 4051.
Package hyperref Info: Hyper index ON on input line 4054.
Package hyperref Info: Plain pages OFF on input line 4061.
Package hyperref Info: Backreferencing OFF on input line 4066.
Package hyperref Info: Implicit mode ON; LaTeX internals redefined.
Package hyperref Info: Bookmarks ON on input line 4284.
\c@Hy@tempcnt=\count127
LaTeX Info: Redefining \url on input line 4637.
\Fld@menulength=\count128
\Field@Width=\dimen169
\Fld@charsize=\dimen170
Package hyperref Info: Hyper figures OFF on input line 5757.
Package hyperref Info: Link nesting OFF on input line 5762.
Package hyperref Info: Hyper index ON on input line 5765.
Package hyperref Info: backreferencing OFF on input line 5772.
Package hyperref Info: Link coloring ON on input line 5775.
Package hyperref Info: Link coloring with OCG OFF on input line 5782.
Package hyperref Info: PDF/A mode OFF on input line 5787.
LaTeX Info: Redefining \ref on input line 5827.
LaTeX Info: Redefining \pageref on input line 5831.
\Hy@abspage=\count129
\c@Item=\count130
\c@Hfootnote=\count131
)

Package hyperref Message: Driver (autodetected): hpdftex.

(D:\CTEX\MiKTeX\tex\latex\hyperref\hpdftex.def
File: hpdftex.def 2012/02/06 v6.82o Hyperref driver for pdfTeX
\Fld@listcount=\count132
\c@bookmark@seq@number=\count133

(D:\CTEX\MiKTeX\tex\latex\oberdiek\rerunfilecheck.sty
Package: rerunfilecheck 2011/04/15 v1.7 Rerun checks for auxiliary files (HO)
Package uniquecounter Info: New unique counter `rerunfilecheck' on input line 2
82.
)
\Hy@SectionHShift=\skip60
)
("C:\Users\Taoheng\Desktop\SFBF\SFBF-submitted to TDKE20170413\1.aux")
LaTeX Font Info:    Checking defaults for OML/cmm/m/it on input line 46.
LaTeX Font Info:    ... okay on input line 46.
LaTeX Font Info:    Checking defaults for T1/cmr/m/n on input line 46.
LaTeX Font Info:    ... okay on input line 46.
LaTeX Font Info:    Checking defaults for OT1/cmr/m/n on input line 46.
LaTeX Font Info:    ... okay on input line 46.
LaTeX Font Info:    Checking defaults for OMS/cmsy/m/n on input line 46.
LaTeX Font Info:    ... okay on input line 46.
LaTeX Font Info:    Checking defaults for OMX/cmex/m/n on input line 46.
LaTeX Font Info:    ... okay on input line 46.
LaTeX Font Info:    Checking defaults for U/cmr/m/n on input line 46.
LaTeX Font Info:    ... okay on input line 46.
LaTeX Font Info:    Checking defaults for C00/song/m/n on input line 46.
LaTeX Font Info:    ... okay on input line 46.
LaTeX Font Info:    Checking defaults for C05/song/m/n on input line 46.
LaTeX Font Info:    ... okay on input line 46.
LaTeX Font Info:    Checking defaults for C09/song/m/n on input line 46.
LaTeX Font Info:    ... okay on input line 46.
LaTeX Font Info:    Checking defaults for C10/song/m/n on input line 46.
LaTeX Font Info:    ... okay on input line 46.
LaTeX Font Info:    Checking defaults for C20/song/m/n on input line 46.
LaTeX Font Info:    ... okay on input line 46.
LaTeX Font Info:    Checking defaults for C19/song/m/n on input line 46.
LaTeX Font Info:    ... okay on input line 46.
LaTeX Font Info:    Checking defaults for C40/song/m/n on input line 46.
LaTeX Font Info:    ... okay on input line 46.
LaTeX Font Info:    Checking defaults for C42/song/m/n on input line 46.
LaTeX Font Info:    ... okay on input line 46.
LaTeX Font Info:    Checking defaults for C43/song/m/n on input line 46.
LaTeX Font Info:    ... okay on input line 46.
LaTeX Font Info:    Checking defaults for C50/song/m/n on input line 46.
LaTeX Font Info:    ... okay on input line 46.
LaTeX Font Info:    Checking defaults for C52/song/m/n on input line 46.
LaTeX Font Info:    ... okay on input line 46.
LaTeX Font Info:    Checking defaults for C49/song/m/n on input line 46.
LaTeX Font Info:    ... okay on input line 46.
LaTeX Font Info:    Checking defaults for C60/mj/m/n on input line 46.
LaTeX Font Info:    ... okay on input line 46.
LaTeX Font Info:    Checking defaults for C61/mj/m/n on input line 46.
LaTeX Font Info:    ... okay on input line 46.
LaTeX Font Info:    Checking defaults for C63/mj/m/n on input line 46.
LaTeX Font Info:    ... okay on input line 46.
LaTeX Font Info:    Checking defaults for C64/mj/m/n on input line 46.
LaTeX Font Info:    ... okay on input line 46.
LaTeX Font Info:    Checking defaults for C65/mj/m/n on input line 46.
LaTeX Font Info:    ... okay on input line 46.
LaTeX Font Info:    Checking defaults for C70/song/m/n on input line 46.
LaTeX Font Info:    ... okay on input line 46.
LaTeX Font Info:    Checking defaults for C31/song/m/n on input line 46.
LaTeX Font Info:    ... okay on input line 46.
LaTeX Font Info:    Checking defaults for C32/song/m/n on input line 46.
LaTeX Font Info:    ... okay on input line 46.
LaTeX Font Info:    Checking defaults for C33/song/m/n on input line 46.
LaTeX Font Info:    ... okay on input line 46.
LaTeX Font Info:    Checking defaults for C34/song/m/n on input line 46.
LaTeX Font Info:    ... okay on input line 46.
LaTeX Font Info:    Checking defaults for C35/song/m/n on input line 46.
LaTeX Font Info:    ... okay on input line 46.
LaTeX Font Info:    Checking defaults for C36/song/m/n on input line 46.
LaTeX Font Info:    ... okay on input line 46.
LaTeX Font Info:    Checking defaults for C37/song/m/n on input line 46.
LaTeX Font Info:    ... okay on input line 46.
LaTeX Font Info:    Checking defaults for C80/song/m/n on input line 46.
LaTeX Font Info:    ... okay on input line 46.
LaTeX Font Info:    Checking defaults for C81/song/m/n on input line 46.
LaTeX Font Info:    ... okay on input line 46.
LaTeX Font Info:    Checking defaults for C01/song/m/n on input line 46.
LaTeX Font Info:    ... okay on input line 46.
LaTeX Font Info:    Checking defaults for C11/song/m/n on input line 46.
LaTeX Font Info:    ... okay on input line 46.
LaTeX Font Info:    Checking defaults for C21/song/m/n on input line 46.
LaTeX Font Info:    ... okay on input line 46.
LaTeX Font Info:    Checking defaults for C41/song/m/n on input line 46.
LaTeX Font Info:    ... okay on input line 46.
LaTeX Font Info:    Checking defaults for C62/song/m/n on input line 46.
LaTeX Font Info:    ... okay on input line 46.
LaTeX Font Info:    Checking defaults for PD1/pdf/m/n on input line 46.
LaTeX Font Info:    ... okay on input line 46.
LaTeX Font Info:    Try loading font information for OT1+ptm on input line 46.

(D:\CTEX\MiKTeX\tex\latex\psnfss\ot1ptm.fd
File: ot1ptm.fd 2001/06/04 font definitions for OT1/ptm.
)
LaTeX Font Info:    Font shape `OT1/ptm/bx/n' in size <5.01874> not available
(Font)              Font shape `OT1/ptm/b/n' tried instead on input line 46.
LaTeX Font Info:    Font shape `OT1/ptm/bx/it' in size <5.01874> not available
(Font)              Font shape `OT1/ptm/b/it' tried instead on input line 46.
LaTeX Font Info:    Font shape `OT1/ptm/bx/n' in size <7.02625> not available
(Font)              Font shape `OT1/ptm/b/n' tried instead on input line 46.
LaTeX Font Info:    Font shape `OT1/ptm/bx/it' in size <7.02625> not available
(Font)              Font shape `OT1/ptm/b/it' tried instead on input line 46.
LaTeX Font Info:    Font shape `OT1/ptm/bx/n' in size <8.03> not available
(Font)              Font shape `OT1/ptm/b/n' tried instead on input line 46.
LaTeX Font Info:    Font shape `OT1/ptm/bx/it' in size <8.03> not available
(Font)              Font shape `OT1/ptm/b/it' tried instead on input line 46.
LaTeX Font Info:    Font shape `OT1/ptm/bx/n' in size <9.03374> not available
(Font)              Font shape `OT1/ptm/b/n' tried instead on input line 46.
LaTeX Font Info:    Font shape `OT1/ptm/bx/it' in size <9.03374> not available
(Font)              Font shape `OT1/ptm/b/it' tried instead on input line 46.
LaTeX Font Info:    Font shape `OT1/ptm/bx/n' in size <9.53561> not available
(Font)              Font shape `OT1/ptm/b/n' tried instead on input line 46.
LaTeX Font Info:    Font shape `OT1/ptm/bx/it' in size <9.53561> not available
(Font)              Font shape `OT1/ptm/b/it' tried instead on input line 46.
LaTeX Font Info:    Font shape `OT1/ptm/bx/n' in size <11.04124> not available
(Font)              Font shape `OT1/ptm/b/n' tried instead on input line 46.
LaTeX Font Info:    Font shape `OT1/ptm/bx/it' in size <11.04124> not available

(Font)              Font shape `OT1/ptm/b/it' tried instead on input line 46.
LaTeX Font Info:    Font shape `OT1/ptm/bx/n' in size <12.045> not available
(Font)              Font shape `OT1/ptm/b/n' tried instead on input line 46.
LaTeX Font Info:    Font shape `OT1/ptm/bx/it' in size <12.045> not available
(Font)              Font shape `OT1/ptm/b/it' tried instead on input line 46.
LaTeX Font Info:    Font shape `OT1/ptm/bx/n' in size <17.06374> not available
(Font)              Font shape `OT1/ptm/b/n' tried instead on input line 46.
LaTeX Font Info:    Font shape `OT1/ptm/bx/it' in size <17.06374> not available

(Font)              Font shape `OT1/ptm/b/it' tried instead on input line 46.
LaTeX Font Info:    Font shape `OT1/ptm/bx/n' in size <20.075> not available
(Font)              Font shape `OT1/ptm/b/n' tried instead on input line 46.
LaTeX Font Info:    Font shape `OT1/ptm/bx/it' in size <20.075> not available
(Font)              Font shape `OT1/ptm/b/it' tried instead on input line 46.
LaTeX Font Info:    Font shape `OT1/ptm/bx/n' in size <24.09> not available
(Font)              Font shape `OT1/ptm/b/n' tried instead on input line 46.
LaTeX Font Info:    Font shape `OT1/ptm/bx/it' in size <24.09> not available
(Font)              Font shape `OT1/ptm/b/it' tried instead on input line 46.

-- Lines per column: 61 (exact).
(D:\CTEX\MiKTeX\tex\context\base\supp-pdf.mkii
[Loading MPS to PDF converter (version 2006.09.02).]
\scratchcounter=\count134
\scratchdimen=\dimen171
\scratchbox=\box38
\nofMPsegments=\count135
\nofMParguments=\count136
\everyMPshowfont=\toks29
\MPscratchCnt=\count137
\MPscratchDim=\dimen172
\MPnumerator=\count138
\makeMPintoPDFobject=\count139
\everyMPtoPDFconversion=\toks30
)
\AtBeginShipoutBox=\box39
Package hyperref Info: Link coloring ON on input line 46.
 (D:\CTEX\MiKTeX\tex\latex\hyperref\nameref.sty
Package: nameref 2010/04/30 v2.40 Cross-referencing by name of section

(D:\CTEX\MiKTeX\tex\generic\oberdiek\gettitlestring.sty
Package: gettitlestring 2010/12/03 v1.4 Cleanup title references (HO)
)
\c@section@level=\count140
)
LaTeX Info: Redefining \ref on input line 46.
LaTeX Info: Redefining \pageref on input line 46.
LaTeX Info: Redefining \nameref on input line 46.

("C:\Users\Taoheng\Desktop\SFBF\SFBF-submitted to TDKE20170413\1.out")
("C:\Users\Taoheng\Desktop\SFBF\SFBF-submitted to TDKE20170413\1.out")
\@outlinefile=\write3
LaTeX Font Info:    Try loading font information for OT1+phv on input line 100.


(D:\CTEX\MiKTeX\tex\latex\psnfss\ot1phv.fd
File: ot1phv.fd 2001/06/04 scalable font definitions for OT1/phv.
)
LaTeX Font Info:    Font shape `OT1/phv/m/it' in size <11.04124> not available
(Font)              Font shape `OT1/phv/m/sl' tried instead on input line 100.
LaTeX Font Info:    Font shape `OT1/phv/bx/n' in size <8.03> not available
(Font)              Font shape `OT1/phv/b/n' tried instead on input line 100.
LaTeX Font Info:    Calculating math sizes for size <11.04124> on input line 10
0.
LaTeX Font Info:    Try loading font information for U+msa on input line 100.

(D:\CTEX\MiKTeX\tex\latex\amsfonts\umsa.fd
File: umsa.fd 2009/06/22 v3.00 AMS symbols A
)
LaTeX Font Info:    Try loading font information for U+msb on input line 100.

(D:\CTEX\MiKTeX\tex\latex\amsfonts\umsb.fd
File: umsb.fd 2009/06/22 v3.00 AMS symbols B
)
LaTeX Font Info:    Try loading font information for U+pzd on input line 100.

(D:\CTEX\MiKTeX\tex\latex\psnfss\upzd.fd
File: upzd.fd 2001/06/04 font definitions for U/pzd.
)
LaTeX Font Info:    Calculating math sizes for size <8.03> on input line 100.
LaTeX Font Info:    Font shape `OT1/phv/bx/n' in size <11.04124> not available
(Font)              Font shape `OT1/phv/b/n' tried instead on input line 126.
LaTeX Font Info:    Font shape `OT1/phv/bx/sc' in size <11.04124> not available

(Font)              Font shape `OT1/phv/b/sc' tried instead on input line 126.
LaTeX Font Info:    Calculating math sizes for size <9.53561> on input line 161
.
 [1{D:/CTEX/UserData/pdftex/config/pdftex.map{Unicode.sfd}{UGBK.sfd}}


]
LaTeX Font Info:    Font shape `OT1/phv/bx/n' in size <9.53561> not available
(Font)              Font shape `OT1/phv/b/n' tried instead on input line 218.
Package epstopdf Info: Source file: <fig/BFinsert.eps>
(epstopdf)                    date: 2014-07-30 09:59:04
(epstopdf)                    size: 220022 bytes
(epstopdf)             Output file: <fig/BFinsert-eps-converted-to.pdf>
(epstopdf)                    date: 2016-12-09 22:12:24
(epstopdf)                    size: 15108 bytes
(epstopdf)             Command: <epstopdf --outfile=fig/BFinsert-eps-converted-
to.pdf fig/BFinsert.eps>
(epstopdf)             \includegraphics on input line 227.
Package epstopdf Info: Output file is already uptodate.

<fig/BFinsert-eps-converted-to.pdf, id=244, 554.07pt x 234.8775pt>
File: fig/BFinsert-eps-converted-to.pdf Graphic file (type pdf)

<use fig/BFinsert-eps-converted-to.pdf>
Package pdftex.def Info: fig/BFinsert-eps-converted-to.pdf used on input line 2
27.
(pdftex.def)             Requested size: 122.85876pt x 52.08177pt.
Package epstopdf Info: Source file: <fig/BFfalse.eps>
(epstopdf)                    date: 2014-07-30 09:59:04
(epstopdf)                    size: 228798 bytes
(epstopdf)             Output file: <fig/BFfalse-eps-converted-to.pdf>
(epstopdf)                    date: 2016-12-09 22:12:26
(epstopdf)                    size: 16172 bytes
(epstopdf)             Command: <epstopdf --outfile=fig/BFfalse-eps-converted-t
o.pdf fig/BFfalse.eps>
(epstopdf)             \includegraphics on input line 228.
Package epstopdf Info: Output file is already uptodate.

<fig/BFfalse-eps-converted-to.pdf, id=245, 562.1pt x 234.8775pt>
File: fig/BFfalse-eps-converted-to.pdf Graphic file (type pdf)

<use fig/BFfalse-eps-converted-to.pdf>
Package pdftex.def Info: fig/BFfalse-eps-converted-to.pdf used on input line 22
8.
(pdftex.def)             Requested size: 122.85876pt x 51.33632pt.
 [2 <C:/Users/Taoheng/Desktop/SFBF/SFBF-submitted to TDKE20170413/fig/BFinsert-
eps-converted-to.pdf> <C:/Users/Taoheng/Desktop/SFBF/SFBF-submitted to TDKE2017
0413/fig/BFfalse-eps-converted-to.pdf>]

LaTeX Font Warning: Command \footnotesize invalid in math mode on input line 23
6.

LaTeX Font Info:    Calculating math sizes for size <> on input line 239.

LaTeX Font Warning: Font shape `OT1/cmr/m/n' in size <> not available
(Font)              size <5> substituted on input line 239.


LaTeX Font Warning: Font shape `OT1/cmr/m/n' in size <0.7> not available
(Font)              size <5> substituted on input line 239.


LaTeX Font Warning: Font shape `OT1/cmr/m/n' in size <0.5> not available
(Font)              size <5> substituted on input line 239.


LaTeX Font Warning: Font shape `OML/cmm/m/it' in size <> not available
(Font)              size <5> substituted on input line 239.


LaTeX Font Warning: Font shape `OML/cmm/m/it' in size <0.7> not available
(Font)              size <5> substituted on input line 239.


LaTeX Font Warning: Font shape `OML/cmm/m/it' in size <0.5> not available
(Font)              size <5> substituted on input line 239.


LaTeX Font Warning: Font shape `OMS/cmsy/m/n' in size <> not available
(Font)              size <5> substituted on input line 239.


LaTeX Font Warning: Font shape `OMS/cmsy/m/n' in size <0.7> not available
(Font)              size <5> substituted on input line 239.


LaTeX Font Warning: Font shape `OMS/cmsy/m/n' in size <0.5> not available
(Font)              size <5> substituted on input line 239.


LaTeX Font Warning: Command \footnotesize invalid in math mode on input line 24
8.

Package epstopdf Info: Source file: <fig/sbf.eps>
(epstopdf)                    date: 2015-09-20 22:00:53
(epstopdf)                    size: 350404 bytes
(epstopdf)             Output file: <fig/sbf-eps-converted-to.pdf>
(epstopdf)                    date: 2016-12-09 22:12:28
(epstopdf)                    size: 24437 bytes
(epstopdf)             Command: <epstopdf --outfile=fig/sbf-eps-converted-to.pd
f fig/sbf.eps>
(epstopdf)             \includegraphics on input line 290.
Package epstopdf Info: Output file is already uptodate.
<fig/sbf-eps-converted-to.pdf, id=275, 581.17125pt x 189.70876pt>
File: fig/sbf-eps-converted-to.pdf Graphic file (type pdf)

<use fig/sbf-eps-converted-to.pdf>
Package pdftex.def Info: fig/sbf-eps-converted-to.pdf used on input line 290.
(pdftex.def)             Requested size: 252.94499pt x 82.56895pt.


LaTeX Warning: `!h' float specifier changed to `!ht'.

Package hyperref Info: bookmark level for unknown algorithm defaults to 0 on in
put line 310.
LaTeX Font Info:    Calculating math sizes for size <9.03374> on input line 315
.
[3 <C:/Users/Taoheng/Desktop/SFBF/SFBF-submitted to TDKE20170413/fig/sbf-eps-co
nverted-to.pdf>]
Package epstopdf Info: Source file: <fig/SFBFexample.eps>
(epstopdf)                    date: 2015-09-21 15:59:46
(epstopdf)                    size: 1769492 bytes
(epstopdf)             Output file: <fig/SFBFexample-eps-converted-to.pdf>
(epstopdf)                    date: 2016-12-09 22:12:32
(epstopdf)                    size: 105731 bytes
(epstopdf)             Command: <epstopdf --outfile=fig/SFBFexample-eps-convert
ed-to.pdf fig/SFBFexample.eps>
(epstopdf)             \includegraphics on input line 366.
Package epstopdf Info: Output file is already uptodate.

<fig/SFBFexample-eps-converted-to.pdf, id=325, 568.1225pt x 230.8625pt>
File: fig/SFBFexample-eps-converted-to.pdf Graphic file (type pdf)

<use fig/SFBFexample-eps-converted-to.pdf>
Package pdftex.def Info: fig/SFBFexample-eps-converted-to.pdf used on input lin
e 366.
(pdftex.def)             Requested size: 252.94499pt x 102.78809pt.
LaTeX Font Info:    Font shape `OT1/phv/m/it' in size <9.53561> not available
(Font)              Font shape `OT1/phv/m/sl' tried instead on input line 414.
\c@theorem=\count141


LaTeX Font Warning: Command \footnotesize invalid in math mode on input line 42
3.


Overfull \hbox (5.10153pt too wide) detected at line 426
[][] \OT1/cmr/m/n/8 = 1 \OMS/cmsy/m/n/8   [][][]  [] \OML/cmm/m/it/8 :
 []


LaTeX Font Warning: Command \footnotesize invalid in math mode on input line 43
6.

[4 <C:/Users/Taoheng/Desktop/SFBF/SFBF-submitted to TDKE20170413/fig/SFBFexampl
e-eps-converted-to.pdf>]

LaTeX Font Warning: Command \footnotesize invalid in math mode on input line 45
6.


LaTeX Font Warning: Command \footnotesize invalid in math mode on input line 46
5.


LaTeX Font Warning: Command \footnotesize invalid in math mode on input line 47
4.


LaTeX Font Warning: Command \footnotesize invalid in math mode on input line 48
1.


LaTeX Font Warning: Command \footnotesize invalid in math mode on input line 48
8.


LaTeX Font Warning: Command \footnotesize invalid in math mode on input line 49
4.

Package epstopdf Info: Source file: <fig/HashRange.eps>
(epstopdf)                    date: 2015-09-21 22:54:44
(epstopdf)                    size: 843316 bytes
(epstopdf)             Output file: <fig/HashRange-eps-converted-to.pdf>
(epstopdf)                    date: 2016-12-09 22:12:35
(epstopdf)                    size: 63274 bytes
(epstopdf)             Command: <epstopdf --outfile=fig/HashRange-eps-converted
-to.pdf fig/HashRange.eps>
(epstopdf)             \includegraphics on input line 531.
Package epstopdf Info: Output file is already uptodate.
<fig/HashRange-eps-converted-to.pdf, id=391, 580.1675pt x 240.9pt>
File: fig/HashRange-eps-converted-to.pdf Graphic file (type pdf)

<use fig/HashRange-eps-converted-to.pdf>
Package pdftex.def Info: fig/HashRange-eps-converted-to.pdf used on input line 
531.
(pdftex.def)             Requested size: 252.94499pt x 105.02957pt.
 [5 <C:/Users/Taoheng/Desktop/SFBF/SFBF-submitted to TDKE20170413/fig/HashRange
-eps-converted-to.pdf>]

Package hyperref Warning: Token not allowed in a PDF string (PDFDocEncoding):
(hyperref)                removing `math shift' on input line 582.


Package hyperref Warning: Token not allowed in a PDF string (PDFDocEncoding):
(hyperref)                removing `subscript' on input line 582.


Package hyperref Warning: Token not allowed in a PDF string (PDFDocEncoding):
(hyperref)                removing `math shift' on input line 582.


LaTeX Font Warning: Command \footnotesize invalid in math mode on input line 59
1.


LaTeX Font Warning: Command \footnotesize invalid in math mode on input line 61
6.


LaTeX Font Warning: Command \footnotesize invalid in math mode on input line 66
0.


LaTeX Font Warning: Command \scriptsize invalid in math mode on input line 671.


LaTeX Font Info:    Calculating math sizes for size <7.02625> on input line 673
.

LaTeX Font Warning: Command \small invalid in math mode on input line 693.


LaTeX Font Warning: Command \footnotesize invalid in math mode on input line 70
3.


LaTeX Font Warning: Command \scriptsize invalid in math mode on input line 716.



LaTeX Font Warning: Command \small invalid in math mode on input line 740.


Underfull \hbox (badness 3148) in paragraph at lines 771--772
[]\OT1/ptm/m/n/9.53561 According to The-o-rem [][]3[][], it is easy to gen-er-a
te $\OML/cmm/m/it/10 k$
 []


Underfull \hbox (badness 6526) in paragraph at lines 771--772
\OT1/ptm/m/n/9.53561 in-de-pen-den-t $\OML/cmm/m/it/10 H[]$ \OT1/ptm/m/n/9.5356
1 hash func-tion-s: gen-er-at-ing $\OML/cmm/m/it/10 k$ \OT1/ptm/m/n/9.53561 ma-
tri-ces
 []

[6]
Underfull \hbox (badness 4779) in paragraph at lines 794--794
[] []$\OML/cmm/m/it/9 k$ \OT1/ptm/m/n/9.03374 base hash gen-er-a-tion ma-tri-ce
s $[]\OT1/cmr/m/n/9 [1]$\OT1/ptm/m/n/9.03374 ,$[]\OT1/cmr/m/n/9 [2]$\OT1/ptm/m/
n/9.03374 ,
 []

Package epstopdf Info: Source file: <fig/Hash_function_generated_from_base_matr
ix.eps>
(epstopdf)                    date: 2017-04-01 23:16:32
(epstopdf)                    size: 2058685 bytes
(epstopdf)             Output file: <fig/Hash_function_generated_from_base_matr
ix-eps-converted-to.pdf>
(epstopdf)                    date: 2017-04-06 17:28:04
(epstopdf)                    size: 105233 bytes
(epstopdf)             Command: <epstopdf --outfile=fig/Hash_function_generated
_from_base_matrix-eps-converted-to.pdf fig/Hash_function_generated_from_base_ma
trix.eps>
(epstopdf)             \includegraphics on input line 816.
Package epstopdf Info: Output file is already uptodate.

<fig/Hash_function_generated_from_base_matrix-eps-converted-to.pdf, id=463, 514
.92375pt x 459.7175pt>
File: fig/Hash_function_generated_from_base_matrix-eps-converted-to.pdf Graphic
 file (type pdf)

<use fig/Hash_function_generated_from_base_matrix-eps-converted-to.pdf>
Package pdftex.def Info: fig/Hash_function_generated_from_base_matrix-eps-conve
rted-to.pdf used on input line 816.
(pdftex.def)             Requested size: 252.94499pt x 225.82472pt.

Underfull \hbox (badness 1694) in paragraph at lines 843--844
\OT1/ptm/m/n/9.53561 with the length $\OML/cmm/m/it/10 m[]$\OT1/ptm/m/n/9.53561
 , and de-note $[] \OT1/cmr/m/n/10 = [][]$\OT1/ptm/m/n/9.53561 .
 []


Underfull \hbox (badness 1997) in paragraph at lines 843--844
\OT1/ptm/m/n/9.53561 func-tion-s for $\OML/cmm/m/it/10 SFBF[]$ \OT1/ptm/m/n/9.5
3561 can be ob-tained by tak-ing the
 []

Package epstopdf Info: Source file: <fig/Left_logical_shift.eps>
(epstopdf)                    date: 2014-07-30 09:59:05
(epstopdf)                    size: 1638948 bytes
(epstopdf)             Output file: <fig/Left_logical_shift-eps-converted-to.pd
f>
(epstopdf)                    date: 2016-12-09 22:12:41
(epstopdf)                    size: 13177 bytes
(epstopdf)             Command: <epstopdf --outfile=fig/Left_logical_shift-eps-
converted-to.pdf fig/Left_logical_shift.eps>
(epstopdf)             \includegraphics on input line 855.
Package epstopdf Info: Output file is already uptodate.

<fig/Left_logical_shift-eps-converted-to.pdf, id=470, 316.18124pt x 118.4425pt>
File: fig/Left_logical_shift-eps-converted-to.pdf Graphic file (type pdf)
<use fig/Left_logical_shift-eps-converted-to.pdf>
Package pdftex.def Info: fig/Left_logical_shift-eps-converted-to.pdf used on in
put line 855.
(pdftex.def)             Requested size: 108.405pt x 40.60786pt.
Package epstopdf Info: Source file: <fig/right_logical_shift.eps>
(epstopdf)                    date: 2014-07-30 09:59:05
(epstopdf)                    size: 1639535 bytes
(epstopdf)             Output file: <fig/right_logical_shift-eps-converted-to.p
df>
(epstopdf)                    date: 2016-12-09 22:12:44
(epstopdf)                    size: 13187 bytes
(epstopdf)             Command: <epstopdf --outfile=fig/right_logical_shift-eps
-converted-to.pdf fig/right_logical_shift.eps>
(epstopdf)             \includegraphics on input line 857.
Package epstopdf Info: Output file is already uptodate.

<fig/right_logical_shift-eps-converted-to.pdf, id=471, 316.18124pt x 118.4425pt
>
File: fig/right_logical_shift-eps-converted-to.pdf Graphic file (type pdf)
 <use fig/right_logical_shift-eps-converted-to.pdf>
Package pdftex.def Info: fig/right_logical_shift-eps-converted-to.pdf used on i
nput line 857.
(pdftex.def)             Requested size: 108.405pt x 40.60786pt.


LaTeX Warning: `!h' float specifier changed to `!ht'.


LaTeX Font Warning: Command \small invalid in math mode on input line 868.

[7 <C:/Users/Taoheng/Desktop/SFBF/SFBF-submitted to TDKE20170413/fig/Hash_funct
ion_generated_from_base_matrix-eps-converted-to.pdf>]

LaTeX Font Warning: Command \scriptsize invalid in math mode on input line 880.


Package epstopdf Info: Source file: <fig/Different_hash_functions.eps>
(epstopdf)                    date: 2017-04-06 18:28:51
(epstopdf)                    size: 2542004 bytes
(epstopdf)             Output file: <fig/Different_hash_functions-eps-converted
-to.pdf>
(epstopdf)                    date: 2017-04-13 00:57:21
(epstopdf)                    size: 120398 bytes
(epstopdf)             Command: <epstopdf --outfile=fig/Different_hash_function
s-eps-converted-to.pdf fig/Different_hash_functions.eps>
(epstopdf)             \includegraphics on input line 899.
Package epstopdf Info: Output file is already uptodate.

<fig/Different_hash_functions-eps-converted-to.pdf, id=528, 511.9125pt x 258.96
75pt>
File: fig/Different_hash_functions-eps-converted-to.pdf Graphic file (type pdf)

 <use fig/Different_hash_functions-eps-converted-to.pdf>
Package pdftex.def Info: fig/Different_hash_functions-eps-converted-to.pdf used
 on input line 899.
(pdftex.def)             Requested size: 252.94499pt x 127.95813pt.


LaTeX Font Warning: Command \footnotesize invalid in math mode on input line 90
6.


LaTeX Font Warning: Command \footnotesize invalid in math mode on input line 91
2.


Underfull \hbox (badness 1365) in paragraph at lines 916--917
\OT1/ptm/m/n/9.53561 be-cause the hash ma-tri-ces $[] []$ for $\OML/cmm/m/it/10
 SFBF[]$ \OT1/ptm/m/n/9.53561 and
 []


Underfull \hbox (badness 1622) in paragraph at lines 957--958
[] []\OT1/ptm/m/n/9.03374 Apply hash func-tion-s of $[]\OT1/cmr/m/n/9 [\OML/cmm
/m/it/9 u\OT1/cmr/m/n/9 ]$ \OT1/ptm/m/n/9.03374 to da-ta item $\OML/cmm/m/it/9 
q$ \OT1/ptm/m/n/9.03374 to
 []


Underfull \hbox (badness 1831) in paragraph at lines 957--958
\OT1/ptm/m/n/9.03374 ob-tain the $\OML/cmm/m/it/9 k$ \OT1/ptm/m/n/9.03374 hash 
val-ues of the da-ta item, de-not-ed as
 []


LaTeX Font Warning: Command \small invalid in math mode on input line 961.


Underfull \hbox (badness 1701) in paragraph at lines 973--975
\OT1/ptm/m/n/9.53561 put-ing the $\OML/cmm/m/it/10 k$ \OT1/ptm/m/n/9.53561 hash
 val-ues $\OML/cmm/m/it/10 Add[] [] \OT1/cmr/m/n/10 (\OML/cmm/m/it/10 q\OT1/cmr
/m/n/10 )[](1 \OMS/cmsy/m/n/10  \OML/cmm/m/it/10 u \OMS/cmsy/m/n/10  \OML/cmm
/m/it/10 k\OT1/cmr/m/n/10 )$
 []


Underfull \hbox (badness 2662) in paragraph at lines 973--975
\OT1/ptm/m/n/9.53561 by us-ing $[] []$, we can ex-ploit the shift-ing op-er-a-
 []


Underfull \hbox (badness 2503) in paragraph at lines 973--975
\OT1/ptm/m/n/9.53561 tion to ob-tain the hash lo-ca-tion-s of the da-ta item fo
r
 []


Underfull \hbox (badness 2351) in paragraph at lines 973--975
$\OML/cmm/m/it/10 SFBF[]$ \OT1/ptm/m/n/9.53561 through $\OML/cmm/m/it/10 Add[] 
[] \OT1/cmr/m/n/10 (\OML/cmm/m/it/10 q\OT1/cmr/m/n/10 ) = \OML/cmm/m/it/10 Add[
] [] \OT1/cmr/m/n/10 (\OML/cmm/m/it/10 q\OT1/cmr/m/n/10 ) \OML/cmm/m/it/10 >>$
 []

[8 <C:/Users/Taoheng/Desktop/SFBF/SFBF-submitted to TDKE20170413/fig/Left_logic
al_shift-eps-converted-to.pdf> <C:/Users/Taoheng/Desktop/SFBF/SFBF-submitted to
 TDKE20170413/fig/right_logical_shift-eps-converted-to.pdf> <C:/Users/Taoheng/D
esktop/SFBF/SFBF-submitted to TDKE20170413/fig/Different_hash_functions-eps-con
verted-to.pdf>]
LaTeX Font Info:    Try loading font information for OMS+ptm on input line 1023
.
 (D:\CTEX\MiKTeX\tex\latex\psnfss\omsptm.fd
File: omsptm.fd 
)
LaTeX Font Info:    Font shape `OMS/ptm/m/n' in size <9.53561> not available
(Font)              Font shape `OMS/cmsy/m/n' tried instead on input line 1023.

 [9]
Package epstopdf Info: Source file: <franztao20161209/p2_ExtensionRound.eps>
(epstopdf)                    date: 2017-04-18 22:28:44
(epstopdf)                    size: 60468 bytes
(epstopdf)             Output file: <franztao20161209/p2_ExtensionRound-eps-con
verted-to.pdf>
(epstopdf)                    date: 2017-04-18 22:29:00
(epstopdf)                    size: 28319 bytes
(epstopdf)             Command: <epstopdf --outfile=franztao20161209/p2_Extensi
onRound-eps-converted-to.pdf franztao20161209/p2_ExtensionRound.eps>
(epstopdf)             \includegraphics on input line 1070.
Package epstopdf Info: Output file is already uptodate.

<franztao20161209/p2_ExtensionRound-eps-converted-to.pdf, id=647, 1186.4325pt x
 756.8275pt>
File: franztao20161209/p2_ExtensionRound-eps-converted-to.pdf Graphic file (typ
e pdf)
 <use franztao20161209/p2_ExtensionRound-eps-converted-to.pdf>
Package pdftex.def Info: franztao20161209/p2_ExtensionRound-eps-converted-to.pd
f used on input line 1070.
(pdftex.def)             Requested size: 252.94499pt x 161.35205pt.
Package epstopdf Info: Source file: <franztao20161209/p1_falsepositiverate.eps>

(epstopdf)                    date: 2017-04-18 22:28:43
(epstopdf)                    size: 100195 bytes
(epstopdf)             Output file: <franztao20161209/p1_falsepositiverate-eps-
converted-to.pdf>
(epstopdf)                    date: 2017-04-18 22:29:01
(epstopdf)                    size: 49405 bytes
(epstopdf)             Command: <epstopdf --outfile=franztao20161209/p1_falsepo
sitiverate-eps-converted-to.pdf franztao20161209/p1_falsepositiverate.eps>
(epstopdf)             \includegraphics on input line 1091.
Package epstopdf Info: Output file is already uptodate.

<franztao20161209/p1_falsepositiverate-eps-converted-to.pdf, id=651, 1162.3425p
t x 756.8275pt>
File: franztao20161209/p1_falsepositiverate-eps-converted-to.pdf Graphic file (
type pdf)

<use franztao20161209/p1_falsepositiverate-eps-converted-to.pdf>
Package pdftex.def Info: franztao20161209/p1_falsepositiverate-eps-converted-to
.pdf used on input line 1091.
(pdftex.def)             Requested size: 252.94499pt x 164.68948pt.
Package epstopdf Info: Source file: <franztao20161209/p5_QueryingCPUtimewithshi
fting.eps>
(epstopdf)                    date: 2017-04-18 22:28:48
(epstopdf)                    size: 104488 bytes
(epstopdf)             Output file: <franztao20161209/p5_QueryingCPUtimewithshi
fting-eps-converted-to.pdf>
(epstopdf)                    date: 2017-04-18 22:29:02
(epstopdf)                    size: 50549 bytes
(epstopdf)             Command: <epstopdf --outfile=franztao20161209/p5_Queryin
gCPUtimewithshifting-eps-converted-to.pdf franztao20161209/p5_QueryingCPUtimewi
thshifting.eps>
(epstopdf)             \includegraphics on input line 1155.
Package epstopdf Info: Output file is already uptodate.

<franztao20161209/p5_QueryingCPUtimewithshifting-eps-converted-to.pdf, id=656, 
1205.50375pt x 756.8275pt>
File: franztao20161209/p5_QueryingCPUtimewithshifting-eps-converted-to.pdf Grap
hic file (type pdf)

<use franztao20161209/p5_QueryingCPUtimewithshifting-eps-converted-to.pdf>
Package pdftex.def Info: franztao20161209/p5_QueryingCPUtimewithshifting-eps-co
nverted-to.pdf used on input line 1155.
(pdftex.def)             Requested size: 252.94499pt x 158.79988pt.


LaTeX Warning: `!h' float specifier changed to `!ht'.

Package epstopdf Info: Source file: <franztao20161209/p4_QueryingCPUtimewithout
shifting.eps>
(epstopdf)                    date: 2017-04-18 22:28:46
(epstopdf)                    size: 60911 bytes
(epstopdf)             Output file: <franztao20161209/p4_QueryingCPUtimewithout
shifting-eps-converted-to.pdf>
(epstopdf)                    date: 2017-04-18 22:29:03
(epstopdf)                    size: 29812 bytes
(epstopdf)             Command: <epstopdf --outfile=franztao20161209/p4_Queryin
gCPUtimewithoutshifting-eps-converted-to.pdf franztao20161209/p4_QueryingCPUtim
ewithoutshifting.eps>
(epstopdf)             \includegraphics on input line 1164.
Package epstopdf Info: Output file is already uptodate.

<franztao20161209/p4_QueryingCPUtimewithoutshifting-eps-converted-to.pdf, id=65
7, 1205.50375pt x 756.8275pt>
File: franztao20161209/p4_QueryingCPUtimewithoutshifting-eps-converted-to.pdf G
raphic file (type pdf)

<use franztao20161209/p4_QueryingCPUtimewithoutshifting-eps-converted-to.pdf>
Package pdftex.def Info: franztao20161209/p4_QueryingCPUtimewithoutshifting-eps
-converted-to.pdf used on input line 1164.
(pdftex.def)             Requested size: 252.94499pt x 158.79988pt.


LaTeX Warning: `!h' float specifier changed to `!ht'.

[10 <C:/Users/Taoheng/Desktop/SFBF/SFBF-submitted to TDKE20170413/franztao20161
209/p2_ExtensionRound-eps-converted-to.pdf> <C:/Users/Taoheng/Desktop/SFBF/SFBF
-submitted to TDKE20170413/franztao20161209/p1_falsepositiverate-eps-converted-
to.pdf>]
Package epstopdf Info: Source file: <franztao20161209/p3_SpaceSizeFilters.eps>
(epstopdf)                    date: 2017-04-18 22:28:45
(epstopdf)                    size: 61044 bytes
(epstopdf)             Output file: <franztao20161209/p3_SpaceSizeFilters-eps-c
onverted-to.pdf>
(epstopdf)                    date: 2017-04-18 22:29:04
(epstopdf)                    size: 28401 bytes
(epstopdf)             Command: <epstopdf --outfile=franztao20161209/p3_SpaceSi
zeFilters-eps-converted-to.pdf franztao20161209/p3_SpaceSizeFilters.eps>
(epstopdf)             \includegraphics on input line 1196.
Package epstopdf Info: Output file is already uptodate.

<franztao20161209/p3_SpaceSizeFilters-eps-converted-to.pdf, id=689, 1153.30875p
t x 756.8275pt>
File: franztao20161209/p3_SpaceSizeFilters-eps-converted-to.pdf Graphic file (t
ype pdf)

<use franztao20161209/p3_SpaceSizeFilters-eps-converted-to.pdf>
Package pdftex.def Info: franztao20161209/p3_SpaceSizeFilters-eps-converted-to.
pdf used on input line 1196.
(pdftex.def)             Requested size: 252.94499pt x 165.9829pt.
 [11 <C:/Users/Taoheng/Desktop/SFBF/SFBF-submitted to TDKE20170413/franztao2016
1209/p5_QueryingCPUtimewithshifting-eps-converted-to.pdf> <C:/Users/Taoheng/Des
ktop/SFBF/SFBF-submitted to TDKE20170413/franztao20161209/p4_QueryingCPUtimewit
houtshifting-eps-converted-to.pdf> <C:/Users/Taoheng/Desktop/SFBF/SFBF-submitte
d to TDKE20170413/franztao20161209/p3_SpaceSizeFilters-eps-converted-to.pdf>]
("C:\Users\Taoheng\Desktop\SFBF\SFBF-submitted to TDKE20170413\1.bbl")
Package epstopdf Info: Source file: <fig/kunxie.eps>
(epstopdf)                    date: 2013-07-15 20:31:58
(epstopdf)                    size: 322835 bytes
(epstopdf)             Output file: <fig/kunxie-eps-converted-to.pdf>
(epstopdf)                    date: 2016-12-09 22:13:21
(epstopdf)                    size: 11641 bytes
(epstopdf)             Command: <epstopdf --outfile=fig/kunxie-eps-converted-to
.pdf fig/kunxie.eps>
(epstopdf)             \includegraphics on input line 1299.
Package epstopdf Info: Output file is already uptodate.

<fig/kunxie-eps-converted-to.pdf, id=722, 36.135pt x 52.195pt>
File: fig/kunxie-eps-converted-to.pdf Graphic file (type pdf)

<use fig/kunxie-eps-converted-to.pdf>
Package pdftex.def Info: fig/kunxie-eps-converted-to.pdf used on input line 129
9.
(pdftex.def)             Requested size: 62.54959pt x 90.34946pt.
Package epstopdf Info: Source file: <fig/kunxie.eps>
(epstopdf)                    date: 2013-07-15 20:31:58
(epstopdf)                    size: 322835 bytes
(epstopdf)             Output file: <fig/kunxie-eps-converted-to.pdf>
(epstopdf)                    date: 2016-12-09 22:13:21
(epstopdf)                    size: 11641 bytes
(epstopdf)             Command: <epstopdf --outfile=fig/kunxie-eps-converted-to
.pdf fig/kunxie.eps>
(epstopdf)             \includegraphics on input line 1299.
Package epstopdf Info: Output file is already uptodate.
File: fig/kunxie-eps-converted-to.pdf Graphic file (type pdf)
 <use fig/kunxie-eps-converted-to.pdf>
Package pdftex.def Info: fig/kunxie-eps-converted-to.pdf used on input line 129
9.
(pdftex.def)             Requested size: 62.54959pt x 90.34946pt.
Package epstopdf Info: Source file: <fig/taoheng.eps>
(epstopdf)                    date: 2016-05-26 16:00:37
(epstopdf)                    size: 2528044 bytes
(epstopdf)             Output file: <fig/taoheng-eps-converted-to.pdf>
(epstopdf)                    date: 2016-12-11 18:37:03
(epstopdf)                    size: 48397 bytes
(epstopdf)             Command: <epstopdf --outfile=fig/taoheng-eps-converted-t
o.pdf fig/taoheng.eps>
(epstopdf)             \includegraphics on input line 1311.
Package epstopdf Info: Output file is already uptodate.

<fig/taoheng-eps-converted-to.pdf, id=725, 425.59pt x 554.07pt>
File: fig/taoheng-eps-converted-to.pdf Graphic file (type pdf)

<use fig/taoheng-eps-converted-to.pdf>
Package pdftex.def Info: fig/taoheng-eps-converted-to.pdf used on input line 13
11.
(pdftex.def)             Requested size: 69.38808pt x 90.33543pt.
Package epstopdf Info: Source file: <fig/taoheng.eps>
(epstopdf)                    date: 2016-05-26 16:00:37
(epstopdf)                    size: 2528044 bytes
(epstopdf)             Output file: <fig/taoheng-eps-converted-to.pdf>
(epstopdf)                    date: 2016-12-11 18:37:03
(epstopdf)                    size: 48397 bytes
(epstopdf)             Command: <epstopdf --outfile=fig/taoheng-eps-converted-t
o.pdf fig/taoheng.eps>
(epstopdf)             \includegraphics on input line 1311.
Package epstopdf Info: Output file is already uptodate.
File: fig/taoheng-eps-converted-to.pdf Graphic file (type pdf)
 <use fig/taoheng-eps-converted-to.pdf>
Package pdftex.def Info: fig/taoheng-eps-converted-to.pdf used on input line 13
11.
(pdftex.def)             Requested size: 69.38808pt x 90.33543pt.

[12 <C:/Users/Taoheng/Desktop/SFBF/SFBF-submitted to TDKE20170413/fig/kunxie-ep
s-converted-to.pdf> <C:/Users/Taoheng/Desktop/SFBF/SFBF-submitted to TDKE201704
13/fig/taoheng-eps-converted-to.pdf>]
Package epstopdf Info: Source file: <fig/xinwang.eps>
(epstopdf)                    date: 2013-07-16 22:22:00
(epstopdf)                    size: 1250745 bytes
(epstopdf)             Output file: <fig/xinwang-eps-converted-to.pdf>
(epstopdf)                    date: 2016-12-09 22:13:24
(epstopdf)                    size: 15084 bytes
(epstopdf)             Command: <epstopdf --outfile=fig/xinwang-eps-converted-t
o.pdf fig/xinwang.eps>
(epstopdf)             \includegraphics on input line 1315.
Package epstopdf Info: Output file is already uptodate.

<fig/xinwang-eps-converted-to.pdf, id=744, 182.6825pt x 229.85875pt>
File: fig/xinwang-eps-converted-to.pdf Graphic file (type pdf)

<use fig/xinwang-eps-converted-to.pdf>
Package pdftex.def Info: fig/xinwang-eps-converted-to.pdf used on input line 13
15.
(pdftex.def)             Requested size: 71.7978pt x 90.33899pt.
Package epstopdf Info: Source file: <fig/xinwang.eps>
(epstopdf)                    date: 2013-07-16 22:22:00
(epstopdf)                    size: 1250745 bytes
(epstopdf)             Output file: <fig/xinwang-eps-converted-to.pdf>
(epstopdf)                    date: 2016-12-09 22:13:24
(epstopdf)                    size: 15084 bytes
(epstopdf)             Command: <epstopdf --outfile=fig/xinwang-eps-converted-t
o.pdf fig/xinwang.eps>
(epstopdf)             \includegraphics on input line 1315.
Package epstopdf Info: Output file is already uptodate.
File: fig/xinwang-eps-converted-to.pdf Graphic file (type pdf)
 <use fig/xinwang-eps-converted-to.pdf>
Package pdftex.def Info: fig/xinwang-eps-converted-to.pdf used on input line 13
15.
(pdftex.def)             Requested size: 71.7978pt x 90.33899pt.
Package epstopdf Info: Source file: <fig/minyinghua.eps>
(epstopdf)                    date: 2016-04-02 00:12:07
(epstopdf)                    size: 766074 bytes
(epstopdf)             Output file: <fig/minyinghua-eps-converted-to.pdf>
(epstopdf)                    date: 2016-12-09 22:13:53
(epstopdf)                    size: 13066 bytes
(epstopdf)             Command: <epstopdf --outfile=fig/minyinghua-eps-converte
d-to.pdf fig/minyinghua.eps>
(epstopdf)             \includegraphics on input line 1323.
Package epstopdf Info: Output file is already uptodate.

<fig/minyinghua-eps-converted-to.pdf, id=747, 216.81pt x 301.125pt>
File: fig/minyinghua-eps-converted-to.pdf Graphic file (type pdf)

<use fig/minyinghua-eps-converted-to.pdf>
Package pdftex.def Info: fig/minyinghua-eps-converted-to.pdf used on input line
 1323.
(pdftex.def)             Requested size: 65.04349pt x 90.33818pt.
Package epstopdf Info: Source file: <fig/minyinghua.eps>
(epstopdf)                    date: 2016-04-02 00:12:07
(epstopdf)                    size: 766074 bytes
(epstopdf)             Output file: <fig/minyinghua-eps-converted-to.pdf>
(epstopdf)                    date: 2016-12-09 22:13:53
(epstopdf)                    size: 13066 bytes
(epstopdf)             Command: <epstopdf --outfile=fig/minyinghua-eps-converte
d-to.pdf fig/minyinghua.eps>
(epstopdf)             \includegraphics on input line 1323.
Package epstopdf Info: Output file is already uptodate.
File: fig/minyinghua-eps-converted-to.pdf Graphic file (type pdf)

<use fig/minyinghua-eps-converted-to.pdf>
Package pdftex.def Info: fig/minyinghua-eps-converted-to.pdf used on input line
 1323.
(pdftex.def)             Requested size: 65.04349pt x 90.33818pt.
Missing character: There is no  in font phvr7t!
Missing character: There is no  in font phvr7t!
Missing character: There is no  in font phvr7t!
Missing character: There is no  in font phvr7t!
Missing character: There is no  in font phvr7t!
Missing character: There is no  in font phvr7t!
Missing character: There is no  in font phvr7t!
Missing character: There is no  in font phvr7t!
Package epstopdf Info: Source file: <fig/dafangzhang.eps>
(epstopdf)                    date: 2016-09-21 09:00:00
(epstopdf)                    size: 171760 bytes
(epstopdf)             Output file: <fig/dafangzhang-eps-converted-to.pdf>
(epstopdf)                    date: 2017-04-13 00:57:27
(epstopdf)                    size: 6822 bytes
(epstopdf)             Command: <epstopdf --outfile=fig/dafangzhang-eps-convert
ed-to.pdf fig/dafangzhang.eps>
(epstopdf)             \includegraphics on input line 1326.
Package epstopdf Info: Output file is already uptodate.

<fig/dafangzhang-eps-converted-to.pdf, id=750, 146.5475pt x 187.70125pt>
File: fig/dafangzhang-eps-converted-to.pdf Graphic file (type pdf)

<use fig/dafangzhang-eps-converted-to.pdf>
Package pdftex.def Info: fig/dafangzhang-eps-converted-to.pdf used on input lin
e 1326.
(pdftex.def)             Requested size: 70.53206pt x 90.33902pt.
Package epstopdf Info: Source file: <fig/dafangzhang.eps>
(epstopdf)                    date: 2016-09-21 09:00:00
(epstopdf)                    size: 171760 bytes
(epstopdf)             Output file: <fig/dafangzhang-eps-converted-to.pdf>
(epstopdf)                    date: 2017-04-13 00:57:27
(epstopdf)                    size: 6822 bytes
(epstopdf)             Command: <epstopdf --outfile=fig/dafangzhang-eps-convert
ed-to.pdf fig/dafangzhang.eps>
(epstopdf)             \includegraphics on input line 1326.
Package epstopdf Info: Output file is already uptodate.
File: fig/dafangzhang-eps-converted-to.pdf Graphic file (type pdf)

<use fig/dafangzhang-eps-converted-to.pdf>
Package pdftex.def Info: fig/dafangzhang-eps-converted-to.pdf used on input lin
e 1326.
(pdftex.def)             Requested size: 70.53206pt x 90.33902pt.
Package epstopdf Info: Source file: <fig/jigangwen.eps>
(epstopdf)                    date: 2013-07-15 20:28:44
(epstopdf)                    size: 575613 bytes
(epstopdf)             Output file: <fig/jigangwen-eps-converted-to.pdf>
(epstopdf)                    date: 2016-12-09 22:13:51
(epstopdf)                    size: 27778 bytes
(epstopdf)             Command: <epstopdf --outfile=fig/jigangwen-eps-converted
-to.pdf fig/jigangwen.eps>
(epstopdf)             \includegraphics on input line 1330.
Package epstopdf Info: Output file is already uptodate.

<fig/jigangwen-eps-converted-to.pdf, id=753, 72.27pt x 101.37875pt>
File: fig/jigangwen-eps-converted-to.pdf Graphic file (type pdf)

<use fig/jigangwen-eps-converted-to.pdf>
Package pdftex.def Info: fig/jigangwen-eps-converted-to.pdf used on input line 
1330.
(pdftex.def)             Requested size: 64.40057pt x 90.33972pt.
Package epstopdf Info: Source file: <fig/jigangwen.eps>
(epstopdf)                    date: 2013-07-15 20:28:44
(epstopdf)                    size: 575613 bytes
(epstopdf)             Output file: <fig/jigangwen-eps-converted-to.pdf>
(epstopdf)                    date: 2016-12-09 22:13:51
(epstopdf)                    size: 27778 bytes
(epstopdf)             Command: <epstopdf --outfile=fig/jigangwen-eps-converted
-to.pdf fig/jigangwen.eps>
(epstopdf)             \includegraphics on input line 1330.
Package epstopdf Info: Output file is already uptodate.
File: fig/jigangwen-eps-converted-to.pdf Graphic file (type pdf)

<use fig/jigangwen-eps-converted-to.pdf>
Package pdftex.def Info: fig/jigangwen-eps-converted-to.pdf used on input line 
1330.
(pdftex.def)             Requested size: 64.40057pt x 90.33972pt.
Package epstopdf Info: Source file: <fig/KeqinLi.eps>
(epstopdf)                    date: 2016-04-01 23:32:18
(epstopdf)                    size: 1528125 bytes
(epstopdf)             Output file: <fig/KeqinLi-eps-converted-to.pdf>
(epstopdf)                    date: 2016-12-09 22:13:56
(epstopdf)                    size: 31418 bytes
(epstopdf)             Command: <epstopdf --outfile=fig/KeqinLi-eps-converted-t
o.pdf fig/KeqinLi.eps>
(epstopdf)             \includegraphics on input line 1335.
Package epstopdf Info: Output file is already uptodate.

<fig/KeqinLi-eps-converted-to.pdf, id=756, 415.5525pt x 607.26875pt>
File: fig/KeqinLi-eps-converted-to.pdf Graphic file (type pdf)

<use fig/KeqinLi-eps-converted-to.pdf>
Package pdftex.def Info: fig/KeqinLi-eps-converted-to.pdf used on input line 13
35.
(pdftex.def)             Requested size: 61.81657pt x 90.33582pt.
Package epstopdf Info: Source file: <fig/KeqinLi.eps>
(epstopdf)                    date: 2016-04-01 23:32:18
(epstopdf)                    size: 1528125 bytes
(epstopdf)             Output file: <fig/KeqinLi-eps-converted-to.pdf>
(epstopdf)                    date: 2016-12-09 22:13:56
(epstopdf)                    size: 31418 bytes
(epstopdf)             Command: <epstopdf --outfile=fig/KeqinLi-eps-converted-t
o.pdf fig/KeqinLi.eps>
(epstopdf)             \includegraphics on input line 1335.
Package epstopdf Info: Output file is already uptodate.
File: fig/KeqinLi-eps-converted-to.pdf Graphic file (type pdf)
 <use fig/KeqinLi-eps-converted-to.pdf>
Package pdftex.def Info: fig/KeqinLi-eps-converted-to.pdf used on input line 13
35.
(pdftex.def)             Requested size: 61.81657pt x 90.33582pt.
LaTeX Font Info:    Font shape `OT1/phv/m/it' in size <8.03> not available
(Font)              Font shape `OT1/phv/m/sl' tried instead on input line 1337.


Underfull \hbox (badness 10000) in paragraph at lines 1335--1339
\OT1/phv/m/n/8.03 of com-put-er sci-ence.His cur-ren-t re-search
 []


Underfull \hbox (badness 10000) in paragraph at lines 1335--1339
\OT1/phv/m/n/8.03 in-ter-est-s in-clude par-al-lel com-put-ing and
 []


Underfull \hbox (badness 10000) in paragraph at lines 1335--1339
\OT1/phv/m/n/8.03 high-performance com-put-ing, dis-tribut-ed
 []


Underfull \hbox (badness 10000) in paragraph at lines 1335--1339
\OT1/phv/m/n/8.03 computing,energy-efficient com-put-ing
 []


Underfull \hbox (badness 10000) in paragraph at lines 1335--1339
\OT1/phv/m/n/8.03 and com-mu-ni-ca-tion,heterogeneous
 []


Underfull \hbox (badness 1783) in paragraph at lines 1335--1339
\OT1/phv/m/n/8.03 com-put-ing sys-tem-s,cloud com-put-ing,big da-ta
 []


Underfull \hbox (badness 2189) in paragraph at lines 1335--1339
\OT1/phv/m/n/8.03 computing,CPU-GPU hy-brid and co-op-er-a-tive
 []


Underfull \hbox (badness 10000) in paragraph at lines 1335--1339
\OT1/phv/m/n/8.03 com-put-ing,multicore com-put-ing,storage
 []


Underfull \hbox (badness 10000) in paragraph at lines 1335--1339
\OT1/phv/m/n/8.03 and file sys-tem-s,wireless com-mu-ni-ca-tion
 []


Underfull \hbox (badness 10000) in paragraph at lines 1335--1339
\OT1/phv/m/n/8.03 net-work-s,sensor networks,peer-to-peer file
 []

Package epstopdf Info: Source file: <fig/gaogangxie.eps>
(epstopdf)                    date: 2015-06-19 14:22:32
(epstopdf)                    size: 676690 bytes
(epstopdf)             Output file: <fig/gaogangxie-eps-converted-to.pdf>
(epstopdf)                    date: 2016-12-09 22:13:58
(epstopdf)                    size: 172065 bytes
(epstopdf)             Command: <epstopdf --outfile=fig/gaogangxie-eps-converte
d-to.pdf fig/gaogangxie.eps>
(epstopdf)             \includegraphics on input line 1341.
Package epstopdf Info: Output file is already uptodate.
<fig/gaogangxie-eps-converted-to.pdf, id=759, 1642.135pt x 2287.54625pt>
File: fig/gaogangxie-eps-converted-to.pdf Graphic file (type pdf)

<use fig/gaogangxie-eps-converted-to.pdf>
Package pdftex.def Info: fig/gaogangxie-eps-converted-to.pdf used on input line
 1341.
(pdftex.def)             Requested size: 64.84734pt x 90.3344pt.
Package epstopdf Info: Source file: <fig/gaogangxie.eps>
(epstopdf)                    date: 2015-06-19 14:22:32
(epstopdf)                    size: 676690 bytes
(epstopdf)             Output file: <fig/gaogangxie-eps-converted-to.pdf>
(epstopdf)                    date: 2016-12-09 22:13:58
(epstopdf)                    size: 172065 bytes
(epstopdf)             Command: <epstopdf --outfile=fig/gaogangxie-eps-converte
d-to.pdf fig/gaogangxie.eps>
(epstopdf)             \includegraphics on input line 1341.
Package epstopdf Info: Output file is already uptodate.
File: fig/gaogangxie-eps-converted-to.pdf Graphic file (type pdf)

<use fig/gaogangxie-eps-converted-to.pdf>
Package pdftex.def Info: fig/gaogangxie-eps-converted-to.pdf used on input line
 1341.
(pdftex.def)             Requested size: 64.84734pt x 90.3344pt.

Underfull \hbox (badness 2653) in paragraph at lines 1341--1343
[]\OT1/phv/b/n/8.03 Gaogang X-ie \OT1/phv/m/n/8.03 re-ceived his B.S. de-gree i
n
 []

Package atveryend Info: Empty hook `BeforeClearDocument' on input line 1359.
[13 <C:/Users/Taoheng/Desktop/SFBF/SFBF-submitted to TDKE20170413/fig/xinwang-e
ps-converted-to.pdf> <C:/Users/Taoheng/Desktop/SFBF/SFBF-submitted to TDKE20170
413/fig/minyinghua-eps-converted-to.pdf> <C:/Users/Taoheng/Desktop/SFBF/SFBF-su
bmitted to TDKE20170413/fig/dafangzhang-eps-converted-to.pdf> <C:/Users/Taoheng
/Desktop/SFBF/SFBF-submitted to TDKE20170413/fig/jigangwen-eps-converted-to.pdf
> <C:/Users/Taoheng/Desktop/SFBF/SFBF-submitted to TDKE20170413/fig/KeqinLi-eps
-converted-to.pdf> <C:/Users/Taoheng/Desktop/SFBF/SFBF-submitted to TDKE2017041
3/fig/gaogangxie-eps-converted-to.pdf>]
Package atveryend Info: Empty hook `AfterLastShipout' on input line 1359.

("C:\Users\Taoheng\Desktop\SFBF\SFBF-submitted to TDKE20170413\1.aux")
Package atveryend Info: Executing hook `AtVeryEndDocument' on input line 1359.
Package atveryend Info: Executing hook `AtEndAfterFileList' on input line 1359.

Package rerunfilecheck Info: File `1.out' has not changed.
(rerunfilecheck)             Checksum: B3EE0A159AAA4EA14E6D5C1E02BF24B8;2989.


LaTeX Font Warning: Size substitutions with differences
(Font)              up to 4.5pt have occurred.

 ) 
Here is how much of TeX's memory you used:
 9313 strings out of 495354
 136160 string characters out of 3183860
 258439 words of memory out of 3000000
 12113 multiletter control sequences out of 15000+200000
 92309 words of font info for 203 fonts, out of 3000000 for 9000
 14 hyphenation exceptions out of 8191
 42i,15n,44p,1590b,537s stack positions out of 5000i,500n,10000p,200000b,50000s
{D:/CTEX/MiKTeX/fonts/enc/dvips/fontname/8r.enc}<D:/CTEX/MiKTeX/fonts/type1/p
ublic/amsfonts/cm/cmex10.pfb><D:/CTEX/MiKTeX/fonts/type1/public/amsfonts/cmextr
a/cmex7.pfb><D:/CTEX/MiKTeX/fonts/type1/public/amsfonts/cmextra/cmex8.pfb><D:/C
TEX/MiKTeX/fonts/type1/public/amsfonts/cm/cmmi10.pfb><D:/CTEX/MiKTeX/fonts/type
1/public/amsfonts/cm/cmmi5.pfb><D:/CTEX/MiKTeX/fonts/type1/public/amsfonts/cm/c
mmi6.pfb><D:/CTEX/MiKTeX/fonts/type1/public/amsfonts/cm/cmmi7.pfb><D:/CTEX/MiKT
eX/fonts/type1/public/amsfonts/cm/cmmi8.pfb><D:/CTEX/MiKTeX/fonts/type1/public/
amsfonts/cm/cmmi9.pfb><D:/CTEX/MiKTeX/fonts/type1/public/amsfonts/cm/cmr10.pfb>
<D:/CTEX/MiKTeX/fonts/type1/public/amsfonts/cm/cmr5.pfb><D:/CTEX/MiKTeX/fonts/t
ype1/public/amsfonts/cm/cmr6.pfb><D:/CTEX/MiKTeX/fonts/type1/public/amsfonts/cm
/cmr7.pfb><D:/CTEX/MiKTeX/fonts/type1/public/amsfonts/cm/cmr8.pfb><D:/CTEX/MiKT
eX/fonts/type1/public/amsfonts/cm/cmr9.pfb><D:/CTEX/MiKTeX/fonts/type1/public/a
msfonts/cm/cmsy10.pfb><D:/CTEX/MiKTeX/fonts/type1/public/amsfonts/cm/cmsy5.pfb>
<D:/CTEX/MiKTeX/fonts/type1/public/amsfonts/cm/cmsy6.pfb><D:/CTEX/MiKTeX/fonts/
type1/public/amsfonts/cm/cmsy7.pfb><D:/CTEX/MiKTeX/fonts/type1/public/amsfonts/
cm/cmsy8.pfb><D:/CTEX/MiKTeX/fonts/type1/public/amsfonts/cm/cmsy9.pfb><D:/CTEX/
MiKTeX/fonts/type1/urw/helvetic/uhvb8a.pfb><D:/CTEX/MiKTeX/fonts/type1/urw/helv
etic/uhvr8a.pfb><D:/CTEX/MiKTeX/fonts/type1/urw/helvetic/uhvro8a.pfb><D:/CTEX/M
iKTeX/fonts/type1/urw/times/utmb8a.pfb><D:/CTEX/MiKTeX/fonts/type1/urw/times/ut
mbi8a.pfb><D:/CTEX/MiKTeX/fonts/type1/urw/times/utmr8a.pfb><D:/CTEX/MiKTeX/font
s/type1/urw/times/utmri8a.pfb><D:/CTEX/MiKTeX/fonts/type1/urw/zapfding/uzdr.pfb
>
Output written on 1.pdf (13 pages, 1397184 bytes).
PDF statistics:
 914 PDF objects out of 1000 (max. 8388607)
 147 named destinations out of 1000 (max. 500000)
 543 words of extra memory for PDF output out of 10000 (max. 10000000)

