This is pdfTeX, Version 3.1415926-2.3-1.40.12 (MiKTeX 2.9) (preloaded format=latex 2015.11.20)  19 MAY 2016 23:09
entering extended mode
**F:/paper/BloomFilter/SFBF-submitted*to*TC/SRLG_DisjointPath_Algorithm.tex
("F:/paper/BloomFilter/SFBF-submitted to TC/SRLG_DisjointPath_Algorithm.tex"
LaTeX2e <2011/06/27>
Babel <v3.8m> and hyphenation patterns for loaded.
("F:\paper\BloomFilter\SFBF-submitted to TC\IEEEtran.cls"
Document Class: IEEEtran 2007/03/05 V1.7a by Michael Shell
-- See the "IEEEtran_HOWTO" manual for usage information.
-- http://www.michaelshell.org/tex/ieeetran/
\@IEEEtrantmpdimenA=\dimen102
\@IEEEtrantmpdimenB=\dimen103
\@IEEEtrantmpcountA=\count79
\@IEEEtrantmpcountB=\count80
\@IEEEtrantmptoksA=\toks14
LaTeX Font Info:    Try loading font information for OT1+ptm on input line 366.

(D:\CTEX\MiKTeX\tex\latex\psnfss\ot1ptm.fd
File: ot1ptm.fd 2001/06/04 font definitions for OT1/ptm.
)
-- Using 8.5in x 11in (letter) paper.
-- Using DVI output.
\@IEEEnormalsizeunitybaselineskip=\dimen104
-- This is a 10 point document.
\CLASSINFOnormalsizebaselineskip=\dimen105
\CLASSINFOnormalsizeunitybaselineskip=\dimen106
\IEEEnormaljot=\dimen107
LaTeX Font Info:    Font shape `OT1/ptm/bx/n' in size <5> not available
(Font)              Font shape `OT1/ptm/b/n' tried instead on input line 724.
LaTeX Font Info:    Font shape `OT1/ptm/bx/it' in size <5> not available
(Font)              Font shape `OT1/ptm/b/it' tried instead on input line 724.
LaTeX Font Info:    Font shape `OT1/ptm/bx/n' in size <7> not available
(Font)              Font shape `OT1/ptm/b/n' tried instead on input line 724.
LaTeX Font Info:    Font shape `OT1/ptm/bx/it' in size <7> not available
(Font)              Font shape `OT1/ptm/b/it' tried instead on input line 724.
LaTeX Font Info:    Font shape `OT1/ptm/bx/n' in size <8> not available
(Font)              Font shape `OT1/ptm/b/n' tried instead on input line 724.
LaTeX Font Info:    Font shape `OT1/ptm/bx/it' in size <8> not available
(Font)              Font shape `OT1/ptm/b/it' tried instead on input line 724.
LaTeX Font Info:    Font shape `OT1/ptm/bx/n' in size <9> not available
(Font)              Font shape `OT1/ptm/b/n' tried instead on input line 724.
LaTeX Font Info:    Font shape `OT1/ptm/bx/it' in size <9> not available
(Font)              Font shape `OT1/ptm/b/it' tried instead on input line 724.
LaTeX Font Info:    Font shape `OT1/ptm/bx/n' in size <10> not available
(Font)              Font shape `OT1/ptm/b/n' tried instead on input line 724.
LaTeX Font Info:    Font shape `OT1/ptm/bx/it' in size <10> not available
(Font)              Font shape `OT1/ptm/b/it' tried instead on input line 724.
LaTeX Font Info:    Font shape `OT1/ptm/bx/n' in size <11> not available
(Font)              Font shape `OT1/ptm/b/n' tried instead on input line 724.
LaTeX Font Info:    Font shape `OT1/ptm/bx/it' in size <11> not available
(Font)              Font shape `OT1/ptm/b/it' tried instead on input line 724.
LaTeX Font Info:    Font shape `OT1/ptm/bx/n' in size <12> not available
(Font)              Font shape `OT1/ptm/b/n' tried instead on input line 724.
LaTeX Font Info:    Font shape `OT1/ptm/bx/it' in size <12> not available
(Font)              Font shape `OT1/ptm/b/it' tried instead on input line 724.
LaTeX Font Info:    Font shape `OT1/ptm/bx/n' in size <17> not available
(Font)              Font shape `OT1/ptm/b/n' tried instead on input line 724.
LaTeX Font Info:    Font shape `OT1/ptm/bx/it' in size <17> not available
(Font)              Font shape `OT1/ptm/b/it' tried instead on input line 724.
LaTeX Font Info:    Font shape `OT1/ptm/bx/n' in size <20> not available
(Font)              Font shape `OT1/ptm/b/n' tried instead on input line 724.
LaTeX Font Info:    Font shape `OT1/ptm/bx/it' in size <20> not available
(Font)              Font shape `OT1/ptm/b/it' tried instead on input line 724.
LaTeX Font Info:    Font shape `OT1/ptm/bx/n' in size <24> not available
(Font)              Font shape `OT1/ptm/b/n' tried instead on input line 724.
LaTeX Font Info:    Font shape `OT1/ptm/bx/it' in size <24> not available
(Font)              Font shape `OT1/ptm/b/it' tried instead on input line 724.
\IEEEilabelindentA=\dimen108
\IEEEilabelindentB=\dimen109
\IEEEilabelindent=\dimen110
\IEEEelabelindent=\dimen111
\IEEEdlabelindent=\dimen112
\IEEElabelindent=\dimen113
\IEEEiednormlabelsep=\dimen114
\IEEEiedmathlabelsep=\dimen115
\IEEEiedtopsep=\skip41
\c@section=\count81
\c@subsection=\count82
\c@subsubsection=\count83
\c@paragraph=\count84
\c@IEEEsubequation=\count85
\abovecaptionskip=\skip42
\belowcaptionskip=\skip43
\c@figure=\count86
\c@table=\count87
\@IEEEeqnnumcols=\count88
\@IEEEeqncolcnt=\count89
\@IEEEtmpitemindent=\dimen116
\c@IEEEbiography=\count90
\@IEEEtranrubishbin=\box26
) (D:\CTEX\MiKTeX\tex\latex\psnfss\times.sty
Package: times 2005/04/12 PSNFSS-v9.2a (SPQR) 
)
(D:\CTEX\MiKTeX\tex\latex\amsfonts\amssymb.sty
Package: amssymb 2009/06/22 v3.00

(D:\CTEX\MiKTeX\tex\latex\amsfonts\amsfonts.sty
Package: amsfonts 2009/06/22 v3.00 Basic AMSFonts support
\@emptytoks=\toks15
\symAMSa=\mathgroup4
\symAMSb=\mathgroup5
LaTeX Font Info:    Overwriting math alphabet `\mathfrak' in version `bold'
(Font)                  U/euf/m/n --> U/euf/b/n on input line 96.
))
(D:\CTEX\MiKTeX\tex\latex\ams\math\amsmath.sty
Package: amsmath 2000/07/18 v2.13 AMS math features
\@mathmargin=\skip44

For additional information on amsmath, use the `?' option.
(D:\CTEX\MiKTeX\tex\latex\ams\math\amstext.sty
Package: amstext 2000/06/29 v2.01

(D:\CTEX\MiKTeX\tex\latex\ams\math\amsgen.sty
File: amsgen.sty 1999/11/30 v2.0
\@emptytoks=\toks16
\ex@=\dimen117
))
(D:\CTEX\MiKTeX\tex\latex\ams\math\amsbsy.sty
Package: amsbsy 1999/11/29 v1.2d
\pmbraise@=\dimen118
)
(D:\CTEX\MiKTeX\tex\latex\ams\math\amsopn.sty
Package: amsopn 1999/12/14 v2.01 operator names
)
\inf@bad=\count91
LaTeX Info: Redefining \frac on input line 211.
\uproot@=\count92
\leftroot@=\count93
LaTeX Info: Redefining \overline on input line 307.
\classnum@=\count94
\DOTSCASE@=\count95
LaTeX Info: Redefining \ldots on input line 379.
LaTeX Info: Redefining \dots on input line 382.
LaTeX Info: Redefining \cdots on input line 467.
\Mathstrutbox@=\box27
\strutbox@=\box28
\big@size=\dimen119
LaTeX Font Info:    Redeclaring font encoding OML on input line 567.
LaTeX Font Info:    Redeclaring font encoding OMS on input line 568.
\macc@depth=\count96
\c@MaxMatrixCols=\count97
\dotsspace@=\muskip10
\c@parentequation=\count98
\dspbrk@lvl=\count99
\tag@help=\toks17
\row@=\count100
\column@=\count101
\maxfields@=\count102
\andhelp@=\toks18
\eqnshift@=\dimen120
\alignsep@=\dimen121
\tagshift@=\dimen122
\tagwidth@=\dimen123
\totwidth@=\dimen124
\lineht@=\dimen125
\@envbody=\toks19
\multlinegap=\skip45
\multlinetaggap=\skip46
\mathdisplay@stack=\toks20
LaTeX Info: Redefining \[ on input line 2666.
LaTeX Info: Redefining \] on input line 2667.
)
(D:\CTEX\MiKTeX\tex\latex\graphics\graphicx.sty
Package: graphicx 1999/02/16 v1.0f Enhanced LaTeX Graphics (DPC,SPQR)

(D:\CTEX\MiKTeX\tex\latex\graphics\keyval.sty
Package: keyval 1999/03/16 v1.13 key=value parser (DPC)
\KV@toks@=\toks21
)
(D:\CTEX\MiKTeX\tex\latex\graphics\graphics.sty
Package: graphics 2009/02/05 v1.0o Standard LaTeX Graphics (DPC,SPQR)

(D:\CTEX\MiKTeX\tex\latex\graphics\trig.sty
Package: trig 1999/03/16 v1.09 sin cos tan (DPC)
)
(D:\CTEX\MiKTeX\tex\latex\00miktex\graphics.cfg
File: graphics.cfg 2007/01/18 v1.5 graphics configuration of teTeX/TeXLive
)
Package graphics Info: Driver file: dvips.def on input line 91.

(D:\CTEX\MiKTeX\tex\latex\graphics\dvips.def
File: dvips.def 1999/02/16 v3.0i Driver-dependant file (DPC,SPQR)
))
\Gin@req@height=\dimen126
\Gin@req@width=\dimen127
)
(D:\CTEX\MiKTeX\tex\latex\subfigure\subfigure.sty
Package: subfigure 2002/07/30 v2.1.4 subfigure package
\subfigtopskip=\skip47
\subfigcapskip=\skip48
\subfigcaptopadj=\dimen128
\subfigbottomskip=\skip49
\subfigcapmargin=\dimen129
\subfiglabelskip=\skip50
\c@subfigure=\count103
\c@lofdepth=\count104
\c@subtable=\count105
\c@lotdepth=\count106

****************************************
* Local config file subfigure.cfg used *
****************************************
(D:\CTEX\MiKTeX\tex\latex\subfigure\subfigure.cfg)
\subfig@top=\skip51
\subfig@bottom=\skip52
)
(D:\CTEX\MiKTeX\tex\latex\cite\cite.sty
LaTeX Info: Redefining \cite on input line 302.
LaTeX Info: Redefining \nocite on input line 373.
Package: cite 2010/09/10  v 5.3
)
(D:\CTEX\MiKTeX\tex\latex\algorithms\algorithm.sty
Package: algorithm 2009/08/24 v0.1 Document Style `algorithm' - floating enviro
nment

(D:\CTEX\MiKTeX\tex\latex\float\float.sty
Package: float 2001/11/08 v1.3d Float enhancements (AL)
\c@float@type=\count107
\float@exts=\toks22
\float@box=\box29
\@float@everytoks=\toks23
\@floatcapt=\box30
)
(D:\CTEX\MiKTeX\tex\latex\base\ifthen.sty
Package: ifthen 2001/05/26 v1.1c Standard LaTeX ifthen package (DPC)
)
\@float@every@algorithm=\toks24
\c@algorithm=\count108
)
(D:\CTEX\MiKTeX\tex\latex\algorithms\algorithmic.sty
Package: algorithmic 2009/08/24 v0.1 Document Style `algorithmic'
\c@ALC@unique=\count109
\c@ALC@line=\count110
\c@ALC@rem=\count111
\c@ALC@depth=\count112
\ALC@tlm=\skip53
\algorithmicindent=\skip54
)
("F:\paper\BloomFilter\SFBF-submitted to TC\titlesec.sty"
Package: titlesec 2007/08/12 v2.8 Sectioning titles
\ttl@box=\box31
\beforetitleunit=\skip55
\aftertitleunit=\skip56
\ttl@plus=\dimen130
\ttl@minus=\dimen131
\ttl@toksa=\toks25
\titlewidth=\dimen132
\titlewidthlast=\dimen133
\titlewidthfirst=\dimen134
)
(D:\CTEX\MiKTeX\tex\latex\multirow\multirow.sty
\bigstrutjot=\dimen135
)
(D:\CTEX\MiKTeX\tex\latex\tools\tabularx.sty
Package: tabularx 1999/01/07 v2.07 `tabularx' package (DPC)

(D:\CTEX\MiKTeX\tex\latex\tools\array.sty
Package: array 2008/09/09 v2.4c Tabular extension package (FMi)
\col@sep=\dimen136
\extrarowheight=\dimen137
\NC@list=\toks26
\extratabsurround=\skip57
\backup@length=\skip58
)
\TX@col@width=\dimen138
\TX@old@table=\dimen139
\TX@old@col=\dimen140
\TX@target=\dimen141
\TX@delta=\dimen142
\TX@cols=\count113
\TX@ftn=\toks27
)
(D:\CTEX\MiKTeX\tex\latex\booktabs\booktabs.sty
Package: booktabs 2005/04/14 v1.61803 publication quality tables
\heavyrulewidth=\dimen143
\lightrulewidth=\dimen144
\cmidrulewidth=\dimen145
\belowrulesep=\dimen146
\belowbottomsep=\dimen147
\aboverulesep=\dimen148
\abovetopsep=\dimen149
\cmidrulesep=\dimen150
\cmidrulekern=\dimen151
\defaultaddspace=\dimen152
\@cmidla=\count114
\@cmidlb=\count115
\@aboverulesep=\dimen153
\@belowrulesep=\dimen154
\@thisruleclass=\count116
\@lastruleclass=\count117
\@thisrulewidth=\dimen155
)
(D:\CTEX\MiKTeX\tex\latex\threeparttable\threeparttable.sty
Package: threeparttable 2003/06/13  v 3.0
\@tempboxb=\box32
)
(D:\CTEX\MiKTeX\tex\latex\ulem\ulem.sty
\UL@box=\box33
\UL@hyphenbox=\box34
\UL@skip=\skip59
\UL@hook=\toks28
\UL@height=\dimen156
\UL@pe=\count118
\UL@pixel=\dimen157
\ULC@box=\box35
Package: ulem 2011/03/18
\ULdepth=\dimen158
)
(D:\CTEX\MiKTeX\tex\latex\ltxmisc\url.sty
\Urlmuskip=\muskip11
Package: url 2006/04/12  ver 3.3  Verb mode for urls, etc.
)
(D:\CTEX\MiKTeX\tex\latex\geometry\geometry.sty
Package: geometry 2010/09/12 v5.6 Page Geometry

(D:\CTEX\MiKTeX\tex\generic\oberdiek\ifpdf.sty
Package: ifpdf 2011/01/30 v2.3 Provides the ifpdf switch (HO)
Package ifpdf Info: pdfTeX in PDF mode is not detected.
)
(D:\CTEX\MiKTeX\tex\generic\oberdiek\ifvtex.sty
Package: ifvtex 2010/03/01 v1.5 Switches for detecting VTeX and its modes (HO)
Package ifvtex Info: VTeX not detected.
)
(D:\CTEX\MiKTeX\tex\generic\ifxetex\ifxetex.sty
Package: ifxetex 2010/09/12 v0.6 Provides ifxetex conditional
)
\Gm@cnth=\count119
\Gm@cntv=\count120
\c@Gm@tempcnt=\count121
\Gm@bindingoffset=\dimen159
\Gm@wd@mp=\dimen160
\Gm@odd@mp=\dimen161
\Gm@even@mp=\dimen162
\Gm@layoutwidth=\dimen163
\Gm@layoutheight=\dimen164
\Gm@layouthoffset=\dimen165
\Gm@layoutvoffset=\dimen166
\Gm@dimlist=\toks29

(D:\CTEX\MiKTeX\tex\latex\geometry\geometry.cfg))
("F:\paper\BloomFilter\SFBF-submitted to TC\SRLG_DisjointPath_Algorithm.aux")
LaTeX Font Info:    Checking defaults for OML/cmm/m/it on input line 43.
LaTeX Font Info:    ... okay on input line 43.
LaTeX Font Info:    Checking defaults for T1/cmr/m/n on input line 43.
LaTeX Font Info:    ... okay on input line 43.
LaTeX Font Info:    Checking defaults for OT1/cmr/m/n on input line 43.
LaTeX Font Info:    ... okay on input line 43.
LaTeX Font Info:    Checking defaults for OMS/cmsy/m/n on input line 43.
LaTeX Font Info:    ... okay on input line 43.
LaTeX Font Info:    Checking defaults for OMX/cmex/m/n on input line 43.
LaTeX Font Info:    ... okay on input line 43.
LaTeX Font Info:    Checking defaults for U/cmr/m/n on input line 43.
LaTeX Font Info:    ... okay on input line 43.

*geometry* driver: auto-detecting
*geometry* detected driver: dvips
*geometry* verbose mode - [ preamble ] result:
* driver: dvips
* paper: letterpaper
* layout: <same size as paper>
* layoutoffset:(h,v)=(0.0pt,0.0pt)
* modes: 
* h-part:(L,W,R)=(42.67912pt, 528.93675pt, 42.67912pt)
* v-part:(T,H,B)=(42.67912pt, 708.18901pt, 44.10185pt)
* \paperwidth=614.295pt
* \paperheight=794.96999pt
* \textwidth=528.93675pt
* \textheight=708.18901pt
* \oddsidemargin=-29.59087pt
* \evensidemargin=-29.59087pt
* \topmargin=-59.65836pt
* \headheight=12.0pt
* \headsep=18.06749pt
* \topskip=12.0pt
* \footskip=28.90755pt
* \marginparwidth=20.0pt
* \marginparsep=10.0pt
* \columnsep=12.0pt
* \skip\footins=10.79993pt plus 4.79993pt minus 2.39996pt
* \hoffset=0.0pt
* \voffset=0.0pt
* \mag=1000
* \@twocolumntrue
* \@twosidefalse
* \@mparswitchfalse
* \@reversemarginfalse
* (1in=72.27pt=25.4mm, 1cm=28.453pt)

LaTeX Font Info:    Calculating math sizes for size <11> on input line 47.
LaTeX Font Info:    Try loading font information for U+msa on input line 47.
(D:\CTEX\MiKTeX\tex\latex\amsfonts\umsa.fd
File: umsa.fd 2009/06/22 v3.00 AMS symbols A
)
LaTeX Font Info:    Try loading font information for U+msb on input line 47.

(D:\CTEX\MiKTeX\tex\latex\amsfonts\umsb.fd
File: umsb.fd 2009/06/22 v3.00 AMS symbols B
)
Missing character: There is no Î in font ptmr7t!
Missing character: There is no Ê in font ptmr7t!
Missing character: There is no Ì in font ptmr7t!
Missing character: There is no â in font ptmr7t!
Missing character: There is no µ in font ptmr7t!
Missing character: There is no Ä in font ptmr7t!
Missing character: There is no Ó in font ptmr7t!
Missing character: There is no É in font ptmr7t!
Missing character: There is no À in font ptmr7t!
Missing character: There is no ´ in font ptmr7t!
Missing character: There is no £ in font ptmr7t!
Missing character: There is no º in font ptmr7t!
Missing character: There is no Â in font ptmr7t!
Missing character: There is no · in font ptmr7t!
Missing character: There is no Ó in font ptmr7t!
Missing character: There is no É in font ptmr7t!
Missing character: There is no ¿ in font ptmr7t!
Missing character: There is no É in font ptmr7t!
Missing character: There is no É in font ptmr7t!
Missing character: There is no ú in font ptmr7t!
Missing character: There is no ´ in font ptmr7t!
Missing character: There is no æ in font ptmr7t!
Missing character: There is no Ð in font ptmr7t!
Missing character: There is no Ô in font ptmr7t!
Missing character: There is no Î in font ptmr7t!
Missing character: There is no Ê in font ptmr7t!
Missing character: There is no Ì in font ptmr7t!
Missing character: There is no â in font ptmr7t!
Missing character: There is no £ in font ptmr7t!
Missing character: There is no ¬ in font ptmr7t!
Missing character: There is no Î in font ptmr7t!
Missing character: There is no Ê in font ptmr7t!
Missing character: There is no Ì in font ptmr7t!
Missing character: There is no â in font ptmr7t!
Missing character: There is no £ in font ptmr7t!
Missing character: There is no ¬ in font ptmr7t!
Missing character: There is no Î in font ptmr7t!
Missing character: There is no Ê in font ptmr7t!
Missing character: There is no Ì in font ptmr7t!
Missing character: There is no â in font ptmr7t!
Missing character: There is no µ in font ptmr7t!
Missing character: There is no Ä in font ptmr7t!
Missing character: There is no ¸ in font ptmr7t!
Missing character: There is no ´ in font ptmr7t!
Missing character: There is no Ô in font ptmr7t!
Missing character: There is no Ó in font ptmr7t!
Missing character: There is no ¶ in font ptmr7t!
Missing character: There is no È in font ptmr7t!
Missing character: There is no £ in font ptmr7t!
Missing character: There is no ¨ in font ptmr7t!
Missing character: There is no Î in font ptmr7t!
Missing character: There is no Ê in font ptmr7t!
Missing character: There is no Ì in font ptmr7t!
Missing character: There is no â in font ptmr7t!
Missing character: There is no £ in font ptmr7t!
Missing character: There is no © in font ptmr7t!
Missing character: There is no ¡ in font ptmr7t!
Missing character: There is no ° in font ptmr7t!
Missing character: There is no ¡ in font ptmr7t!
Missing character: There is no ± in font ptmr7t!
Missing character: There is no ¨ in font ptmr7t!
Missing character: There is no ¡ in font ptmr7t!
Missing character: There is no ° in font ptmr7t!
Missing character: There is no ¡ in font ptmr7t!
Missing character: There is no ± in font ptmr7t!
Missing character: There is no ¨ in font ptmr7t!
Missing character: There is no ¡ in font ptmr7t!
Missing character: There is no ® in font ptmr7t!
File: franz/Initial_Graph.eps Graphic file (type eps)
 <franz/Initial_Graph.eps>
Overfull \hbox (55.90657pt too wide) in paragraph at lines 123--124
 [][][] 
 []

[1


]
Missing character: There is no ¡ in font ptmr7t!
Missing character: There is no ° in font ptmr7t!
Missing character: There is no ¡ in font ptmr7t!
Missing character: There is no ± in font ptmr7t!
LaTeX Font Info:    Try loading font information for OMS+ptm on input line 131.

 (D:\CTEX\MiKTeX\tex\latex\psnfss\omsptm.fd
File: omsptm.fd 
)
LaTeX Font Info:    Font shape `OMS/ptm/m/n' in size <10> not available
(Font)              Font shape `OMS/cmsy/m/n' tried instead on input line 131.
Missing character: There is no ¡ in font ptmr7t!
Missing character: There is no ° in font ptmr7t!
Missing character: There is no ¡ in font ptmr7t!
Missing character: There is no ± in font ptmr7t!
Missing character: There is no e in font msbm10!
Missing character: There is no e in font msbm10!
Missing character: There is no e in font msbm10!
Missing character: There is no e in font msbm10!
Missing character: There is no e in font msbm10!
Missing character: There is no e in font msbm10!
Missing character: There is no e in font msbm10!
Missing character: There is no e in font msbm10!
Missing character: There is no e in font msbm10!
Missing character: There is no e in font msbm10!
Missing character: There is no e in font msbm10!
Missing character: There is no e in font msbm10!
Missing character: There is no e in font msbm10!
Missing character: There is no e in font msbm10!
Missing character: There is no e in font msbm10!
Missing character: There is no e in font msbm10!
Missing character: There is no e in font msbm10!
Missing character: There is no e in font msbm10!
Missing character: There is no e in font msbm10!
Missing character: There is no e in font msbm10!
Missing character: There is no e in font msbm10!
Missing character: There is no e in font msbm10!
Missing character: There is no e in font msbm10!
Missing character: There is no e in font msbm10!
Missing character: There is no e in font msbm10!
Missing character: There is no e in font msbm10!
Missing character: There is no e in font msbm10!
Missing character: There is no e in font msbm10!

Underfull \hbox (badness 2126) in paragraph at lines 142--143
[][]\OT1/ptm/m/n/10 In gen-er-al, giv-en a con-flict-ing S-RL-G(shared risk lin
k
 []


Underfull \hbox (badness 3229) in paragraph at lines 142--143
\OT1/ptm/m/n/10 group) link set $\OMS/cmsy/m/n/10 j\OML/cmm/m/it/10 T\OMS/cmsy/
m/n/10 j \OT1/cmr/m/n/10 = \OMS/cmsy/m/n/10 f\OML/cmm/m/it/10 e[]; e[]; []  ; e
\OMS/cmsy/m/n/10 j\OML/cmm/m/it/10 T\OMS/cmsy/m/n/10 jg$\OT1/ptm/m/n/10 , the o
-rig-i-nal
 []


Underfull \hbox (badness 2452) in paragraph at lines 142--143
\OT1/ptm/m/n/10 Min-Min prob-lem can be first di-vid-ed in-to the fol-low-
 []


Underfull \hbox (badness 1721) in paragraph at lines 142--143
\OT1/ptm/m/n/10 ing subproblems,$[]$,$[]$,$[] $,$[]$.In oth-er
 []

[2] [3

]
("F:\paper\BloomFilter\SFBF-submitted to TC\SRLG_DisjointPath_Algorithm.aux") )
 
Here is how much of TeX's memory you used:
 3749 strings out of 495355
 51287 string characters out of 3183881
 119826 words of memory out of 3000000
 6864 multiletter control sequences out of 15000+200000
 30908 words of font info for 79 fonts, out of 3000000 for 9000
 14 hyphenation exceptions out of 8191
 27i,5n,27p,3798b,242s stack positions out of 5000i,500n,10000p,200000b,50000s

Output written on SRLG_DisjointPath_Algorithm.dvi (3 pages, 20220 bytes).
